2020-09-29 16:05:10 INFO  restartedMain com.hzy.manager.ManagerApplication Starting ManagerApplication on LAPTOP-9DJTMSIR with PID 24976 (D:\hzyJava\hzysystem\target\classes started by viz in D:\hzyJava\hzysystem)
2020-09-29 16:05:10 INFO  restartedMain com.hzy.manager.ManagerApplication The following profiles are active: dev
2020-09-29 16:05:10 INFO  restartedMain org.springframework.boot.devtools.env.DevToolsPropertyDefaultsPostProcessor Devtools property defaults active! Set 'spring.devtools.add-properties' to 'false' to disable
2020-09-29 16:05:10 INFO  restartedMain org.springframework.boot.devtools.env.DevToolsPropertyDefaultsPostProcessor For additional web related logging consider setting the 'logging.level.web' property to 'DEBUG'
2020-09-29 16:05:11 INFO  restartedMain org.springframework.data.repository.config.RepositoryConfigurationDelegate Multiple Spring Data modules found, entering strict repository configuration mode!
2020-09-29 16:05:11 INFO  restartedMain org.springframework.data.repository.config.RepositoryConfigurationDelegate Bootstrapping Spring Data Redis repositories in DEFAULT mode.
2020-09-29 16:05:11 INFO  restartedMain org.springframework.data.repository.config.RepositoryConfigurationDelegate Finished Spring Data repository scanning in 18ms. Found 0 Redis repository interfaces.
2020-09-29 16:05:12 INFO  restartedMain org.springframework.boot.web.embedded.tomcat.TomcatWebServer Tomcat initialized with port(s): 8100 (http)
2020-09-29 16:05:12 INFO  restartedMain org.apache.coyote.http11.Http11NioProtocol Initializing ProtocolHandler ["http-nio-8100"]
2020-09-29 16:05:12 INFO  restartedMain org.apache.catalina.core.StandardService Starting service [Tomcat]
2020-09-29 16:05:12 INFO  restartedMain org.apache.catalina.core.StandardEngine Starting Servlet engine: [Apache Tomcat/9.0.36]
2020-09-29 16:05:12 INFO  restartedMain org.apache.catalina.core.ContainerBase.[Tomcat].[localhost].[/] Initializing Spring embedded WebApplicationContext
2020-09-29 16:05:12 INFO  restartedMain org.springframework.boot.web.servlet.context.ServletWebServerApplicationContext Root WebApplicationContext: initialization completed in 1515 ms
2020-09-29 16:05:13 INFO  restartedMain springfox.documentation.spring.web.PropertySourcedRequestMappingHandlerMapping Mapped URL path [/v2/api-docs] onto method [springfox.documentation.swagger2.web.Swagger2Controller#getDocumentation(String, HttpServletRequest)]
2020-09-29 16:05:13 INFO  restartedMain org.springframework.scheduling.concurrent.ThreadPoolTaskExecutor Initializing ExecutorService 'applicationTaskExecutor'
2020-09-29 16:05:13 INFO  restartedMain org.springframework.boot.devtools.autoconfigure.OptionalLiveReloadServer LiveReload server is running on port 35729
2020-09-29 16:05:13 INFO  restartedMain org.apache.coyote.http11.Http11NioProtocol Starting ProtocolHandler ["http-nio-8100"]
2020-09-29 16:05:13 INFO  restartedMain org.springframework.boot.web.embedded.tomcat.TomcatWebServer Tomcat started on port(s): 8100 (http) with context path ''
2020-09-29 16:05:13 INFO  restartedMain springfox.documentation.spring.web.plugins.DocumentationPluginsBootstrapper Context refreshed
2020-09-29 16:05:13 INFO  restartedMain springfox.documentation.spring.web.plugins.DocumentationPluginsBootstrapper Found 1 custom documentation plugin(s)
2020-09-29 16:05:13 INFO  restartedMain springfox.documentation.spring.web.scanners.ApiListingReferenceScanner Scanning for api listing references
2020-09-29 16:05:13 INFO  restartedMain springfox.documentation.spring.web.readers.operation.CachingOperationNameGenerator Generating unique operation named: addDeptUsingPOST_1
2020-09-29 16:05:13 INFO  restartedMain springfox.documentation.spring.web.readers.operation.CachingOperationNameGenerator Generating unique operation named: updateDeptByIdUsingPUT_1
2020-09-29 16:05:13 INFO  restartedMain springfox.documentation.spring.web.readers.operation.CachingOperationNameGenerator Generating unique operation named: updateDeptByIdUsingPUT_2
2020-09-29 16:05:13 INFO  restartedMain com.hzy.manager.ManagerApplication Started ManagerApplication in 3.659 seconds (JVM running for 5.516)
2020-09-29 16:09:30 INFO  http-nio-8100-exec-2 org.apache.catalina.core.ContainerBase.[Tomcat].[localhost].[/] Initializing Spring DispatcherServlet 'dispatcherServlet'
2020-09-29 16:09:30 INFO  http-nio-8100-exec-2 org.springframework.web.servlet.DispatcherServlet Initializing Servlet 'dispatcherServlet'
2020-09-29 16:09:30 INFO  http-nio-8100-exec-2 org.springframework.web.servlet.DispatcherServlet Completed initialization in 9 ms
2020-09-29 16:09:30 INFO  http-nio-8100-exec-2 com.alibaba.druid.pool.DruidDataSource {dataSource-1} inited
2020-09-29 16:30:49 INFO  restartedMain com.hzy.manager.ManagerApplication Starting ManagerApplication on LAPTOP-9DJTMSIR with PID 24904 (D:\hzyJava\hzysystem\target\classes started by viz in D:\hzyJava\hzysystem)
2020-09-29 16:30:49 INFO  restartedMain com.hzy.manager.ManagerApplication The following profiles are active: dev
2020-09-29 16:30:49 INFO  restartedMain org.springframework.boot.devtools.env.DevToolsPropertyDefaultsPostProcessor Devtools property defaults active! Set 'spring.devtools.add-properties' to 'false' to disable
2020-09-29 16:30:49 INFO  restartedMain org.springframework.boot.devtools.env.DevToolsPropertyDefaultsPostProcessor For additional web related logging consider setting the 'logging.level.web' property to 'DEBUG'
2020-09-29 16:30:50 INFO  restartedMain org.springframework.data.repository.config.RepositoryConfigurationDelegate Multiple Spring Data modules found, entering strict repository configuration mode!
2020-09-29 16:30:50 INFO  restartedMain org.springframework.data.repository.config.RepositoryConfigurationDelegate Bootstrapping Spring Data Redis repositories in DEFAULT mode.
2020-09-29 16:30:50 INFO  restartedMain org.springframework.data.repository.config.RepositoryConfigurationDelegate Finished Spring Data repository scanning in 18ms. Found 0 Redis repository interfaces.
2020-09-29 16:30:50 INFO  restartedMain org.springframework.boot.web.embedded.tomcat.TomcatWebServer Tomcat initialized with port(s): 8100 (http)
2020-09-29 16:30:50 INFO  restartedMain org.apache.coyote.http11.Http11NioProtocol Initializing ProtocolHandler ["http-nio-8100"]
2020-09-29 16:30:50 INFO  restartedMain org.apache.catalina.core.StandardService Starting service [Tomcat]
2020-09-29 16:30:50 INFO  restartedMain org.apache.catalina.core.StandardEngine Starting Servlet engine: [Apache Tomcat/9.0.36]
2020-09-29 16:30:50 INFO  restartedMain org.apache.catalina.core.ContainerBase.[Tomcat].[localhost].[/] Initializing Spring embedded WebApplicationContext
2020-09-29 16:30:50 INFO  restartedMain org.springframework.boot.web.servlet.context.ServletWebServerApplicationContext Root WebApplicationContext: initialization completed in 1410 ms
2020-09-29 16:30:51 INFO  restartedMain springfox.documentation.spring.web.PropertySourcedRequestMappingHandlerMapping Mapped URL path [/v2/api-docs] onto method [springfox.documentation.swagger2.web.Swagger2Controller#getDocumentation(String, HttpServletRequest)]
2020-09-29 16:30:51 INFO  restartedMain org.springframework.scheduling.concurrent.ThreadPoolTaskExecutor Initializing ExecutorService 'applicationTaskExecutor'
2020-09-29 16:30:51 INFO  restartedMain org.springframework.boot.devtools.autoconfigure.OptionalLiveReloadServer LiveReload server is running on port 35729
2020-09-29 16:30:52 INFO  restartedMain org.apache.coyote.http11.Http11NioProtocol Starting ProtocolHandler ["http-nio-8100"]
2020-09-29 16:30:52 INFO  restartedMain org.springframework.boot.web.embedded.tomcat.TomcatWebServer Tomcat started on port(s): 8100 (http) with context path ''
2020-09-29 16:30:52 INFO  restartedMain springfox.documentation.spring.web.plugins.DocumentationPluginsBootstrapper Context refreshed
2020-09-29 16:30:52 INFO  restartedMain springfox.documentation.spring.web.plugins.DocumentationPluginsBootstrapper Found 1 custom documentation plugin(s)
2020-09-29 16:30:52 INFO  restartedMain springfox.documentation.spring.web.scanners.ApiListingReferenceScanner Scanning for api listing references
2020-09-29 16:30:52 INFO  restartedMain springfox.documentation.spring.web.readers.operation.CachingOperationNameGenerator Generating unique operation named: addDeptUsingPOST_1
2020-09-29 16:30:52 INFO  restartedMain springfox.documentation.spring.web.readers.operation.CachingOperationNameGenerator Generating unique operation named: updateDeptByIdUsingPUT_1
2020-09-29 16:30:52 INFO  restartedMain springfox.documentation.spring.web.readers.operation.CachingOperationNameGenerator Generating unique operation named: updateDeptByIdUsingPUT_2
2020-09-29 16:30:52 INFO  restartedMain com.hzy.manager.ManagerApplication Started ManagerApplication in 3.358 seconds (JVM running for 4.809)
2020-09-29 16:31:00 INFO  http-nio-8100-exec-1 org.apache.catalina.core.ContainerBase.[Tomcat].[localhost].[/] Initializing Spring DispatcherServlet 'dispatcherServlet'
2020-09-29 16:31:00 INFO  http-nio-8100-exec-1 org.springframework.web.servlet.DispatcherServlet Initializing Servlet 'dispatcherServlet'
2020-09-29 16:31:00 INFO  http-nio-8100-exec-1 org.springframework.web.servlet.DispatcherServlet Completed initialization in 5 ms
2020-09-29 16:31:00 INFO  http-nio-8100-exec-1 com.hzy.manager.config.TokenInterceptor 前端请求的token:null
2020-09-29 16:31:11 INFO  http-nio-8100-exec-2 com.hzy.manager.config.TokenInterceptor 前端请求的token:null
2020-09-29 16:31:11 INFO  http-nio-8100-exec-7 com.hzy.manager.config.TokenInterceptor 前端请求的token:null
2020-09-29 16:33:25 INFO  restartedMain com.hzy.manager.ManagerApplication Starting ManagerApplication on LAPTOP-9DJTMSIR with PID 9328 (D:\hzyJava\hzysystem\target\classes started by viz in D:\hzyJava\hzysystem)
2020-09-29 16:33:25 INFO  restartedMain com.hzy.manager.ManagerApplication The following profiles are active: dev
2020-09-29 16:33:25 INFO  restartedMain org.springframework.boot.devtools.env.DevToolsPropertyDefaultsPostProcessor Devtools property defaults active! Set 'spring.devtools.add-properties' to 'false' to disable
2020-09-29 16:33:25 INFO  restartedMain org.springframework.boot.devtools.env.DevToolsPropertyDefaultsPostProcessor For additional web related logging consider setting the 'logging.level.web' property to 'DEBUG'
2020-09-29 16:33:26 INFO  restartedMain org.springframework.data.repository.config.RepositoryConfigurationDelegate Multiple Spring Data modules found, entering strict repository configuration mode!
2020-09-29 16:33:26 INFO  restartedMain org.springframework.data.repository.config.RepositoryConfigurationDelegate Bootstrapping Spring Data Redis repositories in DEFAULT mode.
2020-09-29 16:33:26 INFO  restartedMain org.springframework.data.repository.config.RepositoryConfigurationDelegate Finished Spring Data repository scanning in 18ms. Found 0 Redis repository interfaces.
2020-09-29 16:33:26 INFO  restartedMain org.springframework.boot.web.embedded.tomcat.TomcatWebServer Tomcat initialized with port(s): 8100 (http)
2020-09-29 16:33:26 INFO  restartedMain org.apache.coyote.http11.Http11NioProtocol Initializing ProtocolHandler ["http-nio-8100"]
2020-09-29 16:33:26 INFO  restartedMain org.apache.catalina.core.StandardService Starting service [Tomcat]
2020-09-29 16:33:26 INFO  restartedMain org.apache.catalina.core.StandardEngine Starting Servlet engine: [Apache Tomcat/9.0.36]
2020-09-29 16:33:27 INFO  restartedMain org.apache.catalina.core.ContainerBase.[Tomcat].[localhost].[/] Initializing Spring embedded WebApplicationContext
2020-09-29 16:33:27 INFO  restartedMain org.springframework.boot.web.servlet.context.ServletWebServerApplicationContext Root WebApplicationContext: initialization completed in 1447 ms
2020-09-29 16:33:28 INFO  restartedMain springfox.documentation.spring.web.PropertySourcedRequestMappingHandlerMapping Mapped URL path [/v2/api-docs] onto method [springfox.documentation.swagger2.web.Swagger2Controller#getDocumentation(String, HttpServletRequest)]
2020-09-29 16:33:28 INFO  restartedMain org.springframework.scheduling.concurrent.ThreadPoolTaskExecutor Initializing ExecutorService 'applicationTaskExecutor'
2020-09-29 16:33:28 INFO  restartedMain org.springframework.boot.devtools.autoconfigure.OptionalLiveReloadServer LiveReload server is running on port 35729
2020-09-29 16:33:28 INFO  restartedMain org.apache.coyote.http11.Http11NioProtocol Starting ProtocolHandler ["http-nio-8100"]
2020-09-29 16:33:28 INFO  restartedMain org.springframework.boot.web.embedded.tomcat.TomcatWebServer Tomcat started on port(s): 8100 (http) with context path ''
2020-09-29 16:33:28 INFO  restartedMain springfox.documentation.spring.web.plugins.DocumentationPluginsBootstrapper Context refreshed
2020-09-29 16:33:28 INFO  restartedMain springfox.documentation.spring.web.plugins.DocumentationPluginsBootstrapper Found 1 custom documentation plugin(s)
2020-09-29 16:33:28 INFO  restartedMain springfox.documentation.spring.web.scanners.ApiListingReferenceScanner Scanning for api listing references
2020-09-29 16:33:28 INFO  restartedMain springfox.documentation.spring.web.readers.operation.CachingOperationNameGenerator Generating unique operation named: addDeptUsingPOST_1
2020-09-29 16:33:28 INFO  restartedMain springfox.documentation.spring.web.readers.operation.CachingOperationNameGenerator Generating unique operation named: updateDeptByIdUsingPUT_1
2020-09-29 16:33:28 INFO  restartedMain springfox.documentation.spring.web.readers.operation.CachingOperationNameGenerator Generating unique operation named: updateDeptByIdUsingPUT_2
2020-09-29 16:33:28 INFO  restartedMain com.hzy.manager.ManagerApplication Started ManagerApplication in 3.437 seconds (JVM running for 4.925)
2020-09-29 16:33:34 INFO  http-nio-8100-exec-1 org.apache.catalina.core.ContainerBase.[Tomcat].[localhost].[/] Initializing Spring DispatcherServlet 'dispatcherServlet'
2020-09-29 16:33:34 INFO  http-nio-8100-exec-1 org.springframework.web.servlet.DispatcherServlet Initializing Servlet 'dispatcherServlet'
2020-09-29 16:33:34 INFO  http-nio-8100-exec-1 org.springframework.web.servlet.DispatcherServlet Completed initialization in 5 ms
2020-09-29 16:33:34 INFO  http-nio-8100-exec-2 com.hzy.manager.config.TokenInterceptor 前端请求的token:null
2020-09-29 16:33:34 INFO  http-nio-8100-exec-10 com.hzy.manager.config.TokenInterceptor 前端请求的token:null
2020-09-29 16:41:26 INFO  main com.hzy.manager.ManagerApplicationTests Starting ManagerApplicationTests on LAPTOP-9DJTMSIR with PID 8052 (started by viz in D:\hzyJava\hzysystem)
2020-09-29 16:41:26 INFO  main com.hzy.manager.ManagerApplicationTests The following profiles are active: test
2020-09-29 16:41:27 INFO  main org.springframework.data.repository.config.RepositoryConfigurationDelegate Multiple Spring Data modules found, entering strict repository configuration mode!
2020-09-29 16:41:27 INFO  main org.springframework.data.repository.config.RepositoryConfigurationDelegate Bootstrapping Spring Data Redis repositories in DEFAULT mode.
2020-09-29 16:41:27 INFO  main org.springframework.data.repository.config.RepositoryConfigurationDelegate Finished Spring Data repository scanning in 29ms. Found 0 Redis repository interfaces.
2020-09-29 16:41:29 INFO  main springfox.documentation.spring.web.PropertySourcedRequestMappingHandlerMapping Mapped URL path [/v2/api-docs] onto method [springfox.documentation.swagger2.web.Swagger2Controller#getDocumentation(String, HttpServletRequest)]
2020-09-29 16:41:30 INFO  main org.springframework.scheduling.concurrent.ThreadPoolTaskExecutor Initializing ExecutorService 'applicationTaskExecutor'
2020-09-29 16:41:30 INFO  main springfox.documentation.spring.web.plugins.DocumentationPluginsBootstrapper Context refreshed
2020-09-29 16:41:30 INFO  main springfox.documentation.spring.web.plugins.DocumentationPluginsBootstrapper Found 1 custom documentation plugin(s)
2020-09-29 16:41:30 INFO  main springfox.documentation.spring.web.scanners.ApiListingReferenceScanner Scanning for api listing references
2020-09-29 16:41:30 INFO  main springfox.documentation.spring.web.readers.operation.CachingOperationNameGenerator Generating unique operation named: addDeptUsingPOST_1
2020-09-29 16:41:30 INFO  main springfox.documentation.spring.web.readers.operation.CachingOperationNameGenerator Generating unique operation named: updateDeptByIdUsingPUT_1
2020-09-29 16:41:31 INFO  main springfox.documentation.spring.web.readers.operation.CachingOperationNameGenerator Generating unique operation named: updateDeptByIdUsingPUT_2
2020-09-29 16:41:31 INFO  main com.hzy.manager.ManagerApplicationTests Started ManagerApplicationTests in 5.368 seconds (JVM running for 6.434)
2020-09-29 16:41:33 INFO  main com.alibaba.druid.pool.DruidDataSource {dataSource-1} inited
2020-09-29 16:41:35 INFO  SpringContextShutdownHook org.springframework.scheduling.concurrent.ThreadPoolTaskExecutor Shutting down ExecutorService 'applicationTaskExecutor'
2020-09-29 16:41:35 INFO  SpringContextShutdownHook com.alibaba.druid.pool.DruidDataSource {dataSource-1} closed
2020-09-29 16:43:09 INFO  main com.hzy.manager.ManagerApplicationTests Starting ManagerApplicationTests on LAPTOP-9DJTMSIR with PID 24160 (started by viz in D:\hzyJava\hzysystem)
2020-09-29 16:43:09 INFO  main com.hzy.manager.ManagerApplicationTests The following profiles are active: test
2020-09-29 16:43:10 INFO  main org.springframework.data.repository.config.RepositoryConfigurationDelegate Multiple Spring Data modules found, entering strict repository configuration mode!
2020-09-29 16:43:10 INFO  main org.springframework.data.repository.config.RepositoryConfigurationDelegate Bootstrapping Spring Data Redis repositories in DEFAULT mode.
2020-09-29 16:43:10 INFO  main org.springframework.data.repository.config.RepositoryConfigurationDelegate Finished Spring Data repository scanning in 23ms. Found 0 Redis repository interfaces.
2020-09-29 16:43:13 INFO  main springfox.documentation.spring.web.PropertySourcedRequestMappingHandlerMapping Mapped URL path [/v2/api-docs] onto method [springfox.documentation.swagger2.web.Swagger2Controller#getDocumentation(String, HttpServletRequest)]
2020-09-29 16:43:13 INFO  main org.springframework.scheduling.concurrent.ThreadPoolTaskExecutor Initializing ExecutorService 'applicationTaskExecutor'
2020-09-29 16:43:14 INFO  main springfox.documentation.spring.web.plugins.DocumentationPluginsBootstrapper Context refreshed
2020-09-29 16:43:14 INFO  main springfox.documentation.spring.web.plugins.DocumentationPluginsBootstrapper Found 1 custom documentation plugin(s)
2020-09-29 16:43:14 INFO  main springfox.documentation.spring.web.scanners.ApiListingReferenceScanner Scanning for api listing references
2020-09-29 16:43:14 INFO  main springfox.documentation.spring.web.readers.operation.CachingOperationNameGenerator Generating unique operation named: addDeptUsingPOST_1
2020-09-29 16:43:14 INFO  main springfox.documentation.spring.web.readers.operation.CachingOperationNameGenerator Generating unique operation named: updateDeptByIdUsingPUT_1
2020-09-29 16:43:14 INFO  main springfox.documentation.spring.web.readers.operation.CachingOperationNameGenerator Generating unique operation named: updateDeptByIdUsingPUT_2
2020-09-29 16:43:14 INFO  main com.hzy.manager.ManagerApplicationTests Started ManagerApplicationTests in 5.486 seconds (JVM running for 6.485)
2020-09-29 16:43:17 INFO  main com.alibaba.druid.pool.DruidDataSource {dataSource-1} inited
2020-09-29 16:43:18 INFO  SpringContextShutdownHook org.springframework.scheduling.concurrent.ThreadPoolTaskExecutor Shutting down ExecutorService 'applicationTaskExecutor'
2020-09-29 16:43:18 INFO  SpringContextShutdownHook com.alibaba.druid.pool.DruidDataSource {dataSource-1} closed
2020-09-29 16:51:52 INFO  restartedMain com.hzy.manager.ManagerApplication Starting ManagerApplication on LAPTOP-9DJTMSIR with PID 26616 (D:\hzyJava\hzysystem\target\classes started by viz in D:\hzyJava\hzysystem)
2020-09-29 16:51:52 INFO  restartedMain com.hzy.manager.ManagerApplication The following profiles are active: dev
2020-09-29 16:51:52 INFO  restartedMain org.springframework.boot.devtools.env.DevToolsPropertyDefaultsPostProcessor Devtools property defaults active! Set 'spring.devtools.add-properties' to 'false' to disable
2020-09-29 16:51:52 INFO  restartedMain org.springframework.boot.devtools.env.DevToolsPropertyDefaultsPostProcessor For additional web related logging consider setting the 'logging.level.web' property to 'DEBUG'
2020-09-29 16:51:53 INFO  restartedMain org.springframework.data.repository.config.RepositoryConfigurationDelegate Multiple Spring Data modules found, entering strict repository configuration mode!
2020-09-29 16:51:53 INFO  restartedMain org.springframework.data.repository.config.RepositoryConfigurationDelegate Bootstrapping Spring Data Redis repositories in DEFAULT mode.
2020-09-29 16:51:53 INFO  restartedMain org.springframework.data.repository.config.RepositoryConfigurationDelegate Finished Spring Data repository scanning in 18ms. Found 0 Redis repository interfaces.
2020-09-29 16:51:54 INFO  restartedMain org.springframework.boot.web.embedded.tomcat.TomcatWebServer Tomcat initialized with port(s): 8100 (http)
2020-09-29 16:51:54 INFO  restartedMain org.apache.coyote.http11.Http11NioProtocol Initializing ProtocolHandler ["http-nio-8100"]
2020-09-29 16:51:54 INFO  restartedMain org.apache.catalina.core.StandardService Starting service [Tomcat]
2020-09-29 16:51:54 INFO  restartedMain org.apache.catalina.core.StandardEngine Starting Servlet engine: [Apache Tomcat/9.0.36]
2020-09-29 16:51:54 INFO  restartedMain org.apache.catalina.core.ContainerBase.[Tomcat].[localhost].[/] Initializing Spring embedded WebApplicationContext
2020-09-29 16:51:54 INFO  restartedMain org.springframework.boot.web.servlet.context.ServletWebServerApplicationContext Root WebApplicationContext: initialization completed in 1557 ms
2020-09-29 16:51:55 INFO  restartedMain springfox.documentation.spring.web.PropertySourcedRequestMappingHandlerMapping Mapped URL path [/v2/api-docs] onto method [springfox.documentation.swagger2.web.Swagger2Controller#getDocumentation(String, HttpServletRequest)]
2020-09-29 16:51:55 INFO  restartedMain org.springframework.scheduling.concurrent.ThreadPoolTaskExecutor Initializing ExecutorService 'applicationTaskExecutor'
2020-09-29 16:51:55 INFO  restartedMain org.springframework.boot.devtools.autoconfigure.OptionalLiveReloadServer LiveReload server is running on port 35729
2020-09-29 16:51:55 INFO  restartedMain org.apache.coyote.http11.Http11NioProtocol Starting ProtocolHandler ["http-nio-8100"]
2020-09-29 16:51:55 INFO  restartedMain org.springframework.boot.web.embedded.tomcat.TomcatWebServer Tomcat started on port(s): 8100 (http) with context path ''
2020-09-29 16:51:55 INFO  restartedMain springfox.documentation.spring.web.plugins.DocumentationPluginsBootstrapper Context refreshed
2020-09-29 16:51:55 INFO  restartedMain springfox.documentation.spring.web.plugins.DocumentationPluginsBootstrapper Found 1 custom documentation plugin(s)
2020-09-29 16:51:55 INFO  restartedMain springfox.documentation.spring.web.scanners.ApiListingReferenceScanner Scanning for api listing references
2020-09-29 16:51:56 INFO  restartedMain springfox.documentation.spring.web.readers.operation.CachingOperationNameGenerator Generating unique operation named: addDeptUsingPOST_1
2020-09-29 16:51:56 INFO  restartedMain springfox.documentation.spring.web.readers.operation.CachingOperationNameGenerator Generating unique operation named: updateDeptByIdUsingPUT_1
2020-09-29 16:51:56 INFO  restartedMain springfox.documentation.spring.web.readers.operation.CachingOperationNameGenerator Generating unique operation named: updateDeptByIdUsingPUT_2
2020-09-29 16:51:56 INFO  restartedMain com.hzy.manager.ManagerApplication Started ManagerApplication in 3.853 seconds (JVM running for 5.408)
2020-09-29 16:52:57 INFO  http-nio-8100-exec-2 org.apache.catalina.core.ContainerBase.[Tomcat].[localhost].[/] Initializing Spring DispatcherServlet 'dispatcherServlet'
2020-09-29 16:52:57 INFO  http-nio-8100-exec-2 org.springframework.web.servlet.DispatcherServlet Initializing Servlet 'dispatcherServlet'
2020-09-29 16:52:57 INFO  http-nio-8100-exec-2 org.springframework.web.servlet.DispatcherServlet Completed initialization in 5 ms
2020-09-29 16:52:57 INFO  http-nio-8100-exec-2 com.hzy.manager.config.TokenInterceptor 前端请求的token:null
2020-09-29 16:53:43 INFO  http-nio-8100-exec-3 com.alibaba.druid.pool.DruidDataSource {dataSource-1} inited
2020-09-29 16:54:04 INFO  http-nio-8100-exec-5 com.hzy.manager.config.TokenInterceptor 前端请求的token:85d9942d4390456ea96f6027fc767a67
2020-09-29 16:54:04 INFO  http-nio-8100-exec-5 com.hzy.manager.config.TokenInterceptor 前端请求的token:85d9942d4390456ea96f6027fc767a67
2020-09-29 17:05:12 INFO  restartedMain com.hzy.manager.ManagerApplication Starting ManagerApplication on LAPTOP-9DJTMSIR with PID 24360 (D:\hzyJava\hzysystem\target\classes started by viz in D:\hzyJava\hzysystem)
2020-09-29 17:05:12 INFO  restartedMain com.hzy.manager.ManagerApplication The following profiles are active: dev
2020-09-29 17:05:12 INFO  restartedMain org.springframework.boot.devtools.env.DevToolsPropertyDefaultsPostProcessor Devtools property defaults active! Set 'spring.devtools.add-properties' to 'false' to disable
2020-09-29 17:05:12 INFO  restartedMain org.springframework.boot.devtools.env.DevToolsPropertyDefaultsPostProcessor For additional web related logging consider setting the 'logging.level.web' property to 'DEBUG'
2020-09-29 17:05:13 INFO  restartedMain org.springframework.data.repository.config.RepositoryConfigurationDelegate Multiple Spring Data modules found, entering strict repository configuration mode!
2020-09-29 17:05:13 INFO  restartedMain org.springframework.data.repository.config.RepositoryConfigurationDelegate Bootstrapping Spring Data Redis repositories in DEFAULT mode.
2020-09-29 17:05:13 INFO  restartedMain org.springframework.data.repository.config.RepositoryConfigurationDelegate Finished Spring Data repository scanning in 18ms. Found 0 Redis repository interfaces.
2020-09-29 17:05:13 INFO  restartedMain org.springframework.boot.web.embedded.tomcat.TomcatWebServer Tomcat initialized with port(s): 8100 (http)
2020-09-29 17:05:13 INFO  restartedMain org.apache.coyote.http11.Http11NioProtocol Initializing ProtocolHandler ["http-nio-8100"]
2020-09-29 17:05:13 INFO  restartedMain org.apache.catalina.core.StandardService Starting service [Tomcat]
2020-09-29 17:05:13 INFO  restartedMain org.apache.catalina.core.StandardEngine Starting Servlet engine: [Apache Tomcat/9.0.36]
2020-09-29 17:05:14 INFO  restartedMain org.apache.catalina.core.ContainerBase.[Tomcat].[localhost].[/] Initializing Spring embedded WebApplicationContext
2020-09-29 17:05:14 INFO  restartedMain org.springframework.boot.web.servlet.context.ServletWebServerApplicationContext Root WebApplicationContext: initialization completed in 1514 ms
2020-09-29 17:05:15 INFO  restartedMain springfox.documentation.spring.web.PropertySourcedRequestMappingHandlerMapping Mapped URL path [/v2/api-docs] onto method [springfox.documentation.swagger2.web.Swagger2Controller#getDocumentation(String, HttpServletRequest)]
2020-09-29 17:05:15 INFO  restartedMain org.springframework.scheduling.concurrent.ThreadPoolTaskExecutor Initializing ExecutorService 'applicationTaskExecutor'
2020-09-29 17:05:15 INFO  restartedMain org.springframework.boot.devtools.autoconfigure.OptionalLiveReloadServer LiveReload server is running on port 35729
2020-09-29 17:05:15 INFO  restartedMain org.apache.coyote.http11.Http11NioProtocol Starting ProtocolHandler ["http-nio-8100"]
2020-09-29 17:05:15 INFO  restartedMain org.springframework.boot.web.embedded.tomcat.TomcatWebServer Tomcat started on port(s): 8100 (http) with context path ''
2020-09-29 17:05:15 INFO  restartedMain springfox.documentation.spring.web.plugins.DocumentationPluginsBootstrapper Context refreshed
2020-09-29 17:05:15 INFO  restartedMain springfox.documentation.spring.web.plugins.DocumentationPluginsBootstrapper Found 1 custom documentation plugin(s)
2020-09-29 17:05:15 INFO  restartedMain springfox.documentation.spring.web.scanners.ApiListingReferenceScanner Scanning for api listing references
2020-09-29 17:05:15 INFO  restartedMain springfox.documentation.spring.web.readers.operation.CachingOperationNameGenerator Generating unique operation named: addDeptUsingPOST_1
2020-09-29 17:05:15 INFO  restartedMain springfox.documentation.spring.web.readers.operation.CachingOperationNameGenerator Generating unique operation named: updateDeptByIdUsingPUT_1
2020-09-29 17:05:15 INFO  restartedMain springfox.documentation.spring.web.readers.operation.CachingOperationNameGenerator Generating unique operation named: updateDeptByIdUsingPUT_2
2020-09-29 17:05:15 INFO  restartedMain com.hzy.manager.ManagerApplication Started ManagerApplication in 3.7 seconds (JVM running for 5.289)
2020-09-29 17:06:20 INFO  http-nio-8100-exec-2 org.apache.catalina.core.ContainerBase.[Tomcat].[localhost].[/] Initializing Spring DispatcherServlet 'dispatcherServlet'
2020-09-29 17:06:20 INFO  http-nio-8100-exec-2 org.springframework.web.servlet.DispatcherServlet Initializing Servlet 'dispatcherServlet'
2020-09-29 17:06:20 INFO  http-nio-8100-exec-2 org.springframework.web.servlet.DispatcherServlet Completed initialization in 5 ms
2020-09-29 17:06:20 INFO  http-nio-8100-exec-2 com.hzy.manager.config.TokenInterceptor 前端请求的token:85d9942d4390456ea96f6027fc767a67
2020-09-29 17:06:21 INFO  http-nio-8100-exec-2 com.alibaba.druid.pool.DruidDataSource {dataSource-1} inited
2020-09-29 17:07:01 INFO  http-nio-8100-exec-3 com.hzy.manager.config.TokenInterceptor 前端请求的token:85d9942d4390456ea96f6027fc767a67
