2020-11-12 10:25:07 INFO  restartedMain com.hzy.manager.ManagerApplication Starting ManagerApplication on LAPTOP-9DJTMSIR with PID 11860 (D:\hzyJava\pbsys\target\classes started by viz in D:\hzyJava\pbsys)
2020-11-12 10:25:07 INFO  restartedMain com.hzy.manager.ManagerApplication The following profiles are active: dev
2020-11-12 10:25:07 INFO  restartedMain org.springframework.boot.devtools.env.DevToolsPropertyDefaultsPostProcessor Devtools property defaults active! Set 'spring.devtools.add-properties' to 'false' to disable
2020-11-12 10:25:07 INFO  restartedMain org.springframework.boot.devtools.env.DevToolsPropertyDefaultsPostProcessor For additional web related logging consider setting the 'logging.level.web' property to 'DEBUG'
2020-11-12 10:25:09 INFO  restartedMain org.springframework.data.repository.config.RepositoryConfigurationDelegate Multiple Spring Data modules found, entering strict repository configuration mode!
2020-11-12 10:25:09 INFO  restartedMain org.springframework.data.repository.config.RepositoryConfigurationDelegate Bootstrapping Spring Data Redis repositories in DEFAULT mode.
2020-11-12 10:25:09 INFO  restartedMain org.springframework.data.repository.config.RepositoryConfigurationDelegate Finished Spring Data repository scanning in 30ms. Found 0 Redis repository interfaces.
2020-11-12 10:25:10 INFO  restartedMain org.springframework.boot.web.embedded.tomcat.TomcatWebServer Tomcat initialized with port(s): 8100 (http)
2020-11-12 10:25:10 INFO  restartedMain org.apache.coyote.http11.Http11NioProtocol Initializing ProtocolHandler ["http-nio-8100"]
2020-11-12 10:25:10 INFO  restartedMain org.apache.catalina.core.StandardService Starting service [Tomcat]
2020-11-12 10:25:10 INFO  restartedMain org.apache.catalina.core.StandardEngine Starting Servlet engine: [Apache Tomcat/9.0.36]
2020-11-12 10:25:11 INFO  restartedMain org.apache.catalina.core.ContainerBase.[Tomcat].[localhost].[/] Initializing Spring embedded WebApplicationContext
2020-11-12 10:25:11 INFO  restartedMain org.springframework.boot.web.servlet.context.ServletWebServerApplicationContext Root WebApplicationContext: initialization completed in 3397 ms
2020-11-12 10:25:12 INFO  restartedMain springfox.documentation.spring.web.PropertySourcedRequestMappingHandlerMapping Mapped URL path [/v2/api-docs] onto method [springfox.documentation.swagger2.web.Swagger2Controller#getDocumentation(String, HttpServletRequest)]
2020-11-12 10:25:12 INFO  restartedMain org.springframework.scheduling.concurrent.ThreadPoolTaskExecutor Initializing ExecutorService 'applicationTaskExecutor'
2020-11-12 10:25:12 INFO  restartedMain org.springframework.boot.devtools.autoconfigure.OptionalLiveReloadServer LiveReload server is running on port 35729
2020-11-12 10:25:13 INFO  restartedMain org.apache.coyote.http11.Http11NioProtocol Starting ProtocolHandler ["http-nio-8100"]
2020-11-12 10:25:13 INFO  restartedMain org.springframework.boot.web.embedded.tomcat.TomcatWebServer Tomcat started on port(s): 8100 (http) with context path ''
2020-11-12 10:25:13 INFO  restartedMain springfox.documentation.spring.web.plugins.DocumentationPluginsBootstrapper Context refreshed
2020-11-12 10:25:13 INFO  restartedMain springfox.documentation.spring.web.plugins.DocumentationPluginsBootstrapper Found 1 custom documentation plugin(s)
2020-11-12 10:25:13 INFO  restartedMain springfox.documentation.spring.web.scanners.ApiListingReferenceScanner Scanning for api listing references
2020-11-12 10:25:13 INFO  restartedMain springfox.documentation.spring.web.readers.operation.CachingOperationNameGenerator Generating unique operation named: addDeptUsingPOST_1
2020-11-12 10:25:13 INFO  restartedMain springfox.documentation.spring.web.readers.operation.CachingOperationNameGenerator Generating unique operation named: updateDeptByIdUsingPUT_1
2020-11-12 10:25:13 INFO  restartedMain springfox.documentation.spring.web.readers.operation.CachingOperationNameGenerator Generating unique operation named: updateDeptByIdUsingPUT_2
2020-11-12 10:25:13 INFO  restartedMain com.hzy.manager.ManagerApplication Started ManagerApplication in 6.637 seconds (JVM running for 7.476)
2020-11-12 10:26:10 INFO  http-nio-8100-exec-2 org.apache.catalina.core.ContainerBase.[Tomcat].[localhost].[/] Initializing Spring DispatcherServlet 'dispatcherServlet'
2020-11-12 10:26:10 INFO  http-nio-8100-exec-2 org.springframework.web.servlet.DispatcherServlet Initializing Servlet 'dispatcherServlet'
2020-11-12 10:26:10 INFO  http-nio-8100-exec-2 org.springframework.web.servlet.DispatcherServlet Completed initialization in 10 ms
2020-11-12 10:26:11 INFO  http-nio-8100-exec-2 com.alibaba.druid.pool.DruidDataSource {dataSource-1} inited
2020-11-12 10:29:26 INFO  http-nio-8100-exec-5 com.hzy.manager.config.TokenInterceptor 前端请求的token:a2f9c3ae71da4ef3a88384225dd7c2a3
2020-11-12 10:30:26 INFO  http-nio-8100-exec-7 com.hzy.manager.config.TokenInterceptor 前端请求的token:a2f9c3ae71da4ef3a88384225dd7c2a3
2020-11-12 10:31:36 INFO  http-nio-8100-exec-9 com.hzy.manager.config.TokenInterceptor 前端请求的token:a2f9c3ae71da4ef3a88384225dd7c2a3
2020-11-12 10:33:21 INFO  restartedMain com.hzy.manager.ManagerApplication Starting ManagerApplication on LAPTOP-9DJTMSIR with PID 16104 (D:\hzyJava\pbsys\target\classes started by viz in D:\hzyJava\pbsys)
2020-11-12 10:33:21 INFO  restartedMain com.hzy.manager.ManagerApplication The following profiles are active: dev
2020-11-12 10:33:21 INFO  restartedMain org.springframework.boot.devtools.env.DevToolsPropertyDefaultsPostProcessor Devtools property defaults active! Set 'spring.devtools.add-properties' to 'false' to disable
2020-11-12 10:33:21 INFO  restartedMain org.springframework.boot.devtools.env.DevToolsPropertyDefaultsPostProcessor For additional web related logging consider setting the 'logging.level.web' property to 'DEBUG'
2020-11-12 10:33:22 INFO  restartedMain org.springframework.data.repository.config.RepositoryConfigurationDelegate Multiple Spring Data modules found, entering strict repository configuration mode!
2020-11-12 10:33:22 INFO  restartedMain org.springframework.data.repository.config.RepositoryConfigurationDelegate Bootstrapping Spring Data Redis repositories in DEFAULT mode.
2020-11-12 10:33:22 INFO  restartedMain org.springframework.data.repository.config.RepositoryConfigurationDelegate Finished Spring Data repository scanning in 35ms. Found 0 Redis repository interfaces.
2020-11-12 10:33:24 INFO  restartedMain org.springframework.boot.web.embedded.tomcat.TomcatWebServer Tomcat initialized with port(s): 8100 (http)
2020-11-12 10:33:24 INFO  restartedMain org.apache.coyote.http11.Http11NioProtocol Initializing ProtocolHandler ["http-nio-8100"]
2020-11-12 10:33:24 INFO  restartedMain org.apache.catalina.core.StandardService Starting service [Tomcat]
2020-11-12 10:33:24 INFO  restartedMain org.apache.catalina.core.StandardEngine Starting Servlet engine: [Apache Tomcat/9.0.36]
2020-11-12 10:33:24 INFO  restartedMain org.apache.catalina.core.ContainerBase.[Tomcat].[localhost].[/] Initializing Spring embedded WebApplicationContext
2020-11-12 10:33:24 INFO  restartedMain org.springframework.boot.web.servlet.context.ServletWebServerApplicationContext Root WebApplicationContext: initialization completed in 3281 ms
2020-11-12 10:33:26 INFO  restartedMain springfox.documentation.spring.web.PropertySourcedRequestMappingHandlerMapping Mapped URL path [/v2/api-docs] onto method [springfox.documentation.swagger2.web.Swagger2Controller#getDocumentation(String, HttpServletRequest)]
2020-11-12 10:33:26 INFO  restartedMain org.springframework.scheduling.concurrent.ThreadPoolTaskExecutor Initializing ExecutorService 'applicationTaskExecutor'
2020-11-12 10:33:26 INFO  restartedMain org.springframework.boot.devtools.autoconfigure.OptionalLiveReloadServer LiveReload server is running on port 35729
2020-11-12 10:33:26 INFO  restartedMain org.apache.coyote.http11.Http11NioProtocol Starting ProtocolHandler ["http-nio-8100"]
2020-11-12 10:33:26 INFO  restartedMain org.springframework.boot.web.embedded.tomcat.TomcatWebServer Tomcat started on port(s): 8100 (http) with context path ''
2020-11-12 10:33:26 INFO  restartedMain springfox.documentation.spring.web.plugins.DocumentationPluginsBootstrapper Context refreshed
2020-11-12 10:33:26 INFO  restartedMain springfox.documentation.spring.web.plugins.DocumentationPluginsBootstrapper Found 1 custom documentation plugin(s)
2020-11-12 10:33:26 INFO  restartedMain springfox.documentation.spring.web.scanners.ApiListingReferenceScanner Scanning for api listing references
2020-11-12 10:33:26 INFO  restartedMain springfox.documentation.spring.web.readers.operation.CachingOperationNameGenerator Generating unique operation named: addDeptUsingPOST_1
2020-11-12 10:33:26 INFO  restartedMain springfox.documentation.spring.web.readers.operation.CachingOperationNameGenerator Generating unique operation named: updateDeptByIdUsingPUT_1
2020-11-12 10:33:26 INFO  restartedMain springfox.documentation.spring.web.readers.operation.CachingOperationNameGenerator Generating unique operation named: updateDeptByIdUsingPUT_2
2020-11-12 10:33:26 INFO  restartedMain com.hzy.manager.ManagerApplication Started ManagerApplication in 6.199 seconds (JVM running for 6.855)
2020-11-12 10:33:48 INFO  http-nio-8100-exec-1 org.apache.catalina.core.ContainerBase.[Tomcat].[localhost].[/] Initializing Spring DispatcherServlet 'dispatcherServlet'
2020-11-12 10:33:48 INFO  http-nio-8100-exec-1 org.springframework.web.servlet.DispatcherServlet Initializing Servlet 'dispatcherServlet'
2020-11-12 10:33:48 INFO  http-nio-8100-exec-1 org.springframework.web.servlet.DispatcherServlet Completed initialization in 9 ms
2020-11-12 10:33:48 INFO  http-nio-8100-exec-1 com.alibaba.druid.pool.DruidDataSource {dataSource-1} inited
2020-11-12 10:34:32 INFO  restartedMain com.hzy.manager.ManagerApplication Starting ManagerApplication on LAPTOP-9DJTMSIR with PID 17932 (D:\hzyJava\pbsys\target\classes started by viz in D:\hzyJava\pbsys)
2020-11-12 10:34:32 INFO  restartedMain com.hzy.manager.ManagerApplication The following profiles are active: dev
2020-11-12 10:34:32 INFO  restartedMain org.springframework.boot.devtools.env.DevToolsPropertyDefaultsPostProcessor Devtools property defaults active! Set 'spring.devtools.add-properties' to 'false' to disable
2020-11-12 10:34:32 INFO  restartedMain org.springframework.boot.devtools.env.DevToolsPropertyDefaultsPostProcessor For additional web related logging consider setting the 'logging.level.web' property to 'DEBUG'
2020-11-12 10:34:33 INFO  restartedMain org.springframework.data.repository.config.RepositoryConfigurationDelegate Multiple Spring Data modules found, entering strict repository configuration mode!
2020-11-12 10:34:33 INFO  restartedMain org.springframework.data.repository.config.RepositoryConfigurationDelegate Bootstrapping Spring Data Redis repositories in DEFAULT mode.
2020-11-12 10:34:33 INFO  restartedMain org.springframework.data.repository.config.RepositoryConfigurationDelegate Finished Spring Data repository scanning in 26ms. Found 0 Redis repository interfaces.
2020-11-12 10:34:34 INFO  restartedMain org.springframework.boot.web.embedded.tomcat.TomcatWebServer Tomcat initialized with port(s): 8100 (http)
2020-11-12 10:34:34 INFO  restartedMain org.apache.coyote.http11.Http11NioProtocol Initializing ProtocolHandler ["http-nio-8100"]
2020-11-12 10:34:34 INFO  restartedMain org.apache.catalina.core.StandardService Starting service [Tomcat]
2020-11-12 10:34:34 INFO  restartedMain org.apache.catalina.core.StandardEngine Starting Servlet engine: [Apache Tomcat/9.0.36]
2020-11-12 10:34:35 INFO  restartedMain org.apache.catalina.core.ContainerBase.[Tomcat].[localhost].[/] Initializing Spring embedded WebApplicationContext
2020-11-12 10:34:35 INFO  restartedMain org.springframework.boot.web.servlet.context.ServletWebServerApplicationContext Root WebApplicationContext: initialization completed in 2845 ms
2020-11-12 10:34:36 INFO  restartedMain springfox.documentation.spring.web.PropertySourcedRequestMappingHandlerMapping Mapped URL path [/v2/api-docs] onto method [springfox.documentation.swagger2.web.Swagger2Controller#getDocumentation(String, HttpServletRequest)]
2020-11-12 10:34:36 INFO  restartedMain org.springframework.scheduling.concurrent.ThreadPoolTaskExecutor Initializing ExecutorService 'applicationTaskExecutor'
2020-11-12 10:34:36 INFO  restartedMain org.springframework.boot.devtools.autoconfigure.OptionalLiveReloadServer LiveReload server is running on port 35729
2020-11-12 10:34:37 INFO  restartedMain org.apache.coyote.http11.Http11NioProtocol Starting ProtocolHandler ["http-nio-8100"]
2020-11-12 10:34:37 INFO  restartedMain org.springframework.boot.web.embedded.tomcat.TomcatWebServer Tomcat started on port(s): 8100 (http) with context path ''
2020-11-12 10:34:37 INFO  restartedMain springfox.documentation.spring.web.plugins.DocumentationPluginsBootstrapper Context refreshed
2020-11-12 10:34:37 INFO  restartedMain springfox.documentation.spring.web.plugins.DocumentationPluginsBootstrapper Found 1 custom documentation plugin(s)
2020-11-12 10:34:37 INFO  restartedMain springfox.documentation.spring.web.scanners.ApiListingReferenceScanner Scanning for api listing references
2020-11-12 10:34:37 INFO  restartedMain springfox.documentation.spring.web.readers.operation.CachingOperationNameGenerator Generating unique operation named: addDeptUsingPOST_1
2020-11-12 10:34:37 INFO  restartedMain springfox.documentation.spring.web.readers.operation.CachingOperationNameGenerator Generating unique operation named: updateDeptByIdUsingPUT_1
2020-11-12 10:34:37 INFO  restartedMain springfox.documentation.spring.web.readers.operation.CachingOperationNameGenerator Generating unique operation named: updateDeptByIdUsingPUT_2
2020-11-12 10:34:37 INFO  restartedMain com.hzy.manager.ManagerApplication Started ManagerApplication in 5.696 seconds (JVM running for 6.269)
2020-11-12 10:34:44 INFO  http-nio-8100-exec-2 org.apache.catalina.core.ContainerBase.[Tomcat].[localhost].[/] Initializing Spring DispatcherServlet 'dispatcherServlet'
2020-11-12 10:34:44 INFO  http-nio-8100-exec-2 org.springframework.web.servlet.DispatcherServlet Initializing Servlet 'dispatcherServlet'
2020-11-12 10:34:44 INFO  http-nio-8100-exec-2 org.springframework.web.servlet.DispatcherServlet Completed initialization in 7 ms
2020-11-12 10:34:44 INFO  http-nio-8100-exec-2 com.alibaba.druid.pool.DruidDataSource {dataSource-1} inited
2020-11-12 10:36:02 INFO  restartedMain com.hzy.manager.ManagerApplication Starting ManagerApplication on LAPTOP-9DJTMSIR with PID 15292 (D:\hzyJava\pbsys\target\classes started by viz in D:\hzyJava\pbsys)
2020-11-12 10:36:02 INFO  restartedMain com.hzy.manager.ManagerApplication The following profiles are active: dev
2020-11-12 10:36:02 INFO  restartedMain org.springframework.boot.devtools.env.DevToolsPropertyDefaultsPostProcessor Devtools property defaults active! Set 'spring.devtools.add-properties' to 'false' to disable
2020-11-12 10:36:02 INFO  restartedMain org.springframework.boot.devtools.env.DevToolsPropertyDefaultsPostProcessor For additional web related logging consider setting the 'logging.level.web' property to 'DEBUG'
2020-11-12 10:36:03 INFO  restartedMain org.springframework.data.repository.config.RepositoryConfigurationDelegate Multiple Spring Data modules found, entering strict repository configuration mode!
2020-11-12 10:36:03 INFO  restartedMain org.springframework.data.repository.config.RepositoryConfigurationDelegate Bootstrapping Spring Data Redis repositories in DEFAULT mode.
2020-11-12 10:36:03 INFO  restartedMain org.springframework.data.repository.config.RepositoryConfigurationDelegate Finished Spring Data repository scanning in 30ms. Found 0 Redis repository interfaces.
2020-11-12 10:36:04 INFO  restartedMain org.springframework.boot.web.embedded.tomcat.TomcatWebServer Tomcat initialized with port(s): 8100 (http)
2020-11-12 10:36:04 INFO  restartedMain org.apache.coyote.http11.Http11NioProtocol Initializing ProtocolHandler ["http-nio-8100"]
2020-11-12 10:36:04 INFO  restartedMain org.apache.catalina.core.StandardService Starting service [Tomcat]
2020-11-12 10:36:04 INFO  restartedMain org.apache.catalina.core.StandardEngine Starting Servlet engine: [Apache Tomcat/9.0.36]
2020-11-12 10:36:04 INFO  restartedMain org.apache.catalina.core.ContainerBase.[Tomcat].[localhost].[/] Initializing Spring embedded WebApplicationContext
2020-11-12 10:36:04 INFO  restartedMain org.springframework.boot.web.servlet.context.ServletWebServerApplicationContext Root WebApplicationContext: initialization completed in 2878 ms
2020-11-12 10:36:06 INFO  restartedMain springfox.documentation.spring.web.PropertySourcedRequestMappingHandlerMapping Mapped URL path [/v2/api-docs] onto method [springfox.documentation.swagger2.web.Swagger2Controller#getDocumentation(String, HttpServletRequest)]
2020-11-12 10:36:06 INFO  restartedMain org.springframework.scheduling.concurrent.ThreadPoolTaskExecutor Initializing ExecutorService 'applicationTaskExecutor'
2020-11-12 10:36:06 INFO  restartedMain org.springframework.boot.devtools.autoconfigure.OptionalLiveReloadServer LiveReload server is running on port 35729
2020-11-12 10:36:07 INFO  restartedMain org.apache.coyote.http11.Http11NioProtocol Starting ProtocolHandler ["http-nio-8100"]
2020-11-12 10:36:07 INFO  restartedMain org.springframework.boot.web.embedded.tomcat.TomcatWebServer Tomcat started on port(s): 8100 (http) with context path ''
2020-11-12 10:36:07 INFO  restartedMain springfox.documentation.spring.web.plugins.DocumentationPluginsBootstrapper Context refreshed
2020-11-12 10:36:07 INFO  restartedMain springfox.documentation.spring.web.plugins.DocumentationPluginsBootstrapper Found 1 custom documentation plugin(s)
2020-11-12 10:36:07 INFO  restartedMain springfox.documentation.spring.web.scanners.ApiListingReferenceScanner Scanning for api listing references
2020-11-12 10:36:07 INFO  restartedMain springfox.documentation.spring.web.readers.operation.CachingOperationNameGenerator Generating unique operation named: addDeptUsingPOST_1
2020-11-12 10:36:07 INFO  restartedMain springfox.documentation.spring.web.readers.operation.CachingOperationNameGenerator Generating unique operation named: updateDeptByIdUsingPUT_1
2020-11-12 10:36:07 INFO  restartedMain springfox.documentation.spring.web.readers.operation.CachingOperationNameGenerator Generating unique operation named: updateDeptByIdUsingPUT_2
2020-11-12 10:36:07 INFO  restartedMain com.hzy.manager.ManagerApplication Started ManagerApplication in 5.877 seconds (JVM running for 6.479)
2020-11-12 10:36:43 INFO  http-nio-8100-exec-1 org.apache.catalina.core.ContainerBase.[Tomcat].[localhost].[/] Initializing Spring DispatcherServlet 'dispatcherServlet'
2020-11-12 10:36:43 INFO  http-nio-8100-exec-1 org.springframework.web.servlet.DispatcherServlet Initializing Servlet 'dispatcherServlet'
2020-11-12 10:36:43 INFO  http-nio-8100-exec-1 org.springframework.web.servlet.DispatcherServlet Completed initialization in 7 ms
2020-11-12 10:36:43 INFO  http-nio-8100-exec-1 com.alibaba.druid.pool.DruidDataSource {dataSource-1} inited
2020-11-12 10:38:51 INFO  restartedMain com.hzy.manager.ManagerApplication Starting ManagerApplication on LAPTOP-9DJTMSIR with PID 9408 (D:\hzyJava\pbsys\target\classes started by viz in D:\hzyJava\pbsys)
2020-11-12 10:38:51 INFO  restartedMain com.hzy.manager.ManagerApplication The following profiles are active: dev
2020-11-12 10:38:51 INFO  restartedMain org.springframework.boot.devtools.env.DevToolsPropertyDefaultsPostProcessor Devtools property defaults active! Set 'spring.devtools.add-properties' to 'false' to disable
2020-11-12 10:38:51 INFO  restartedMain org.springframework.boot.devtools.env.DevToolsPropertyDefaultsPostProcessor For additional web related logging consider setting the 'logging.level.web' property to 'DEBUG'
2020-11-12 10:38:52 INFO  restartedMain org.springframework.data.repository.config.RepositoryConfigurationDelegate Multiple Spring Data modules found, entering strict repository configuration mode!
2020-11-12 10:38:52 INFO  restartedMain org.springframework.data.repository.config.RepositoryConfigurationDelegate Bootstrapping Spring Data Redis repositories in DEFAULT mode.
2020-11-12 10:38:52 INFO  restartedMain org.springframework.data.repository.config.RepositoryConfigurationDelegate Finished Spring Data repository scanning in 28ms. Found 0 Redis repository interfaces.
2020-11-12 10:38:54 INFO  restartedMain org.springframework.boot.web.embedded.tomcat.TomcatWebServer Tomcat initialized with port(s): 8100 (http)
2020-11-12 10:38:54 INFO  restartedMain org.apache.coyote.http11.Http11NioProtocol Initializing ProtocolHandler ["http-nio-8100"]
2020-11-12 10:38:54 INFO  restartedMain org.apache.catalina.core.StandardService Starting service [Tomcat]
2020-11-12 10:38:54 INFO  restartedMain org.apache.catalina.core.StandardEngine Starting Servlet engine: [Apache Tomcat/9.0.36]
2020-11-12 10:38:54 INFO  restartedMain org.apache.catalina.core.ContainerBase.[Tomcat].[localhost].[/] Initializing Spring embedded WebApplicationContext
2020-11-12 10:38:54 INFO  restartedMain org.springframework.boot.web.servlet.context.ServletWebServerApplicationContext Root WebApplicationContext: initialization completed in 2967 ms
2020-11-12 10:38:55 INFO  restartedMain springfox.documentation.spring.web.PropertySourcedRequestMappingHandlerMapping Mapped URL path [/v2/api-docs] onto method [springfox.documentation.swagger2.web.Swagger2Controller#getDocumentation(String, HttpServletRequest)]
2020-11-12 10:38:56 INFO  restartedMain org.springframework.scheduling.concurrent.ThreadPoolTaskExecutor Initializing ExecutorService 'applicationTaskExecutor'
2020-11-12 10:38:56 INFO  restartedMain org.springframework.boot.devtools.autoconfigure.OptionalLiveReloadServer LiveReload server is running on port 35729
2020-11-12 10:38:56 INFO  restartedMain org.apache.coyote.http11.Http11NioProtocol Starting ProtocolHandler ["http-nio-8100"]
2020-11-12 10:38:56 INFO  restartedMain org.springframework.boot.web.embedded.tomcat.TomcatWebServer Tomcat started on port(s): 8100 (http) with context path ''
2020-11-12 10:38:56 INFO  restartedMain springfox.documentation.spring.web.plugins.DocumentationPluginsBootstrapper Context refreshed
2020-11-12 10:38:56 INFO  restartedMain springfox.documentation.spring.web.plugins.DocumentationPluginsBootstrapper Found 1 custom documentation plugin(s)
2020-11-12 10:38:56 INFO  restartedMain springfox.documentation.spring.web.scanners.ApiListingReferenceScanner Scanning for api listing references
2020-11-12 10:38:56 INFO  restartedMain springfox.documentation.spring.web.readers.operation.CachingOperationNameGenerator Generating unique operation named: addDeptUsingPOST_1
2020-11-12 10:38:56 INFO  restartedMain springfox.documentation.spring.web.readers.operation.CachingOperationNameGenerator Generating unique operation named: updateDeptByIdUsingPUT_1
2020-11-12 10:38:56 INFO  restartedMain springfox.documentation.spring.web.readers.operation.CachingOperationNameGenerator Generating unique operation named: updateDeptByIdUsingPUT_2
2020-11-12 10:38:56 INFO  restartedMain com.hzy.manager.ManagerApplication Started ManagerApplication in 6.058 seconds (JVM running for 6.767)
2020-11-12 10:39:01 INFO  http-nio-8100-exec-2 org.apache.catalina.core.ContainerBase.[Tomcat].[localhost].[/] Initializing Spring DispatcherServlet 'dispatcherServlet'
2020-11-12 10:39:01 INFO  http-nio-8100-exec-2 org.springframework.web.servlet.DispatcherServlet Initializing Servlet 'dispatcherServlet'
2020-11-12 10:39:01 INFO  http-nio-8100-exec-2 org.springframework.web.servlet.DispatcherServlet Completed initialization in 8 ms
2020-11-12 10:39:01 INFO  http-nio-8100-exec-2 com.alibaba.druid.pool.DruidDataSource {dataSource-1} inited
2020-11-12 10:54:22 INFO  restartedMain com.hzy.manager.ManagerApplication Starting ManagerApplication on LAPTOP-9DJTMSIR with PID 25052 (D:\hzyJava\pbsys\target\classes started by viz in D:\hzyJava\pbsys)
2020-11-12 10:54:22 INFO  restartedMain com.hzy.manager.ManagerApplication The following profiles are active: dev
2020-11-12 10:54:22 INFO  restartedMain org.springframework.boot.devtools.env.DevToolsPropertyDefaultsPostProcessor Devtools property defaults active! Set 'spring.devtools.add-properties' to 'false' to disable
2020-11-12 10:54:22 INFO  restartedMain org.springframework.boot.devtools.env.DevToolsPropertyDefaultsPostProcessor For additional web related logging consider setting the 'logging.level.web' property to 'DEBUG'
2020-11-12 10:54:23 INFO  restartedMain org.springframework.data.repository.config.RepositoryConfigurationDelegate Multiple Spring Data modules found, entering strict repository configuration mode!
2020-11-12 10:54:23 INFO  restartedMain org.springframework.data.repository.config.RepositoryConfigurationDelegate Bootstrapping Spring Data Redis repositories in DEFAULT mode.
2020-11-12 10:54:23 INFO  restartedMain org.springframework.data.repository.config.RepositoryConfigurationDelegate Finished Spring Data repository scanning in 28ms. Found 0 Redis repository interfaces.
2020-11-12 10:54:25 INFO  restartedMain org.springframework.boot.web.embedded.tomcat.TomcatWebServer Tomcat initialized with port(s): 8100 (http)
2020-11-12 10:54:25 INFO  restartedMain org.apache.coyote.http11.Http11NioProtocol Initializing ProtocolHandler ["http-nio-8100"]
2020-11-12 10:54:25 INFO  restartedMain org.apache.catalina.core.StandardService Starting service [Tomcat]
2020-11-12 10:54:25 INFO  restartedMain org.apache.catalina.core.StandardEngine Starting Servlet engine: [Apache Tomcat/9.0.36]
2020-11-12 10:54:25 INFO  restartedMain org.apache.catalina.core.ContainerBase.[Tomcat].[localhost].[/] Initializing Spring embedded WebApplicationContext
2020-11-12 10:54:25 INFO  restartedMain org.springframework.boot.web.servlet.context.ServletWebServerApplicationContext Root WebApplicationContext: initialization completed in 2994 ms
2020-11-12 10:54:27 INFO  restartedMain springfox.documentation.spring.web.PropertySourcedRequestMappingHandlerMapping Mapped URL path [/v2/api-docs] onto method [springfox.documentation.swagger2.web.Swagger2Controller#getDocumentation(String, HttpServletRequest)]
2020-11-12 10:54:27 INFO  restartedMain org.springframework.scheduling.concurrent.ThreadPoolTaskExecutor Initializing ExecutorService 'applicationTaskExecutor'
2020-11-12 10:54:27 INFO  restartedMain org.springframework.boot.devtools.autoconfigure.OptionalLiveReloadServer LiveReload server is running on port 35729
2020-11-12 10:54:27 INFO  restartedMain org.apache.coyote.http11.Http11NioProtocol Starting ProtocolHandler ["http-nio-8100"]
2020-11-12 10:54:27 INFO  restartedMain org.springframework.boot.web.embedded.tomcat.TomcatWebServer Tomcat started on port(s): 8100 (http) with context path ''
2020-11-12 10:54:27 INFO  restartedMain springfox.documentation.spring.web.plugins.DocumentationPluginsBootstrapper Context refreshed
2020-11-12 10:54:27 INFO  restartedMain springfox.documentation.spring.web.plugins.DocumentationPluginsBootstrapper Found 1 custom documentation plugin(s)
2020-11-12 10:54:27 INFO  restartedMain springfox.documentation.spring.web.scanners.ApiListingReferenceScanner Scanning for api listing references
2020-11-12 10:54:27 INFO  restartedMain springfox.documentation.spring.web.readers.operation.CachingOperationNameGenerator Generating unique operation named: addDeptUsingPOST_1
2020-11-12 10:54:27 INFO  restartedMain springfox.documentation.spring.web.readers.operation.CachingOperationNameGenerator Generating unique operation named: updateDeptByIdUsingPUT_1
2020-11-12 10:54:27 INFO  restartedMain springfox.documentation.spring.web.readers.operation.CachingOperationNameGenerator Generating unique operation named: updateDeptByIdUsingPUT_2
2020-11-12 10:54:27 INFO  restartedMain com.hzy.manager.ManagerApplication Started ManagerApplication in 6.129 seconds (JVM running for 6.85)
2020-11-12 10:54:45 INFO  http-nio-8100-exec-2 org.apache.catalina.core.ContainerBase.[Tomcat].[localhost].[/] Initializing Spring DispatcherServlet 'dispatcherServlet'
2020-11-12 10:54:45 INFO  http-nio-8100-exec-2 org.springframework.web.servlet.DispatcherServlet Initializing Servlet 'dispatcherServlet'
2020-11-12 10:54:45 INFO  http-nio-8100-exec-2 org.springframework.web.servlet.DispatcherServlet Completed initialization in 7 ms
2020-11-12 10:54:46 INFO  http-nio-8100-exec-2 com.alibaba.druid.pool.DruidDataSource {dataSource-1} inited
2020-11-12 14:19:17 INFO  restartedMain com.hzy.manager.ManagerApplication Starting ManagerApplication on LAPTOP-9DJTMSIR with PID 26540 (D:\hzyJava\pbsys\target\classes started by viz in D:\hzyJava\pbsys)
2020-11-12 14:19:17 INFO  restartedMain com.hzy.manager.ManagerApplication The following profiles are active: dev
2020-11-12 14:19:17 INFO  restartedMain org.springframework.boot.devtools.env.DevToolsPropertyDefaultsPostProcessor Devtools property defaults active! Set 'spring.devtools.add-properties' to 'false' to disable
2020-11-12 14:19:17 INFO  restartedMain org.springframework.boot.devtools.env.DevToolsPropertyDefaultsPostProcessor For additional web related logging consider setting the 'logging.level.web' property to 'DEBUG'
2020-11-12 14:19:19 INFO  restartedMain org.springframework.data.repository.config.RepositoryConfigurationDelegate Multiple Spring Data modules found, entering strict repository configuration mode!
2020-11-12 14:19:19 INFO  restartedMain org.springframework.data.repository.config.RepositoryConfigurationDelegate Bootstrapping Spring Data Redis repositories in DEFAULT mode.
2020-11-12 14:19:19 INFO  restartedMain org.springframework.data.repository.config.RepositoryConfigurationDelegate Finished Spring Data repository scanning in 29ms. Found 0 Redis repository interfaces.
2020-11-12 14:19:20 INFO  restartedMain org.springframework.boot.web.embedded.tomcat.TomcatWebServer Tomcat initialized with port(s): 8100 (http)
2020-11-12 14:19:20 INFO  restartedMain org.apache.coyote.http11.Http11NioProtocol Initializing ProtocolHandler ["http-nio-8100"]
2020-11-12 14:19:20 INFO  restartedMain org.apache.catalina.core.StandardService Starting service [Tomcat]
2020-11-12 14:19:20 INFO  restartedMain org.apache.catalina.core.StandardEngine Starting Servlet engine: [Apache Tomcat/9.0.36]
2020-11-12 14:19:20 INFO  restartedMain org.apache.catalina.core.ContainerBase.[Tomcat].[localhost].[/] Initializing Spring embedded WebApplicationContext
2020-11-12 14:19:20 INFO  restartedMain org.springframework.boot.web.servlet.context.ServletWebServerApplicationContext Root WebApplicationContext: initialization completed in 3048 ms
2020-11-12 14:19:22 INFO  restartedMain springfox.documentation.spring.web.PropertySourcedRequestMappingHandlerMapping Mapped URL path [/v2/api-docs] onto method [springfox.documentation.swagger2.web.Swagger2Controller#getDocumentation(String, HttpServletRequest)]
2020-11-12 14:19:22 INFO  restartedMain org.springframework.scheduling.concurrent.ThreadPoolTaskExecutor Initializing ExecutorService 'applicationTaskExecutor'
2020-11-12 14:19:22 INFO  restartedMain org.springframework.boot.devtools.autoconfigure.OptionalLiveReloadServer LiveReload server is running on port 35729
2020-11-12 14:19:23 INFO  restartedMain org.apache.coyote.http11.Http11NioProtocol Starting ProtocolHandler ["http-nio-8100"]
2020-11-12 14:19:23 INFO  restartedMain org.springframework.boot.web.embedded.tomcat.TomcatWebServer Tomcat started on port(s): 8100 (http) with context path ''
2020-11-12 14:19:23 INFO  restartedMain springfox.documentation.spring.web.plugins.DocumentationPluginsBootstrapper Context refreshed
2020-11-12 14:19:23 INFO  restartedMain springfox.documentation.spring.web.plugins.DocumentationPluginsBootstrapper Found 1 custom documentation plugin(s)
2020-11-12 14:19:23 INFO  restartedMain springfox.documentation.spring.web.scanners.ApiListingReferenceScanner Scanning for api listing references
2020-11-12 14:19:23 INFO  restartedMain springfox.documentation.spring.web.readers.operation.CachingOperationNameGenerator Generating unique operation named: addDeptUsingPOST_1
2020-11-12 14:19:23 INFO  restartedMain springfox.documentation.spring.web.readers.operation.CachingOperationNameGenerator Generating unique operation named: updateDeptByIdUsingPUT_1
2020-11-12 14:19:23 INFO  restartedMain springfox.documentation.spring.web.readers.operation.CachingOperationNameGenerator Generating unique operation named: updateDeptByIdUsingPUT_2
2020-11-12 14:19:23 INFO  restartedMain com.hzy.manager.ManagerApplication Started ManagerApplication in 6.246 seconds (JVM running for 6.889)
2020-11-12 14:20:00 INFO  restartedMain com.hzy.manager.ManagerApplication Starting ManagerApplication on LAPTOP-9DJTMSIR with PID 16948 (D:\hzyJava\pbsys\target\classes started by viz in D:\hzyJava\pbsys)
2020-11-12 14:20:00 INFO  restartedMain com.hzy.manager.ManagerApplication The following profiles are active: dev
2020-11-12 14:20:00 INFO  restartedMain org.springframework.boot.devtools.env.DevToolsPropertyDefaultsPostProcessor Devtools property defaults active! Set 'spring.devtools.add-properties' to 'false' to disable
2020-11-12 14:20:00 INFO  restartedMain org.springframework.boot.devtools.env.DevToolsPropertyDefaultsPostProcessor For additional web related logging consider setting the 'logging.level.web' property to 'DEBUG'
2020-11-12 14:20:01 INFO  restartedMain org.springframework.data.repository.config.RepositoryConfigurationDelegate Multiple Spring Data modules found, entering strict repository configuration mode!
2020-11-12 14:20:01 INFO  restartedMain org.springframework.data.repository.config.RepositoryConfigurationDelegate Bootstrapping Spring Data Redis repositories in DEFAULT mode.
2020-11-12 14:20:01 INFO  restartedMain org.springframework.data.repository.config.RepositoryConfigurationDelegate Finished Spring Data repository scanning in 31ms. Found 0 Redis repository interfaces.
2020-11-12 14:20:03 INFO  restartedMain org.springframework.boot.web.embedded.tomcat.TomcatWebServer Tomcat initialized with port(s): 8100 (http)
2020-11-12 14:20:03 INFO  restartedMain org.apache.coyote.http11.Http11NioProtocol Initializing ProtocolHandler ["http-nio-8100"]
2020-11-12 14:20:03 INFO  restartedMain org.apache.catalina.core.StandardService Starting service [Tomcat]
2020-11-12 14:20:03 INFO  restartedMain org.apache.catalina.core.StandardEngine Starting Servlet engine: [Apache Tomcat/9.0.36]
2020-11-12 14:20:03 INFO  restartedMain org.apache.catalina.core.ContainerBase.[Tomcat].[localhost].[/] Initializing Spring embedded WebApplicationContext
2020-11-12 14:20:03 INFO  restartedMain org.springframework.boot.web.servlet.context.ServletWebServerApplicationContext Root WebApplicationContext: initialization completed in 2976 ms
2020-11-12 14:20:04 INFO  restartedMain springfox.documentation.spring.web.PropertySourcedRequestMappingHandlerMapping Mapped URL path [/v2/api-docs] onto method [springfox.documentation.swagger2.web.Swagger2Controller#getDocumentation(String, HttpServletRequest)]
2020-11-12 14:20:04 INFO  restartedMain org.springframework.scheduling.concurrent.ThreadPoolTaskExecutor Initializing ExecutorService 'applicationTaskExecutor'
2020-11-12 14:20:04 INFO  restartedMain org.springframework.boot.devtools.autoconfigure.OptionalLiveReloadServer LiveReload server is running on port 35729
2020-11-12 14:20:05 INFO  restartedMain org.apache.coyote.http11.Http11NioProtocol Starting ProtocolHandler ["http-nio-8100"]
2020-11-12 14:20:05 INFO  restartedMain org.springframework.boot.web.embedded.tomcat.TomcatWebServer Tomcat started on port(s): 8100 (http) with context path ''
2020-11-12 14:20:05 INFO  restartedMain springfox.documentation.spring.web.plugins.DocumentationPluginsBootstrapper Context refreshed
2020-11-12 14:20:05 INFO  restartedMain springfox.documentation.spring.web.plugins.DocumentationPluginsBootstrapper Found 1 custom documentation plugin(s)
2020-11-12 14:20:05 INFO  restartedMain springfox.documentation.spring.web.scanners.ApiListingReferenceScanner Scanning for api listing references
2020-11-12 14:20:05 INFO  restartedMain springfox.documentation.spring.web.readers.operation.CachingOperationNameGenerator Generating unique operation named: addDeptUsingPOST_1
2020-11-12 14:20:05 INFO  restartedMain springfox.documentation.spring.web.readers.operation.CachingOperationNameGenerator Generating unique operation named: updateDeptByIdUsingPUT_1
2020-11-12 14:20:05 INFO  restartedMain springfox.documentation.spring.web.readers.operation.CachingOperationNameGenerator Generating unique operation named: updateDeptByIdUsingPUT_2
2020-11-12 14:20:05 INFO  restartedMain com.hzy.manager.ManagerApplication Started ManagerApplication in 5.922 seconds (JVM running for 6.503)
2020-11-12 14:22:08 INFO  http-nio-8100-exec-1 org.apache.catalina.core.ContainerBase.[Tomcat].[localhost].[/] Initializing Spring DispatcherServlet 'dispatcherServlet'
2020-11-12 14:22:08 INFO  http-nio-8100-exec-1 org.springframework.web.servlet.DispatcherServlet Initializing Servlet 'dispatcherServlet'
2020-11-12 14:22:08 INFO  http-nio-8100-exec-1 org.springframework.web.servlet.DispatcherServlet Completed initialization in 13 ms
2020-11-12 14:22:08 INFO  http-nio-8100-exec-1 com.hzy.manager.config.TokenInterceptor 前端请求的token:a2f9c3ae71da4ef3a88384225dd7c2a3
2020-11-12 14:22:10 INFO  http-nio-8100-exec-1 com.hzy.manager.config.TokenInterceptor 前端请求的token:a2f9c3ae71da4ef3a88384225dd7c2a3
2020-11-12 14:22:49 INFO  http-nio-8100-exec-3 com.hzy.manager.config.TokenInterceptor 前端请求的token:a2f9c3ae71da4ef3a88384225dd7c2a3
2020-11-12 14:22:49 INFO  http-nio-8100-exec-3 com.hzy.manager.config.TokenInterceptor 前端请求的token:a2f9c3ae71da4ef3a88384225dd7c2a3
2020-11-12 14:23:09 INFO  restartedMain com.hzy.manager.ManagerApplication Starting ManagerApplication on LAPTOP-9DJTMSIR with PID 4060 (D:\hzyJava\pbsys\target\classes started by viz in D:\hzyJava\pbsys)
2020-11-12 14:23:09 INFO  restartedMain com.hzy.manager.ManagerApplication The following profiles are active: dev
2020-11-12 14:23:09 INFO  restartedMain org.springframework.boot.devtools.env.DevToolsPropertyDefaultsPostProcessor Devtools property defaults active! Set 'spring.devtools.add-properties' to 'false' to disable
2020-11-12 14:23:09 INFO  restartedMain org.springframework.boot.devtools.env.DevToolsPropertyDefaultsPostProcessor For additional web related logging consider setting the 'logging.level.web' property to 'DEBUG'
2020-11-12 14:23:10 INFO  restartedMain org.springframework.data.repository.config.RepositoryConfigurationDelegate Multiple Spring Data modules found, entering strict repository configuration mode!
2020-11-12 14:23:10 INFO  restartedMain org.springframework.data.repository.config.RepositoryConfigurationDelegate Bootstrapping Spring Data Redis repositories in DEFAULT mode.
2020-11-12 14:23:10 INFO  restartedMain org.springframework.data.repository.config.RepositoryConfigurationDelegate Finished Spring Data repository scanning in 35ms. Found 0 Redis repository interfaces.
2020-11-12 14:23:12 INFO  restartedMain org.springframework.boot.web.embedded.tomcat.TomcatWebServer Tomcat initialized with port(s): 8100 (http)
2020-11-12 14:23:12 INFO  restartedMain org.apache.coyote.http11.Http11NioProtocol Initializing ProtocolHandler ["http-nio-8100"]
2020-11-12 14:23:12 INFO  restartedMain org.apache.catalina.core.StandardService Starting service [Tomcat]
2020-11-12 14:23:12 INFO  restartedMain org.apache.catalina.core.StandardEngine Starting Servlet engine: [Apache Tomcat/9.0.36]
2020-11-12 14:23:12 INFO  restartedMain org.apache.catalina.core.ContainerBase.[Tomcat].[localhost].[/] Initializing Spring embedded WebApplicationContext
2020-11-12 14:23:12 INFO  restartedMain org.springframework.boot.web.servlet.context.ServletWebServerApplicationContext Root WebApplicationContext: initialization completed in 3304 ms
2020-11-12 14:23:14 INFO  restartedMain springfox.documentation.spring.web.PropertySourcedRequestMappingHandlerMapping Mapped URL path [/v2/api-docs] onto method [springfox.documentation.swagger2.web.Swagger2Controller#getDocumentation(String, HttpServletRequest)]
2020-11-12 14:23:14 INFO  restartedMain org.springframework.scheduling.concurrent.ThreadPoolTaskExecutor Initializing ExecutorService 'applicationTaskExecutor'
2020-11-12 14:23:14 INFO  restartedMain org.springframework.boot.devtools.autoconfigure.OptionalLiveReloadServer LiveReload server is running on port 35729
2020-11-12 14:23:14 INFO  restartedMain org.apache.coyote.http11.Http11NioProtocol Starting ProtocolHandler ["http-nio-8100"]
2020-11-12 14:23:14 INFO  restartedMain org.springframework.boot.web.embedded.tomcat.TomcatWebServer Tomcat started on port(s): 8100 (http) with context path ''
2020-11-12 14:23:14 INFO  restartedMain springfox.documentation.spring.web.plugins.DocumentationPluginsBootstrapper Context refreshed
2020-11-12 14:23:14 INFO  restartedMain springfox.documentation.spring.web.plugins.DocumentationPluginsBootstrapper Found 1 custom documentation plugin(s)
2020-11-12 14:23:14 INFO  restartedMain springfox.documentation.spring.web.scanners.ApiListingReferenceScanner Scanning for api listing references
2020-11-12 14:23:15 INFO  restartedMain springfox.documentation.spring.web.readers.operation.CachingOperationNameGenerator Generating unique operation named: addDeptUsingPOST_1
2020-11-12 14:23:15 INFO  restartedMain springfox.documentation.spring.web.readers.operation.CachingOperationNameGenerator Generating unique operation named: updateDeptByIdUsingPUT_1
2020-11-12 14:23:15 INFO  restartedMain springfox.documentation.spring.web.readers.operation.CachingOperationNameGenerator Generating unique operation named: updateDeptByIdUsingPUT_2
2020-11-12 14:23:15 INFO  restartedMain com.hzy.manager.ManagerApplication Started ManagerApplication in 6.523 seconds (JVM running for 7.213)
2020-11-12 14:23:18 INFO  http-nio-8100-exec-4 org.apache.catalina.core.ContainerBase.[Tomcat].[localhost].[/] Initializing Spring DispatcherServlet 'dispatcherServlet'
2020-11-12 14:23:18 INFO  http-nio-8100-exec-4 org.springframework.web.servlet.DispatcherServlet Initializing Servlet 'dispatcherServlet'
2020-11-12 14:23:18 INFO  http-nio-8100-exec-4 org.springframework.web.servlet.DispatcherServlet Completed initialization in 11 ms
2020-11-12 14:23:18 INFO  http-nio-8100-exec-4 com.hzy.manager.config.TokenInterceptor 前端请求的token:a2f9c3ae71da4ef3a88384225dd7c2a3
2020-11-12 14:23:20 INFO  http-nio-8100-exec-4 com.hzy.manager.config.TokenInterceptor 前端请求的token:a2f9c3ae71da4ef3a88384225dd7c2a3
2020-11-12 14:24:18 INFO  http-nio-8100-exec-2 com.hzy.manager.config.TokenInterceptor 前端请求的token:a2f9c3ae71da4ef3a88384225dd7c2a3
2020-11-12 14:24:18 INFO  http-nio-8100-exec-2 com.hzy.manager.config.TokenInterceptor 前端请求的token:a2f9c3ae71da4ef3a88384225dd7c2a3
2020-11-12 14:25:32 INFO  http-nio-8100-exec-6 com.hzy.manager.config.TokenInterceptor 前端请求的token:a2f9c3ae71da4ef3a88384225dd7c2a3
2020-11-12 14:25:32 INFO  http-nio-8100-exec-6 com.hzy.manager.config.TokenInterceptor 前端请求的token:a2f9c3ae71da4ef3a88384225dd7c2a3
2020-11-12 14:25:55 INFO  http-nio-8100-exec-8 com.hzy.manager.config.TokenInterceptor 前端请求的token:a2f9c3ae71da4ef3a88384225dd7c2a3
2020-11-12 14:25:55 INFO  http-nio-8100-exec-8 com.hzy.manager.config.TokenInterceptor 前端请求的token:a2f9c3ae71da4ef3a88384225dd7c2a3
2020-11-12 14:30:11 INFO  restartedMain com.hzy.manager.ManagerApplication Starting ManagerApplication on LAPTOP-9DJTMSIR with PID 5136 (D:\hzyJava\pbsys\target\classes started by viz in D:\hzyJava\pbsys)
2020-11-12 14:30:11 INFO  restartedMain com.hzy.manager.ManagerApplication The following profiles are active: dev
2020-11-12 14:30:11 INFO  restartedMain org.springframework.boot.devtools.env.DevToolsPropertyDefaultsPostProcessor Devtools property defaults active! Set 'spring.devtools.add-properties' to 'false' to disable
2020-11-12 14:30:11 INFO  restartedMain org.springframework.boot.devtools.env.DevToolsPropertyDefaultsPostProcessor For additional web related logging consider setting the 'logging.level.web' property to 'DEBUG'
2020-11-12 14:30:13 INFO  restartedMain org.springframework.data.repository.config.RepositoryConfigurationDelegate Multiple Spring Data modules found, entering strict repository configuration mode!
2020-11-12 14:30:13 INFO  restartedMain org.springframework.data.repository.config.RepositoryConfigurationDelegate Bootstrapping Spring Data Redis repositories in DEFAULT mode.
2020-11-12 14:30:13 INFO  restartedMain org.springframework.data.repository.config.RepositoryConfigurationDelegate Finished Spring Data repository scanning in 34ms. Found 0 Redis repository interfaces.
2020-11-12 14:30:14 INFO  restartedMain org.springframework.boot.web.embedded.tomcat.TomcatWebServer Tomcat initialized with port(s): 8100 (http)
2020-11-12 14:30:14 INFO  restartedMain org.apache.coyote.http11.Http11NioProtocol Initializing ProtocolHandler ["http-nio-8100"]
2020-11-12 14:30:14 INFO  restartedMain org.apache.catalina.core.StandardService Starting service [Tomcat]
2020-11-12 14:30:14 INFO  restartedMain org.apache.catalina.core.StandardEngine Starting Servlet engine: [Apache Tomcat/9.0.36]
2020-11-12 14:30:15 INFO  restartedMain org.apache.catalina.core.ContainerBase.[Tomcat].[localhost].[/] Initializing Spring embedded WebApplicationContext
2020-11-12 14:30:15 INFO  restartedMain org.springframework.boot.web.servlet.context.ServletWebServerApplicationContext Root WebApplicationContext: initialization completed in 3285 ms
2020-11-12 14:30:16 INFO  restartedMain springfox.documentation.spring.web.PropertySourcedRequestMappingHandlerMapping Mapped URL path [/v2/api-docs] onto method [springfox.documentation.swagger2.web.Swagger2Controller#getDocumentation(String, HttpServletRequest)]
2020-11-12 14:30:16 INFO  restartedMain org.springframework.scheduling.concurrent.ThreadPoolTaskExecutor Initializing ExecutorService 'applicationTaskExecutor'
2020-11-12 14:30:16 INFO  restartedMain org.springframework.boot.devtools.autoconfigure.OptionalLiveReloadServer LiveReload server is running on port 35729
2020-11-12 14:30:17 INFO  restartedMain org.apache.coyote.http11.Http11NioProtocol Starting ProtocolHandler ["http-nio-8100"]
2020-11-12 14:30:17 INFO  restartedMain org.springframework.boot.web.embedded.tomcat.TomcatWebServer Tomcat started on port(s): 8100 (http) with context path ''
2020-11-12 14:30:17 INFO  restartedMain springfox.documentation.spring.web.plugins.DocumentationPluginsBootstrapper Context refreshed
2020-11-12 14:30:17 INFO  restartedMain springfox.documentation.spring.web.plugins.DocumentationPluginsBootstrapper Found 1 custom documentation plugin(s)
2020-11-12 14:30:17 INFO  restartedMain springfox.documentation.spring.web.scanners.ApiListingReferenceScanner Scanning for api listing references
2020-11-12 14:30:17 INFO  restartedMain springfox.documentation.spring.web.readers.operation.CachingOperationNameGenerator Generating unique operation named: addDeptUsingPOST_1
2020-11-12 14:30:17 INFO  restartedMain springfox.documentation.spring.web.readers.operation.CachingOperationNameGenerator Generating unique operation named: updateDeptByIdUsingPUT_1
2020-11-12 14:30:17 INFO  restartedMain springfox.documentation.spring.web.readers.operation.CachingOperationNameGenerator Generating unique operation named: updateDeptByIdUsingPUT_2
2020-11-12 14:30:17 INFO  restartedMain com.hzy.manager.ManagerApplication Started ManagerApplication in 6.377 seconds (JVM running for 7.095)
2020-11-12 14:31:34 INFO  http-nio-8100-exec-2 org.apache.catalina.core.ContainerBase.[Tomcat].[localhost].[/] Initializing Spring DispatcherServlet 'dispatcherServlet'
2020-11-12 14:31:34 INFO  http-nio-8100-exec-2 org.springframework.web.servlet.DispatcherServlet Initializing Servlet 'dispatcherServlet'
2020-11-12 14:31:34 INFO  http-nio-8100-exec-2 org.springframework.web.servlet.DispatcherServlet Completed initialization in 8 ms
2020-11-12 14:31:34 INFO  http-nio-8100-exec-2 com.hzy.manager.config.TokenInterceptor 前端请求的token:a2f9c3ae71da4ef3a88384225dd7c2a3
2020-11-12 14:31:36 INFO  http-nio-8100-exec-2 com.alibaba.druid.pool.DruidDataSource {dataSource-1} inited
2020-11-12 14:33:59 INFO  http-nio-8100-exec-5 com.hzy.manager.config.TokenInterceptor 前端请求的token:a2f9c3ae71da4ef3a88384225dd7c2a3
2020-11-12 14:38:38 INFO  http-nio-8100-exec-8 com.hzy.manager.config.TokenInterceptor 前端请求的token:a2f9c3ae71da4ef3a88384225dd7c2a3
2020-11-12 14:39:12 INFO  http-nio-8100-exec-9 com.hzy.manager.config.TokenInterceptor 前端请求的token:a2f9c3ae71da4ef3a88384225dd7c2a3
2020-11-12 14:46:17 INFO  restartedMain com.hzy.manager.ManagerApplication Starting ManagerApplication on LAPTOP-9DJTMSIR with PID 22888 (D:\hzyJava\pbsys\target\classes started by viz in D:\hzyJava\pbsys)
2020-11-12 14:46:17 INFO  restartedMain com.hzy.manager.ManagerApplication The following profiles are active: dev
2020-11-12 14:46:17 INFO  restartedMain org.springframework.boot.devtools.env.DevToolsPropertyDefaultsPostProcessor Devtools property defaults active! Set 'spring.devtools.add-properties' to 'false' to disable
2020-11-12 14:46:17 INFO  restartedMain org.springframework.boot.devtools.env.DevToolsPropertyDefaultsPostProcessor For additional web related logging consider setting the 'logging.level.web' property to 'DEBUG'
2020-11-12 14:46:18 INFO  restartedMain org.springframework.data.repository.config.RepositoryConfigurationDelegate Multiple Spring Data modules found, entering strict repository configuration mode!
2020-11-12 14:46:18 INFO  restartedMain org.springframework.data.repository.config.RepositoryConfigurationDelegate Bootstrapping Spring Data Redis repositories in DEFAULT mode.
2020-11-12 14:46:18 INFO  restartedMain org.springframework.data.repository.config.RepositoryConfigurationDelegate Finished Spring Data repository scanning in 25ms. Found 0 Redis repository interfaces.
2020-11-12 14:46:20 INFO  restartedMain org.springframework.boot.web.embedded.tomcat.TomcatWebServer Tomcat initialized with port(s): 8100 (http)
2020-11-12 14:46:20 INFO  restartedMain org.apache.coyote.http11.Http11NioProtocol Initializing ProtocolHandler ["http-nio-8100"]
2020-11-12 14:46:20 INFO  restartedMain org.apache.catalina.core.StandardService Starting service [Tomcat]
2020-11-12 14:46:20 INFO  restartedMain org.apache.catalina.core.StandardEngine Starting Servlet engine: [Apache Tomcat/9.0.36]
2020-11-12 14:46:20 INFO  restartedMain org.apache.catalina.core.ContainerBase.[Tomcat].[localhost].[/] Initializing Spring embedded WebApplicationContext
2020-11-12 14:46:20 INFO  restartedMain org.springframework.boot.web.servlet.context.ServletWebServerApplicationContext Root WebApplicationContext: initialization completed in 2964 ms
2020-11-12 14:46:22 INFO  restartedMain springfox.documentation.spring.web.PropertySourcedRequestMappingHandlerMapping Mapped URL path [/v2/api-docs] onto method [springfox.documentation.swagger2.web.Swagger2Controller#getDocumentation(String, HttpServletRequest)]
2020-11-12 14:46:22 INFO  restartedMain org.springframework.scheduling.concurrent.ThreadPoolTaskExecutor Initializing ExecutorService 'applicationTaskExecutor'
2020-11-12 14:46:22 INFO  restartedMain org.springframework.boot.devtools.autoconfigure.OptionalLiveReloadServer LiveReload server is running on port 35729
2020-11-12 14:46:22 INFO  restartedMain org.apache.coyote.http11.Http11NioProtocol Starting ProtocolHandler ["http-nio-8100"]
2020-11-12 14:46:22 INFO  restartedMain org.springframework.boot.web.embedded.tomcat.TomcatWebServer Tomcat started on port(s): 8100 (http) with context path ''
2020-11-12 14:46:22 INFO  restartedMain springfox.documentation.spring.web.plugins.DocumentationPluginsBootstrapper Context refreshed
2020-11-12 14:46:22 INFO  restartedMain springfox.documentation.spring.web.plugins.DocumentationPluginsBootstrapper Found 1 custom documentation plugin(s)
2020-11-12 14:46:22 INFO  restartedMain springfox.documentation.spring.web.scanners.ApiListingReferenceScanner Scanning for api listing references
2020-11-12 14:46:22 INFO  restartedMain springfox.documentation.spring.web.readers.operation.CachingOperationNameGenerator Generating unique operation named: addDeptUsingPOST_1
2020-11-12 14:46:22 INFO  restartedMain springfox.documentation.spring.web.readers.operation.CachingOperationNameGenerator Generating unique operation named: updateDeptByIdUsingPUT_1
2020-11-12 14:46:22 INFO  restartedMain springfox.documentation.spring.web.readers.operation.CachingOperationNameGenerator Generating unique operation named: updateDeptByIdUsingPUT_2
2020-11-12 14:46:22 INFO  restartedMain com.hzy.manager.ManagerApplication Started ManagerApplication in 5.906 seconds (JVM running for 6.584)
2020-11-12 14:46:38 INFO  restartedMain com.hzy.manager.ManagerApplication Starting ManagerApplication on LAPTOP-9DJTMSIR with PID 4984 (D:\hzyJava\pbsys\target\classes started by viz in D:\hzyJava\pbsys)
2020-11-12 14:46:38 INFO  restartedMain com.hzy.manager.ManagerApplication The following profiles are active: dev
2020-11-12 14:46:38 INFO  restartedMain org.springframework.boot.devtools.env.DevToolsPropertyDefaultsPostProcessor Devtools property defaults active! Set 'spring.devtools.add-properties' to 'false' to disable
2020-11-12 14:46:38 INFO  restartedMain org.springframework.boot.devtools.env.DevToolsPropertyDefaultsPostProcessor For additional web related logging consider setting the 'logging.level.web' property to 'DEBUG'
2020-11-12 14:46:39 INFO  restartedMain org.springframework.data.repository.config.RepositoryConfigurationDelegate Multiple Spring Data modules found, entering strict repository configuration mode!
2020-11-12 14:46:39 INFO  restartedMain org.springframework.data.repository.config.RepositoryConfigurationDelegate Bootstrapping Spring Data Redis repositories in DEFAULT mode.
2020-11-12 14:46:39 INFO  restartedMain org.springframework.data.repository.config.RepositoryConfigurationDelegate Finished Spring Data repository scanning in 36ms. Found 0 Redis repository interfaces.
2020-11-12 14:46:41 INFO  restartedMain org.springframework.boot.web.embedded.tomcat.TomcatWebServer Tomcat initialized with port(s): 8100 (http)
2020-11-12 14:46:41 INFO  restartedMain org.apache.coyote.http11.Http11NioProtocol Initializing ProtocolHandler ["http-nio-8100"]
2020-11-12 14:46:41 INFO  restartedMain org.apache.catalina.core.StandardService Starting service [Tomcat]
2020-11-12 14:46:41 INFO  restartedMain org.apache.catalina.core.StandardEngine Starting Servlet engine: [Apache Tomcat/9.0.36]
2020-11-12 14:46:41 INFO  restartedMain org.apache.catalina.core.ContainerBase.[Tomcat].[localhost].[/] Initializing Spring embedded WebApplicationContext
2020-11-12 14:46:41 INFO  restartedMain org.springframework.boot.web.servlet.context.ServletWebServerApplicationContext Root WebApplicationContext: initialization completed in 3291 ms
2020-11-12 14:46:43 INFO  restartedMain springfox.documentation.spring.web.PropertySourcedRequestMappingHandlerMapping Mapped URL path [/v2/api-docs] onto method [springfox.documentation.swagger2.web.Swagger2Controller#getDocumentation(String, HttpServletRequest)]
2020-11-12 14:46:43 INFO  restartedMain org.springframework.scheduling.concurrent.ThreadPoolTaskExecutor Initializing ExecutorService 'applicationTaskExecutor'
2020-11-12 14:46:43 INFO  restartedMain org.springframework.boot.devtools.autoconfigure.OptionalLiveReloadServer LiveReload server is running on port 35729
2020-11-12 14:46:43 INFO  restartedMain org.apache.coyote.http11.Http11NioProtocol Starting ProtocolHandler ["http-nio-8100"]
2020-11-12 14:46:43 INFO  restartedMain org.springframework.boot.web.embedded.tomcat.TomcatWebServer Tomcat started on port(s): 8100 (http) with context path ''
2020-11-12 14:46:43 INFO  restartedMain springfox.documentation.spring.web.plugins.DocumentationPluginsBootstrapper Context refreshed
2020-11-12 14:46:43 INFO  restartedMain springfox.documentation.spring.web.plugins.DocumentationPluginsBootstrapper Found 1 custom documentation plugin(s)
2020-11-12 14:46:44 INFO  restartedMain springfox.documentation.spring.web.scanners.ApiListingReferenceScanner Scanning for api listing references
2020-11-12 14:46:44 INFO  restartedMain springfox.documentation.spring.web.readers.operation.CachingOperationNameGenerator Generating unique operation named: addDeptUsingPOST_1
2020-11-12 14:46:44 INFO  restartedMain springfox.documentation.spring.web.readers.operation.CachingOperationNameGenerator Generating unique operation named: updateDeptByIdUsingPUT_1
2020-11-12 14:46:44 INFO  restartedMain springfox.documentation.spring.web.readers.operation.CachingOperationNameGenerator Generating unique operation named: updateDeptByIdUsingPUT_2
2020-11-12 14:46:44 INFO  restartedMain com.hzy.manager.ManagerApplication Started ManagerApplication in 6.664 seconds (JVM running for 7.258)
2020-11-12 14:50:11 INFO  restartedMain com.hzy.manager.ManagerApplication Starting ManagerApplication on LAPTOP-9DJTMSIR with PID 20888 (D:\hzyJava\pbsys\target\classes started by viz in D:\hzyJava\pbsys)
2020-11-12 14:50:11 INFO  restartedMain com.hzy.manager.ManagerApplication The following profiles are active: dev
2020-11-12 14:50:12 INFO  restartedMain org.springframework.boot.devtools.env.DevToolsPropertyDefaultsPostProcessor Devtools property defaults active! Set 'spring.devtools.add-properties' to 'false' to disable
2020-11-12 14:50:12 INFO  restartedMain org.springframework.boot.devtools.env.DevToolsPropertyDefaultsPostProcessor For additional web related logging consider setting the 'logging.level.web' property to 'DEBUG'
2020-11-12 14:50:13 INFO  restartedMain org.springframework.data.repository.config.RepositoryConfigurationDelegate Multiple Spring Data modules found, entering strict repository configuration mode!
2020-11-12 14:50:13 INFO  restartedMain org.springframework.data.repository.config.RepositoryConfigurationDelegate Bootstrapping Spring Data Redis repositories in DEFAULT mode.
2020-11-12 14:50:13 INFO  restartedMain org.springframework.data.repository.config.RepositoryConfigurationDelegate Finished Spring Data repository scanning in 33ms. Found 0 Redis repository interfaces.
2020-11-12 14:50:15 INFO  restartedMain org.springframework.boot.web.embedded.tomcat.TomcatWebServer Tomcat initialized with port(s): 8100 (http)
2020-11-12 14:50:15 INFO  restartedMain org.apache.coyote.http11.Http11NioProtocol Initializing ProtocolHandler ["http-nio-8100"]
2020-11-12 14:50:15 INFO  restartedMain org.apache.catalina.core.StandardService Starting service [Tomcat]
2020-11-12 14:50:15 INFO  restartedMain org.apache.catalina.core.StandardEngine Starting Servlet engine: [Apache Tomcat/9.0.36]
2020-11-12 14:50:15 INFO  restartedMain org.apache.catalina.core.ContainerBase.[Tomcat].[localhost].[/] Initializing Spring embedded WebApplicationContext
2020-11-12 14:50:15 INFO  restartedMain org.springframework.boot.web.servlet.context.ServletWebServerApplicationContext Root WebApplicationContext: initialization completed in 3337 ms
2020-11-12 14:50:17 INFO  restartedMain springfox.documentation.spring.web.PropertySourcedRequestMappingHandlerMapping Mapped URL path [/v2/api-docs] onto method [springfox.documentation.swagger2.web.Swagger2Controller#getDocumentation(String, HttpServletRequest)]
2020-11-12 14:50:17 INFO  restartedMain org.springframework.scheduling.concurrent.ThreadPoolTaskExecutor Initializing ExecutorService 'applicationTaskExecutor'
2020-11-12 14:50:17 INFO  restartedMain org.springframework.boot.devtools.autoconfigure.OptionalLiveReloadServer LiveReload server is running on port 35729
2020-11-12 14:50:17 INFO  restartedMain org.apache.coyote.http11.Http11NioProtocol Starting ProtocolHandler ["http-nio-8100"]
2020-11-12 14:50:17 INFO  restartedMain org.springframework.boot.web.embedded.tomcat.TomcatWebServer Tomcat started on port(s): 8100 (http) with context path ''
2020-11-12 14:50:17 INFO  restartedMain springfox.documentation.spring.web.plugins.DocumentationPluginsBootstrapper Context refreshed
2020-11-12 14:50:17 INFO  restartedMain springfox.documentation.spring.web.plugins.DocumentationPluginsBootstrapper Found 1 custom documentation plugin(s)
2020-11-12 14:50:17 INFO  restartedMain springfox.documentation.spring.web.scanners.ApiListingReferenceScanner Scanning for api listing references
2020-11-12 14:50:17 INFO  restartedMain springfox.documentation.spring.web.readers.operation.CachingOperationNameGenerator Generating unique operation named: addDeptUsingPOST_1
2020-11-12 14:50:17 INFO  restartedMain springfox.documentation.spring.web.readers.operation.CachingOperationNameGenerator Generating unique operation named: updateDeptByIdUsingPUT_1
2020-11-12 14:50:17 INFO  restartedMain springfox.documentation.spring.web.readers.operation.CachingOperationNameGenerator Generating unique operation named: updateDeptByIdUsingPUT_2
2020-11-12 14:50:17 INFO  restartedMain com.hzy.manager.ManagerApplication Started ManagerApplication in 6.506 seconds (JVM running for 7.202)
2020-11-12 14:51:36 INFO  http-nio-8100-exec-2 org.apache.catalina.core.ContainerBase.[Tomcat].[localhost].[/] Initializing Spring DispatcherServlet 'dispatcherServlet'
2020-11-12 14:51:36 INFO  http-nio-8100-exec-2 org.springframework.web.servlet.DispatcherServlet Initializing Servlet 'dispatcherServlet'
2020-11-12 14:51:36 INFO  http-nio-8100-exec-2 org.springframework.web.servlet.DispatcherServlet Completed initialization in 8 ms
2020-11-12 14:51:36 INFO  http-nio-8100-exec-2 com.hzy.manager.config.TokenInterceptor 前端请求的token:a2f9c3ae71da4ef3a88384225dd7c2a3
2020-11-12 14:51:59 INFO  restartedMain com.hzy.manager.ManagerApplication Starting ManagerApplication on LAPTOP-9DJTMSIR with PID 15084 (D:\hzyJava\pbsys\target\classes started by viz in D:\hzyJava\pbsys)
2020-11-12 14:52:00 INFO  restartedMain com.hzy.manager.ManagerApplication The following profiles are active: dev
2020-11-12 14:52:00 INFO  restartedMain org.springframework.boot.devtools.env.DevToolsPropertyDefaultsPostProcessor Devtools property defaults active! Set 'spring.devtools.add-properties' to 'false' to disable
2020-11-12 14:52:00 INFO  restartedMain org.springframework.boot.devtools.env.DevToolsPropertyDefaultsPostProcessor For additional web related logging consider setting the 'logging.level.web' property to 'DEBUG'
2020-11-12 14:52:01 INFO  restartedMain org.springframework.data.repository.config.RepositoryConfigurationDelegate Multiple Spring Data modules found, entering strict repository configuration mode!
2020-11-12 14:52:01 INFO  restartedMain org.springframework.data.repository.config.RepositoryConfigurationDelegate Bootstrapping Spring Data Redis repositories in DEFAULT mode.
2020-11-12 14:52:01 INFO  restartedMain org.springframework.data.repository.config.RepositoryConfigurationDelegate Finished Spring Data repository scanning in 30ms. Found 0 Redis repository interfaces.
2020-11-12 14:52:03 INFO  restartedMain org.springframework.boot.web.embedded.tomcat.TomcatWebServer Tomcat initialized with port(s): 8100 (http)
2020-11-12 14:52:03 INFO  restartedMain org.apache.coyote.http11.Http11NioProtocol Initializing ProtocolHandler ["http-nio-8100"]
2020-11-12 14:52:03 INFO  restartedMain org.apache.catalina.core.StandardService Starting service [Tomcat]
2020-11-12 14:52:03 INFO  restartedMain org.apache.catalina.core.StandardEngine Starting Servlet engine: [Apache Tomcat/9.0.36]
2020-11-12 14:52:03 INFO  restartedMain org.apache.catalina.core.ContainerBase.[Tomcat].[localhost].[/] Initializing Spring embedded WebApplicationContext
2020-11-12 14:52:03 INFO  restartedMain org.springframework.boot.web.servlet.context.ServletWebServerApplicationContext Root WebApplicationContext: initialization completed in 3063 ms
2020-11-12 14:52:04 INFO  restartedMain springfox.documentation.spring.web.PropertySourcedRequestMappingHandlerMapping Mapped URL path [/v2/api-docs] onto method [springfox.documentation.swagger2.web.Swagger2Controller#getDocumentation(String, HttpServletRequest)]
2020-11-12 14:52:04 INFO  restartedMain org.springframework.scheduling.concurrent.ThreadPoolTaskExecutor Initializing ExecutorService 'applicationTaskExecutor'
2020-11-12 14:52:04 INFO  restartedMain org.springframework.boot.devtools.autoconfigure.OptionalLiveReloadServer LiveReload server is running on port 35729
2020-11-12 14:52:05 INFO  restartedMain org.apache.coyote.http11.Http11NioProtocol Starting ProtocolHandler ["http-nio-8100"]
2020-11-12 14:52:05 INFO  restartedMain org.springframework.boot.web.embedded.tomcat.TomcatWebServer Tomcat started on port(s): 8100 (http) with context path ''
2020-11-12 14:52:05 INFO  restartedMain springfox.documentation.spring.web.plugins.DocumentationPluginsBootstrapper Context refreshed
2020-11-12 14:52:05 INFO  restartedMain springfox.documentation.spring.web.plugins.DocumentationPluginsBootstrapper Found 1 custom documentation plugin(s)
2020-11-12 14:52:05 INFO  restartedMain springfox.documentation.spring.web.scanners.ApiListingReferenceScanner Scanning for api listing references
2020-11-12 14:52:05 INFO  restartedMain springfox.documentation.spring.web.readers.operation.CachingOperationNameGenerator Generating unique operation named: addDeptUsingPOST_1
2020-11-12 14:52:05 INFO  restartedMain springfox.documentation.spring.web.readers.operation.CachingOperationNameGenerator Generating unique operation named: updateDeptByIdUsingPUT_1
2020-11-12 14:52:05 INFO  restartedMain springfox.documentation.spring.web.readers.operation.CachingOperationNameGenerator Generating unique operation named: updateDeptByIdUsingPUT_2
2020-11-12 14:52:05 INFO  restartedMain com.hzy.manager.ManagerApplication Started ManagerApplication in 5.993 seconds (JVM running for 6.598)
2020-11-12 14:52:20 INFO  http-nio-8100-exec-2 org.apache.catalina.core.ContainerBase.[Tomcat].[localhost].[/] Initializing Spring DispatcherServlet 'dispatcherServlet'
2020-11-12 14:52:20 INFO  http-nio-8100-exec-2 org.springframework.web.servlet.DispatcherServlet Initializing Servlet 'dispatcherServlet'
2020-11-12 14:52:20 INFO  http-nio-8100-exec-2 org.springframework.web.servlet.DispatcherServlet Completed initialization in 7 ms
2020-11-12 14:52:20 INFO  http-nio-8100-exec-2 com.hzy.manager.config.TokenInterceptor 前端请求的token:a2f9c3ae71da4ef3a88384225dd7c2a3
2020-11-12 14:52:22 INFO  http-nio-8100-exec-2 com.alibaba.druid.pool.DruidDataSource {dataSource-1} inited
2020-11-12 15:29:45 INFO  main com.hzy.manager.ManagerApplicationTests Starting ManagerApplicationTests on LAPTOP-9DJTMSIR with PID 2468 (started by viz in D:\hzyJava\pbsys)
2020-11-12 15:29:45 INFO  main com.hzy.manager.ManagerApplicationTests The following profiles are active: test
2020-11-12 15:29:46 INFO  main org.springframework.data.repository.config.RepositoryConfigurationDelegate Multiple Spring Data modules found, entering strict repository configuration mode!
2020-11-12 15:29:46 INFO  main org.springframework.data.repository.config.RepositoryConfigurationDelegate Bootstrapping Spring Data Redis repositories in DEFAULT mode.
2020-11-12 15:29:46 INFO  main org.springframework.data.repository.config.RepositoryConfigurationDelegate Finished Spring Data repository scanning in 31ms. Found 0 Redis repository interfaces.
2020-11-12 15:29:49 INFO  main springfox.documentation.spring.web.PropertySourcedRequestMappingHandlerMapping Mapped URL path [/v2/api-docs] onto method [springfox.documentation.swagger2.web.Swagger2Controller#getDocumentation(String, HttpServletRequest)]
2020-11-12 15:29:49 INFO  main org.springframework.scheduling.concurrent.ThreadPoolTaskExecutor Initializing ExecutorService 'applicationTaskExecutor'
2020-11-12 15:29:50 INFO  main springfox.documentation.spring.web.plugins.DocumentationPluginsBootstrapper Context refreshed
2020-11-12 15:29:50 INFO  main springfox.documentation.spring.web.plugins.DocumentationPluginsBootstrapper Found 1 custom documentation plugin(s)
2020-11-12 15:29:50 INFO  main springfox.documentation.spring.web.scanners.ApiListingReferenceScanner Scanning for api listing references
2020-11-12 15:29:50 INFO  main springfox.documentation.spring.web.readers.operation.CachingOperationNameGenerator Generating unique operation named: addDeptUsingPOST_1
2020-11-12 15:29:50 INFO  main springfox.documentation.spring.web.readers.operation.CachingOperationNameGenerator Generating unique operation named: updateDeptByIdUsingPUT_1
2020-11-12 15:29:50 INFO  main springfox.documentation.spring.web.readers.operation.CachingOperationNameGenerator Generating unique operation named: updateDeptByIdUsingPUT_2
2020-11-12 15:29:50 INFO  main com.hzy.manager.ManagerApplicationTests Started ManagerApplicationTests in 5.02 seconds (JVM running for 5.907)
2020-11-12 15:29:53 INFO  main com.alibaba.druid.pool.DruidDataSource {dataSource-1} inited
2020-11-12 15:29:55 INFO  SpringContextShutdownHook org.springframework.scheduling.concurrent.ThreadPoolTaskExecutor Shutting down ExecutorService 'applicationTaskExecutor'
2020-11-12 15:29:55 INFO  SpringContextShutdownHook com.alibaba.druid.pool.DruidDataSource {dataSource-1} closed
2020-11-12 16:07:55 INFO  main com.hzy.manager.ManagerApplicationTests Starting ManagerApplicationTests on LAPTOP-9DJTMSIR with PID 9116 (started by viz in D:\hzyJava\pbsys)
2020-11-12 16:07:55 INFO  main com.hzy.manager.ManagerApplicationTests The following profiles are active: test
2020-11-12 16:07:56 INFO  main org.springframework.data.repository.config.RepositoryConfigurationDelegate Multiple Spring Data modules found, entering strict repository configuration mode!
2020-11-12 16:07:56 INFO  main org.springframework.data.repository.config.RepositoryConfigurationDelegate Bootstrapping Spring Data Redis repositories in DEFAULT mode.
2020-11-12 16:07:56 INFO  main org.springframework.data.repository.config.RepositoryConfigurationDelegate Finished Spring Data repository scanning in 26ms. Found 0 Redis repository interfaces.
2020-11-12 16:07:59 INFO  main springfox.documentation.spring.web.PropertySourcedRequestMappingHandlerMapping Mapped URL path [/v2/api-docs] onto method [springfox.documentation.swagger2.web.Swagger2Controller#getDocumentation(String, HttpServletRequest)]
2020-11-12 16:07:59 INFO  main org.springframework.scheduling.concurrent.ThreadPoolTaskExecutor Initializing ExecutorService 'applicationTaskExecutor'
2020-11-12 16:08:00 INFO  main springfox.documentation.spring.web.plugins.DocumentationPluginsBootstrapper Context refreshed
2020-11-12 16:08:00 INFO  main springfox.documentation.spring.web.plugins.DocumentationPluginsBootstrapper Found 1 custom documentation plugin(s)
2020-11-12 16:08:00 INFO  main springfox.documentation.spring.web.scanners.ApiListingReferenceScanner Scanning for api listing references
2020-11-12 16:08:00 INFO  main springfox.documentation.spring.web.readers.operation.CachingOperationNameGenerator Generating unique operation named: addDeptUsingPOST_1
2020-11-12 16:08:00 INFO  main springfox.documentation.spring.web.readers.operation.CachingOperationNameGenerator Generating unique operation named: updateDeptByIdUsingPUT_1
2020-11-12 16:08:00 INFO  main springfox.documentation.spring.web.readers.operation.CachingOperationNameGenerator Generating unique operation named: updateDeptByIdUsingPUT_2
2020-11-12 16:08:00 INFO  main com.hzy.manager.ManagerApplicationTests Started ManagerApplicationTests in 5.461 seconds (JVM running for 6.437)
2020-11-12 16:08:03 INFO  main com.alibaba.druid.pool.DruidDataSource {dataSource-1} inited
2020-11-12 16:08:04 INFO  SpringContextShutdownHook org.springframework.scheduling.concurrent.ThreadPoolTaskExecutor Shutting down ExecutorService 'applicationTaskExecutor'
2020-11-12 16:08:04 INFO  SpringContextShutdownHook com.alibaba.druid.pool.DruidDataSource {dataSource-1} closed
2020-11-12 18:16:16 INFO  restartedMain com.hzy.manager.ManagerApplication Starting ManagerApplication on LAPTOP-9DJTMSIR with PID 6184 (D:\hzyJava\pbsys\target\classes started by viz in D:\hzyJava\pbsys)
2020-11-12 18:16:16 INFO  restartedMain com.hzy.manager.ManagerApplication The following profiles are active: dev
2020-11-12 18:16:16 INFO  restartedMain org.springframework.boot.devtools.env.DevToolsPropertyDefaultsPostProcessor Devtools property defaults active! Set 'spring.devtools.add-properties' to 'false' to disable
2020-11-12 18:16:16 INFO  restartedMain org.springframework.boot.devtools.env.DevToolsPropertyDefaultsPostProcessor For additional web related logging consider setting the 'logging.level.web' property to 'DEBUG'
2020-11-12 18:16:17 INFO  restartedMain org.springframework.data.repository.config.RepositoryConfigurationDelegate Multiple Spring Data modules found, entering strict repository configuration mode!
2020-11-12 18:16:17 INFO  restartedMain org.springframework.data.repository.config.RepositoryConfigurationDelegate Bootstrapping Spring Data Redis repositories in DEFAULT mode.
2020-11-12 18:16:17 INFO  restartedMain org.springframework.data.repository.config.RepositoryConfigurationDelegate Finished Spring Data repository scanning in 29ms. Found 0 Redis repository interfaces.
2020-11-12 18:16:18 INFO  restartedMain org.springframework.boot.web.embedded.tomcat.TomcatWebServer Tomcat initialized with port(s): 8100 (http)
2020-11-12 18:16:18 INFO  restartedMain org.apache.coyote.http11.Http11NioProtocol Initializing ProtocolHandler ["http-nio-8100"]
2020-11-12 18:16:18 INFO  restartedMain org.apache.catalina.core.StandardService Starting service [Tomcat]
2020-11-12 18:16:18 INFO  restartedMain org.apache.catalina.core.StandardEngine Starting Servlet engine: [Apache Tomcat/9.0.36]
2020-11-12 18:16:19 INFO  restartedMain org.apache.catalina.core.ContainerBase.[Tomcat].[localhost].[/] Initializing Spring embedded WebApplicationContext
2020-11-12 18:16:19 INFO  restartedMain org.springframework.boot.web.servlet.context.ServletWebServerApplicationContext Root WebApplicationContext: initialization completed in 3013 ms
2020-11-12 18:16:20 INFO  restartedMain springfox.documentation.spring.web.PropertySourcedRequestMappingHandlerMapping Mapped URL path [/v2/api-docs] onto method [springfox.documentation.swagger2.web.Swagger2Controller#getDocumentation(String, HttpServletRequest)]
2020-11-12 18:16:20 INFO  restartedMain org.springframework.scheduling.concurrent.ThreadPoolTaskExecutor Initializing ExecutorService 'applicationTaskExecutor'
2020-11-12 18:16:20 INFO  restartedMain org.springframework.boot.devtools.autoconfigure.OptionalLiveReloadServer LiveReload server is running on port 35729
2020-11-12 18:16:21 INFO  restartedMain org.apache.coyote.http11.Http11NioProtocol Starting ProtocolHandler ["http-nio-8100"]
2020-11-12 18:16:21 INFO  restartedMain org.springframework.boot.web.embedded.tomcat.TomcatWebServer Tomcat started on port(s): 8100 (http) with context path ''
2020-11-12 18:16:21 INFO  restartedMain springfox.documentation.spring.web.plugins.DocumentationPluginsBootstrapper Context refreshed
2020-11-12 18:16:21 INFO  restartedMain springfox.documentation.spring.web.plugins.DocumentationPluginsBootstrapper Found 1 custom documentation plugin(s)
2020-11-12 18:16:21 INFO  restartedMain springfox.documentation.spring.web.scanners.ApiListingReferenceScanner Scanning for api listing references
2020-11-12 18:16:21 INFO  restartedMain springfox.documentation.spring.web.readers.operation.CachingOperationNameGenerator Generating unique operation named: addDeptUsingPOST_1
2020-11-12 18:16:21 INFO  restartedMain springfox.documentation.spring.web.readers.operation.CachingOperationNameGenerator Generating unique operation named: updateDeptByIdUsingPUT_1
2020-11-12 18:16:21 INFO  restartedMain springfox.documentation.spring.web.readers.operation.CachingOperationNameGenerator Generating unique operation named: updateDeptByIdUsingPUT_2
2020-11-12 18:16:21 INFO  restartedMain com.hzy.manager.ManagerApplication Started ManagerApplication in 6.046 seconds (JVM running for 6.685)
2020-11-12 18:17:24 INFO  http-nio-8100-exec-2 org.apache.catalina.core.ContainerBase.[Tomcat].[localhost].[/] Initializing Spring DispatcherServlet 'dispatcherServlet'
2020-11-12 18:17:24 INFO  http-nio-8100-exec-2 org.springframework.web.servlet.DispatcherServlet Initializing Servlet 'dispatcherServlet'
2020-11-12 18:17:24 INFO  http-nio-8100-exec-2 org.springframework.web.servlet.DispatcherServlet Completed initialization in 10 ms
2020-11-12 18:17:24 INFO  http-nio-8100-exec-2 com.alibaba.druid.pool.DruidDataSource {dataSource-1} inited
2020-11-12 18:24:58 INFO  restartedMain com.hzy.manager.ManagerApplication Starting ManagerApplication on LAPTOP-9DJTMSIR with PID 26192 (D:\hzyJava\pbsys\target\classes started by viz in D:\hzyJava\pbsys)
2020-11-12 18:24:58 INFO  restartedMain com.hzy.manager.ManagerApplication The following profiles are active: dev
2020-11-12 18:24:59 INFO  restartedMain org.springframework.boot.devtools.env.DevToolsPropertyDefaultsPostProcessor Devtools property defaults active! Set 'spring.devtools.add-properties' to 'false' to disable
2020-11-12 18:24:59 INFO  restartedMain org.springframework.boot.devtools.env.DevToolsPropertyDefaultsPostProcessor For additional web related logging consider setting the 'logging.level.web' property to 'DEBUG'
2020-11-12 18:25:00 INFO  restartedMain org.springframework.data.repository.config.RepositoryConfigurationDelegate Multiple Spring Data modules found, entering strict repository configuration mode!
2020-11-12 18:25:00 INFO  restartedMain org.springframework.data.repository.config.RepositoryConfigurationDelegate Bootstrapping Spring Data Redis repositories in DEFAULT mode.
2020-11-12 18:25:00 INFO  restartedMain org.springframework.data.repository.config.RepositoryConfigurationDelegate Finished Spring Data repository scanning in 27ms. Found 0 Redis repository interfaces.
2020-11-12 18:25:01 INFO  restartedMain org.springframework.boot.web.embedded.tomcat.TomcatWebServer Tomcat initialized with port(s): 8100 (http)
2020-11-12 18:25:01 INFO  restartedMain org.apache.coyote.http11.Http11NioProtocol Initializing ProtocolHandler ["http-nio-8100"]
2020-11-12 18:25:01 INFO  restartedMain org.apache.catalina.core.StandardService Starting service [Tomcat]
2020-11-12 18:25:01 INFO  restartedMain org.apache.catalina.core.StandardEngine Starting Servlet engine: [Apache Tomcat/9.0.36]
2020-11-12 18:25:02 INFO  restartedMain org.apache.catalina.core.ContainerBase.[Tomcat].[localhost].[/] Initializing Spring embedded WebApplicationContext
2020-11-12 18:25:02 INFO  restartedMain org.springframework.boot.web.servlet.context.ServletWebServerApplicationContext Root WebApplicationContext: initialization completed in 3021 ms
2020-11-12 18:25:03 INFO  restartedMain springfox.documentation.spring.web.PropertySourcedRequestMappingHandlerMapping Mapped URL path [/v2/api-docs] onto method [springfox.documentation.swagger2.web.Swagger2Controller#getDocumentation(String, HttpServletRequest)]
2020-11-12 18:25:03 INFO  restartedMain org.springframework.scheduling.concurrent.ThreadPoolTaskExecutor Initializing ExecutorService 'applicationTaskExecutor'
2020-11-12 18:25:03 INFO  restartedMain org.springframework.boot.devtools.autoconfigure.OptionalLiveReloadServer LiveReload server is running on port 35729
2020-11-12 18:25:04 INFO  restartedMain org.apache.coyote.http11.Http11NioProtocol Starting ProtocolHandler ["http-nio-8100"]
2020-11-12 18:25:04 INFO  restartedMain org.springframework.boot.web.embedded.tomcat.TomcatWebServer Tomcat started on port(s): 8100 (http) with context path ''
2020-11-12 18:25:04 INFO  restartedMain springfox.documentation.spring.web.plugins.DocumentationPluginsBootstrapper Context refreshed
2020-11-12 18:25:04 INFO  restartedMain springfox.documentation.spring.web.plugins.DocumentationPluginsBootstrapper Found 1 custom documentation plugin(s)
2020-11-12 18:25:04 INFO  restartedMain springfox.documentation.spring.web.scanners.ApiListingReferenceScanner Scanning for api listing references
2020-11-12 18:25:04 INFO  restartedMain springfox.documentation.spring.web.readers.operation.CachingOperationNameGenerator Generating unique operation named: addDeptUsingPOST_1
2020-11-12 18:25:04 INFO  restartedMain springfox.documentation.spring.web.readers.operation.CachingOperationNameGenerator Generating unique operation named: updateDeptByIdUsingPUT_1
2020-11-12 18:25:04 INFO  restartedMain springfox.documentation.spring.web.readers.operation.CachingOperationNameGenerator Generating unique operation named: updateDeptByIdUsingPUT_2
2020-11-12 18:25:04 INFO  restartedMain com.hzy.manager.ManagerApplication Started ManagerApplication in 6.041 seconds (JVM running for 6.631)
2020-11-12 18:28:48 INFO  restartedMain com.hzy.manager.ManagerApplication Starting ManagerApplication on LAPTOP-9DJTMSIR with PID 21164 (D:\hzyJava\pbsys\target\classes started by viz in D:\hzyJava\pbsys)
2020-11-12 18:28:48 INFO  restartedMain com.hzy.manager.ManagerApplication The following profiles are active: dev
2020-11-12 18:28:48 INFO  restartedMain org.springframework.boot.devtools.env.DevToolsPropertyDefaultsPostProcessor Devtools property defaults active! Set 'spring.devtools.add-properties' to 'false' to disable
2020-11-12 18:28:48 INFO  restartedMain org.springframework.boot.devtools.env.DevToolsPropertyDefaultsPostProcessor For additional web related logging consider setting the 'logging.level.web' property to 'DEBUG'
2020-11-12 18:28:49 INFO  restartedMain org.springframework.data.repository.config.RepositoryConfigurationDelegate Multiple Spring Data modules found, entering strict repository configuration mode!
2020-11-12 18:28:49 INFO  restartedMain org.springframework.data.repository.config.RepositoryConfigurationDelegate Bootstrapping Spring Data Redis repositories in DEFAULT mode.
2020-11-12 18:28:49 INFO  restartedMain org.springframework.data.repository.config.RepositoryConfigurationDelegate Finished Spring Data repository scanning in 33ms. Found 0 Redis repository interfaces.
2020-11-12 18:28:51 INFO  restartedMain org.springframework.boot.web.embedded.tomcat.TomcatWebServer Tomcat initialized with port(s): 8100 (http)
2020-11-12 18:28:51 INFO  restartedMain org.apache.coyote.http11.Http11NioProtocol Initializing ProtocolHandler ["http-nio-8100"]
2020-11-12 18:28:51 INFO  restartedMain org.apache.catalina.core.StandardService Starting service [Tomcat]
2020-11-12 18:28:51 INFO  restartedMain org.apache.catalina.core.StandardEngine Starting Servlet engine: [Apache Tomcat/9.0.36]
2020-11-12 18:28:51 INFO  restartedMain org.apache.catalina.core.ContainerBase.[Tomcat].[localhost].[/] Initializing Spring embedded WebApplicationContext
2020-11-12 18:28:51 INFO  restartedMain org.springframework.boot.web.servlet.context.ServletWebServerApplicationContext Root WebApplicationContext: initialization completed in 3729 ms
2020-11-12 18:28:54 INFO  restartedMain springfox.documentation.spring.web.PropertySourcedRequestMappingHandlerMapping Mapped URL path [/v2/api-docs] onto method [springfox.documentation.swagger2.web.Swagger2Controller#getDocumentation(String, HttpServletRequest)]
2020-11-12 18:28:54 INFO  restartedMain org.springframework.scheduling.concurrent.ThreadPoolTaskExecutor Initializing ExecutorService 'applicationTaskExecutor'
2020-11-12 18:28:54 INFO  restartedMain org.springframework.boot.devtools.autoconfigure.OptionalLiveReloadServer LiveReload server is running on port 35729
2020-11-12 18:28:54 INFO  restartedMain org.apache.coyote.http11.Http11NioProtocol Starting ProtocolHandler ["http-nio-8100"]
2020-11-12 18:28:54 INFO  restartedMain org.springframework.boot.web.embedded.tomcat.TomcatWebServer Tomcat started on port(s): 8100 (http) with context path ''
2020-11-12 18:28:54 INFO  restartedMain springfox.documentation.spring.web.plugins.DocumentationPluginsBootstrapper Context refreshed
2020-11-12 18:28:54 INFO  restartedMain springfox.documentation.spring.web.plugins.DocumentationPluginsBootstrapper Found 1 custom documentation plugin(s)
2020-11-12 18:28:54 INFO  restartedMain springfox.documentation.spring.web.scanners.ApiListingReferenceScanner Scanning for api listing references
2020-11-12 18:28:54 INFO  restartedMain springfox.documentation.spring.web.readers.operation.CachingOperationNameGenerator Generating unique operation named: addDeptUsingPOST_1
2020-11-12 18:28:54 INFO  restartedMain springfox.documentation.spring.web.readers.operation.CachingOperationNameGenerator Generating unique operation named: updateDeptByIdUsingPUT_1
2020-11-12 18:28:54 INFO  restartedMain springfox.documentation.spring.web.readers.operation.CachingOperationNameGenerator Generating unique operation named: updateDeptByIdUsingPUT_2
2020-11-12 18:28:54 INFO  restartedMain com.hzy.manager.ManagerApplication Started ManagerApplication in 7.672 seconds (JVM running for 8.96)
2020-11-12 18:29:12 INFO  SpringContextShutdownHook org.springframework.scheduling.concurrent.ThreadPoolTaskExecutor Shutting down ExecutorService 'applicationTaskExecutor'
2020-11-12 18:29:15 INFO  restartedMain com.hzy.manager.ManagerApplication Starting ManagerApplication on LAPTOP-9DJTMSIR with PID 15996 (D:\hzyJava\pbsys\target\classes started by viz in D:\hzyJava\pbsys)
2020-11-12 18:29:15 INFO  restartedMain com.hzy.manager.ManagerApplication The following profiles are active: dev
2020-11-12 18:29:15 INFO  restartedMain org.springframework.boot.devtools.env.DevToolsPropertyDefaultsPostProcessor Devtools property defaults active! Set 'spring.devtools.add-properties' to 'false' to disable
2020-11-12 18:29:15 INFO  restartedMain org.springframework.boot.devtools.env.DevToolsPropertyDefaultsPostProcessor For additional web related logging consider setting the 'logging.level.web' property to 'DEBUG'
2020-11-12 18:29:16 INFO  restartedMain org.springframework.data.repository.config.RepositoryConfigurationDelegate Multiple Spring Data modules found, entering strict repository configuration mode!
2020-11-12 18:29:16 INFO  restartedMain org.springframework.data.repository.config.RepositoryConfigurationDelegate Bootstrapping Spring Data Redis repositories in DEFAULT mode.
2020-11-12 18:29:16 INFO  restartedMain org.springframework.data.repository.config.RepositoryConfigurationDelegate Finished Spring Data repository scanning in 34ms. Found 0 Redis repository interfaces.
2020-11-12 18:29:18 INFO  restartedMain org.springframework.boot.web.embedded.tomcat.TomcatWebServer Tomcat initialized with port(s): 8100 (http)
2020-11-12 18:29:18 INFO  restartedMain org.apache.coyote.http11.Http11NioProtocol Initializing ProtocolHandler ["http-nio-8100"]
2020-11-12 18:29:18 INFO  restartedMain org.apache.catalina.core.StandardService Starting service [Tomcat]
2020-11-12 18:29:18 INFO  restartedMain org.apache.catalina.core.StandardEngine Starting Servlet engine: [Apache Tomcat/9.0.36]
2020-11-12 18:29:18 INFO  restartedMain org.apache.catalina.core.ContainerBase.[Tomcat].[localhost].[/] Initializing Spring embedded WebApplicationContext
2020-11-12 18:29:18 INFO  restartedMain org.springframework.boot.web.servlet.context.ServletWebServerApplicationContext Root WebApplicationContext: initialization completed in 3187 ms
2020-11-12 18:29:20 INFO  restartedMain springfox.documentation.spring.web.PropertySourcedRequestMappingHandlerMapping Mapped URL path [/v2/api-docs] onto method [springfox.documentation.swagger2.web.Swagger2Controller#getDocumentation(String, HttpServletRequest)]
2020-11-12 18:29:20 INFO  restartedMain org.springframework.scheduling.concurrent.ThreadPoolTaskExecutor Initializing ExecutorService 'applicationTaskExecutor'
2020-11-12 18:29:20 INFO  restartedMain org.springframework.boot.devtools.autoconfigure.OptionalLiveReloadServer LiveReload server is running on port 35729
2020-11-12 18:29:21 INFO  restartedMain org.apache.coyote.http11.Http11NioProtocol Starting ProtocolHandler ["http-nio-8100"]
2020-11-12 18:29:21 INFO  restartedMain org.springframework.boot.web.embedded.tomcat.TomcatWebServer Tomcat started on port(s): 8100 (http) with context path ''
2020-11-12 18:29:21 INFO  restartedMain springfox.documentation.spring.web.plugins.DocumentationPluginsBootstrapper Context refreshed
2020-11-12 18:29:21 INFO  restartedMain springfox.documentation.spring.web.plugins.DocumentationPluginsBootstrapper Found 1 custom documentation plugin(s)
2020-11-12 18:29:21 INFO  restartedMain springfox.documentation.spring.web.scanners.ApiListingReferenceScanner Scanning for api listing references
2020-11-12 18:29:21 INFO  restartedMain springfox.documentation.spring.web.readers.operation.CachingOperationNameGenerator Generating unique operation named: addDeptUsingPOST_1
2020-11-12 18:29:21 INFO  restartedMain springfox.documentation.spring.web.readers.operation.CachingOperationNameGenerator Generating unique operation named: updateDeptByIdUsingPUT_1
2020-11-12 18:29:21 INFO  restartedMain springfox.documentation.spring.web.readers.operation.CachingOperationNameGenerator Generating unique operation named: updateDeptByIdUsingPUT_2
2020-11-12 18:29:21 INFO  restartedMain com.hzy.manager.ManagerApplication Started ManagerApplication in 6.513 seconds (JVM running for 7.317)
2020-11-12 18:29:34 INFO  http-nio-8100-exec-1 org.apache.catalina.core.ContainerBase.[Tomcat].[localhost].[/] Initializing Spring DispatcherServlet 'dispatcherServlet'
2020-11-12 18:29:34 INFO  http-nio-8100-exec-1 org.springframework.web.servlet.DispatcherServlet Initializing Servlet 'dispatcherServlet'
2020-11-12 18:29:34 INFO  http-nio-8100-exec-1 org.springframework.web.servlet.DispatcherServlet Completed initialization in 9 ms
2020-11-12 18:29:34 INFO  http-nio-8100-exec-1 com.alibaba.druid.pool.DruidDataSource {dataSource-1} inited
2020-11-12 18:30:49 INFO  SpringContextShutdownHook org.springframework.scheduling.concurrent.ThreadPoolTaskExecutor Shutting down ExecutorService 'applicationTaskExecutor'
2020-11-12 18:30:49 INFO  SpringContextShutdownHook com.alibaba.druid.pool.DruidDataSource {dataSource-1} closed
2020-11-12 18:30:55 INFO  restartedMain com.hzy.manager.ManagerApplication Starting ManagerApplication on LAPTOP-9DJTMSIR with PID 12988 (D:\hzyJava\pbsys\target\classes started by viz in D:\hzyJava\pbsys)
2020-11-12 18:30:55 INFO  restartedMain com.hzy.manager.ManagerApplication The following profiles are active: dev
2020-11-12 18:30:55 INFO  restartedMain org.springframework.boot.devtools.env.DevToolsPropertyDefaultsPostProcessor Devtools property defaults active! Set 'spring.devtools.add-properties' to 'false' to disable
2020-11-12 18:30:55 INFO  restartedMain org.springframework.boot.devtools.env.DevToolsPropertyDefaultsPostProcessor For additional web related logging consider setting the 'logging.level.web' property to 'DEBUG'
2020-11-12 18:30:57 INFO  restartedMain org.springframework.data.repository.config.RepositoryConfigurationDelegate Multiple Spring Data modules found, entering strict repository configuration mode!
2020-11-12 18:30:57 INFO  restartedMain org.springframework.data.repository.config.RepositoryConfigurationDelegate Bootstrapping Spring Data Redis repositories in DEFAULT mode.
2020-11-12 18:30:57 INFO  restartedMain org.springframework.data.repository.config.RepositoryConfigurationDelegate Finished Spring Data repository scanning in 32ms. Found 0 Redis repository interfaces.
2020-11-12 18:30:58 INFO  restartedMain org.springframework.boot.web.embedded.tomcat.TomcatWebServer Tomcat initialized with port(s): 8100 (http)
2020-11-12 18:30:58 INFO  restartedMain org.apache.coyote.http11.Http11NioProtocol Initializing ProtocolHandler ["http-nio-8100"]
2020-11-12 18:30:58 INFO  restartedMain org.apache.catalina.core.StandardService Starting service [Tomcat]
2020-11-12 18:30:58 INFO  restartedMain org.apache.catalina.core.StandardEngine Starting Servlet engine: [Apache Tomcat/9.0.36]
2020-11-12 18:30:59 INFO  restartedMain org.apache.catalina.core.ContainerBase.[Tomcat].[localhost].[/] Initializing Spring embedded WebApplicationContext
2020-11-12 18:30:59 INFO  restartedMain org.springframework.boot.web.servlet.context.ServletWebServerApplicationContext Root WebApplicationContext: initialization completed in 3811 ms
2020-11-12 18:31:01 INFO  restartedMain springfox.documentation.spring.web.PropertySourcedRequestMappingHandlerMapping Mapped URL path [/v2/api-docs] onto method [springfox.documentation.swagger2.web.Swagger2Controller#getDocumentation(String, HttpServletRequest)]
2020-11-12 18:31:01 INFO  restartedMain org.springframework.scheduling.concurrent.ThreadPoolTaskExecutor Initializing ExecutorService 'applicationTaskExecutor'
2020-11-12 18:31:01 INFO  restartedMain org.springframework.boot.devtools.autoconfigure.OptionalLiveReloadServer LiveReload server is running on port 35729
2020-11-12 18:31:01 INFO  restartedMain org.apache.coyote.http11.Http11NioProtocol Starting ProtocolHandler ["http-nio-8100"]
2020-11-12 18:31:01 INFO  restartedMain org.springframework.boot.web.embedded.tomcat.TomcatWebServer Tomcat started on port(s): 8100 (http) with context path ''
2020-11-12 18:31:01 INFO  restartedMain springfox.documentation.spring.web.plugins.DocumentationPluginsBootstrapper Context refreshed
2020-11-12 18:31:01 INFO  restartedMain springfox.documentation.spring.web.plugins.DocumentationPluginsBootstrapper Found 1 custom documentation plugin(s)
2020-11-12 18:31:01 INFO  restartedMain springfox.documentation.spring.web.scanners.ApiListingReferenceScanner Scanning for api listing references
2020-11-12 18:31:01 INFO  restartedMain springfox.documentation.spring.web.readers.operation.CachingOperationNameGenerator Generating unique operation named: addDeptUsingPOST_1
2020-11-12 18:31:01 INFO  restartedMain springfox.documentation.spring.web.readers.operation.CachingOperationNameGenerator Generating unique operation named: updateDeptByIdUsingPUT_1
2020-11-12 18:31:01 INFO  restartedMain springfox.documentation.spring.web.readers.operation.CachingOperationNameGenerator Generating unique operation named: updateDeptByIdUsingPUT_2
2020-11-12 18:31:02 INFO  restartedMain com.hzy.manager.ManagerApplication Started ManagerApplication in 7.396 seconds (JVM running for 8.198)
2020-11-12 18:31:05 INFO  http-nio-8100-exec-2 org.apache.catalina.core.ContainerBase.[Tomcat].[localhost].[/] Initializing Spring DispatcherServlet 'dispatcherServlet'
2020-11-12 18:31:05 INFO  http-nio-8100-exec-2 org.springframework.web.servlet.DispatcherServlet Initializing Servlet 'dispatcherServlet'
2020-11-12 18:31:05 INFO  http-nio-8100-exec-2 org.springframework.web.servlet.DispatcherServlet Completed initialization in 6 ms
2020-11-12 18:31:05 INFO  http-nio-8100-exec-2 com.alibaba.druid.pool.DruidDataSource {dataSource-1} inited
2020-11-12 18:32:23 INFO  restartedMain com.hzy.manager.ManagerApplication Starting ManagerApplication on LAPTOP-9DJTMSIR with PID 15132 (D:\hzyJava\pbsys\target\classes started by viz in D:\hzyJava\pbsys)
2020-11-12 18:32:23 INFO  restartedMain com.hzy.manager.ManagerApplication The following profiles are active: dev
2020-11-12 18:32:23 INFO  restartedMain org.springframework.boot.devtools.env.DevToolsPropertyDefaultsPostProcessor Devtools property defaults active! Set 'spring.devtools.add-properties' to 'false' to disable
2020-11-12 18:32:23 INFO  restartedMain org.springframework.boot.devtools.env.DevToolsPropertyDefaultsPostProcessor For additional web related logging consider setting the 'logging.level.web' property to 'DEBUG'
2020-11-12 18:32:25 INFO  restartedMain org.springframework.data.repository.config.RepositoryConfigurationDelegate Multiple Spring Data modules found, entering strict repository configuration mode!
2020-11-12 18:32:25 INFO  restartedMain org.springframework.data.repository.config.RepositoryConfigurationDelegate Bootstrapping Spring Data Redis repositories in DEFAULT mode.
2020-11-12 18:32:25 INFO  restartedMain org.springframework.data.repository.config.RepositoryConfigurationDelegate Finished Spring Data repository scanning in 41ms. Found 0 Redis repository interfaces.
2020-11-12 18:32:26 INFO  restartedMain org.springframework.boot.web.embedded.tomcat.TomcatWebServer Tomcat initialized with port(s): 8100 (http)
2020-11-12 18:32:26 INFO  restartedMain org.apache.coyote.http11.Http11NioProtocol Initializing ProtocolHandler ["http-nio-8100"]
2020-11-12 18:32:26 INFO  restartedMain org.apache.catalina.core.StandardService Starting service [Tomcat]
2020-11-12 18:32:26 INFO  restartedMain org.apache.catalina.core.StandardEngine Starting Servlet engine: [Apache Tomcat/9.0.36]
2020-11-12 18:32:27 INFO  restartedMain org.apache.catalina.core.ContainerBase.[Tomcat].[localhost].[/] Initializing Spring embedded WebApplicationContext
2020-11-12 18:32:27 INFO  restartedMain org.springframework.boot.web.servlet.context.ServletWebServerApplicationContext Root WebApplicationContext: initialization completed in 3200 ms
2020-11-12 18:32:28 INFO  restartedMain springfox.documentation.spring.web.PropertySourcedRequestMappingHandlerMapping Mapped URL path [/v2/api-docs] onto method [springfox.documentation.swagger2.web.Swagger2Controller#getDocumentation(String, HttpServletRequest)]
2020-11-12 18:32:28 INFO  restartedMain org.springframework.scheduling.concurrent.ThreadPoolTaskExecutor Initializing ExecutorService 'applicationTaskExecutor'
2020-11-12 18:32:28 INFO  restartedMain org.springframework.boot.devtools.autoconfigure.OptionalLiveReloadServer LiveReload server is running on port 35729
2020-11-12 18:32:29 INFO  restartedMain org.apache.coyote.http11.Http11NioProtocol Starting ProtocolHandler ["http-nio-8100"]
2020-11-12 18:32:29 INFO  restartedMain org.springframework.boot.web.embedded.tomcat.TomcatWebServer Tomcat started on port(s): 8100 (http) with context path ''
2020-11-12 18:32:29 INFO  restartedMain springfox.documentation.spring.web.plugins.DocumentationPluginsBootstrapper Context refreshed
2020-11-12 18:32:29 INFO  restartedMain springfox.documentation.spring.web.plugins.DocumentationPluginsBootstrapper Found 1 custom documentation plugin(s)
2020-11-12 18:32:29 INFO  restartedMain springfox.documentation.spring.web.scanners.ApiListingReferenceScanner Scanning for api listing references
2020-11-12 18:32:29 INFO  restartedMain springfox.documentation.spring.web.readers.operation.CachingOperationNameGenerator Generating unique operation named: addDeptUsingPOST_1
2020-11-12 18:32:29 INFO  restartedMain springfox.documentation.spring.web.readers.operation.CachingOperationNameGenerator Generating unique operation named: updateDeptByIdUsingPUT_1
2020-11-12 18:32:29 INFO  restartedMain springfox.documentation.spring.web.readers.operation.CachingOperationNameGenerator Generating unique operation named: updateDeptByIdUsingPUT_2
2020-11-12 18:32:29 INFO  restartedMain com.hzy.manager.ManagerApplication Started ManagerApplication in 6.253 seconds (JVM running for 7.169)
2020-11-12 18:33:45 INFO  http-nio-8100-exec-1 org.apache.catalina.core.ContainerBase.[Tomcat].[localhost].[/] Initializing Spring DispatcherServlet 'dispatcherServlet'
2020-11-12 18:33:45 INFO  http-nio-8100-exec-1 org.springframework.web.servlet.DispatcherServlet Initializing Servlet 'dispatcherServlet'
2020-11-12 18:33:45 INFO  http-nio-8100-exec-1 org.springframework.web.servlet.DispatcherServlet Completed initialization in 50 ms
2020-11-12 18:33:46 INFO  http-nio-8100-exec-1 com.alibaba.druid.pool.DruidDataSource {dataSource-1} inited
