2020-10-12 17:16:41 INFO  main com.hzy.manager.ManagerApplicationTests Starting ManagerApplicationTests on LAPTOP-9DJTMSIR with PID 11212 (started by viz in D:\hzyJava\hzysystem)
2020-10-12 17:16:41 INFO  main com.hzy.manager.ManagerApplicationTests The following profiles are active: dev
2020-10-12 17:16:42 INFO  main org.springframework.data.repository.config.RepositoryConfigurationDelegate Multiple Spring Data modules found, entering strict repository configuration mode!
2020-10-12 17:16:42 INFO  main org.springframework.data.repository.config.RepositoryConfigurationDelegate Bootstrapping Spring Data Redis repositories in DEFAULT mode.
2020-10-12 17:16:42 INFO  main org.springframework.data.repository.config.RepositoryConfigurationDelegate Finished Spring Data repository scanning in 27ms. Found 0 Redis repository interfaces.
2020-10-12 17:16:45 INFO  main springfox.documentation.spring.web.PropertySourcedRequestMappingHandlerMapping Mapped URL path [/v2/api-docs] onto method [springfox.documentation.swagger2.web.Swagger2Controller#getDocumentation(String, HttpServletRequest)]
2020-10-12 17:16:46 INFO  main org.springframework.scheduling.concurrent.ThreadPoolTaskExecutor Initializing ExecutorService 'applicationTaskExecutor'
2020-10-12 17:16:46 INFO  main springfox.documentation.spring.web.plugins.DocumentationPluginsBootstrapper Context refreshed
2020-10-12 17:16:46 INFO  main springfox.documentation.spring.web.plugins.DocumentationPluginsBootstrapper Found 1 custom documentation plugin(s)
2020-10-12 17:16:46 INFO  main springfox.documentation.spring.web.scanners.ApiListingReferenceScanner Scanning for api listing references
2020-10-12 17:16:46 INFO  main springfox.documentation.spring.web.readers.operation.CachingOperationNameGenerator Generating unique operation named: addDeptUsingPOST_1
2020-10-12 17:16:46 INFO  main springfox.documentation.spring.web.readers.operation.CachingOperationNameGenerator Generating unique operation named: updateDeptByIdUsingPUT_1
2020-10-12 17:16:46 INFO  main springfox.documentation.spring.web.readers.operation.CachingOperationNameGenerator Generating unique operation named: updateDeptByIdUsingPUT_2
2020-10-12 17:16:47 INFO  main com.hzy.manager.ManagerApplicationTests Started ManagerApplicationTests in 5.761 seconds (JVM running for 6.804)
2020-10-12 17:16:51 INFO  main com.alibaba.druid.pool.DruidDataSource {dataSource-1} inited
2020-10-12 17:16:52 INFO  SpringContextShutdownHook org.springframework.scheduling.concurrent.ThreadPoolTaskExecutor Shutting down ExecutorService 'applicationTaskExecutor'
2020-10-12 17:16:52 INFO  SpringContextShutdownHook com.alibaba.druid.pool.DruidDataSource {dataSource-1} closed
2020-10-12 17:18:10 INFO  main com.hzy.manager.ManagerApplicationTests Starting ManagerApplicationTests on LAPTOP-9DJTMSIR with PID 25528 (started by viz in D:\hzyJava\hzysystem)
2020-10-12 17:18:10 INFO  main com.hzy.manager.ManagerApplicationTests The following profiles are active: test
2020-10-12 17:18:11 INFO  main org.springframework.data.repository.config.RepositoryConfigurationDelegate Multiple Spring Data modules found, entering strict repository configuration mode!
2020-10-12 17:18:11 INFO  main org.springframework.data.repository.config.RepositoryConfigurationDelegate Bootstrapping Spring Data Redis repositories in DEFAULT mode.
2020-10-12 17:18:11 INFO  main org.springframework.data.repository.config.RepositoryConfigurationDelegate Finished Spring Data repository scanning in 25ms. Found 0 Redis repository interfaces.
2020-10-12 17:18:14 INFO  main springfox.documentation.spring.web.PropertySourcedRequestMappingHandlerMapping Mapped URL path [/v2/api-docs] onto method [springfox.documentation.swagger2.web.Swagger2Controller#getDocumentation(String, HttpServletRequest)]
2020-10-12 17:18:14 INFO  main org.springframework.scheduling.concurrent.ThreadPoolTaskExecutor Initializing ExecutorService 'applicationTaskExecutor'
2020-10-12 17:18:14 INFO  main springfox.documentation.spring.web.plugins.DocumentationPluginsBootstrapper Context refreshed
2020-10-12 17:18:14 INFO  main springfox.documentation.spring.web.plugins.DocumentationPluginsBootstrapper Found 1 custom documentation plugin(s)
2020-10-12 17:18:15 INFO  main springfox.documentation.spring.web.scanners.ApiListingReferenceScanner Scanning for api listing references
2020-10-12 17:18:15 INFO  main springfox.documentation.spring.web.readers.operation.CachingOperationNameGenerator Generating unique operation named: addDeptUsingPOST_1
2020-10-12 17:18:15 INFO  main springfox.documentation.spring.web.readers.operation.CachingOperationNameGenerator Generating unique operation named: updateDeptByIdUsingPUT_1
2020-10-12 17:18:15 INFO  main springfox.documentation.spring.web.readers.operation.CachingOperationNameGenerator Generating unique operation named: updateDeptByIdUsingPUT_2
2020-10-12 17:18:15 INFO  main com.hzy.manager.ManagerApplicationTests Started ManagerApplicationTests in 5.281 seconds (JVM running for 6.244)
2020-10-12 17:18:19 INFO  main com.alibaba.druid.pool.DruidDataSource {dataSource-1} inited
2020-10-12 17:18:22 INFO  SpringContextShutdownHook org.springframework.scheduling.concurrent.ThreadPoolTaskExecutor Shutting down ExecutorService 'applicationTaskExecutor'
2020-10-12 17:18:22 INFO  SpringContextShutdownHook com.alibaba.druid.pool.DruidDataSource {dataSource-1} closed
