2020-09-30 16:13:58 INFO  restartedMain com.hzy.manager.ManagerApplication Starting ManagerApplication on LAPTOP-9DJTMSIR with PID 6632 (D:\hzyJava\hzysystem\target\classes started by viz in D:\hzyJava\hzysystem)
2020-09-30 16:13:58 INFO  restartedMain com.hzy.manager.ManagerApplication The following profiles are active: dev
2020-09-30 16:13:58 INFO  restartedMain org.springframework.boot.devtools.env.DevToolsPropertyDefaultsPostProcessor Devtools property defaults active! Set 'spring.devtools.add-properties' to 'false' to disable
2020-09-30 16:13:58 INFO  restartedMain org.springframework.boot.devtools.env.DevToolsPropertyDefaultsPostProcessor For additional web related logging consider setting the 'logging.level.web' property to 'DEBUG'
2020-09-30 16:14:00 INFO  restartedMain org.springframework.data.repository.config.RepositoryConfigurationDelegate Multiple Spring Data modules found, entering strict repository configuration mode!
2020-09-30 16:14:00 INFO  restartedMain org.springframework.data.repository.config.RepositoryConfigurationDelegate Bootstrapping Spring Data Redis repositories in DEFAULT mode.
2020-09-30 16:14:00 INFO  restartedMain org.springframework.data.repository.config.RepositoryConfigurationDelegate Finished Spring Data repository scanning in 28ms. Found 0 Redis repository interfaces.
2020-09-30 16:14:01 INFO  restartedMain org.springframework.boot.web.embedded.tomcat.TomcatWebServer Tomcat initialized with port(s): 8100 (http)
2020-09-30 16:14:01 INFO  restartedMain org.apache.coyote.http11.Http11NioProtocol Initializing ProtocolHandler ["http-nio-8100"]
2020-09-30 16:14:01 INFO  restartedMain org.apache.catalina.core.StandardService Starting service [Tomcat]
2020-09-30 16:14:01 INFO  restartedMain org.apache.catalina.core.StandardEngine Starting Servlet engine: [Apache Tomcat/9.0.36]
2020-09-30 16:14:01 INFO  restartedMain org.apache.catalina.core.ContainerBase.[Tomcat].[localhost].[/] Initializing Spring embedded WebApplicationContext
2020-09-30 16:14:01 INFO  restartedMain org.springframework.boot.web.servlet.context.ServletWebServerApplicationContext Root WebApplicationContext: initialization completed in 2806 ms
2020-09-30 16:14:02 INFO  restartedMain springfox.documentation.spring.web.PropertySourcedRequestMappingHandlerMapping Mapped URL path [/v2/api-docs] onto method [springfox.documentation.swagger2.web.Swagger2Controller#getDocumentation(String, HttpServletRequest)]
2020-09-30 16:14:02 INFO  restartedMain org.springframework.scheduling.concurrent.ThreadPoolTaskExecutor Initializing ExecutorService 'applicationTaskExecutor'
2020-09-30 16:14:02 INFO  restartedMain org.springframework.boot.devtools.autoconfigure.OptionalLiveReloadServer LiveReload server is running on port 35729
2020-09-30 16:14:03 INFO  restartedMain org.apache.coyote.http11.Http11NioProtocol Starting ProtocolHandler ["http-nio-8100"]
2020-09-30 16:14:03 INFO  restartedMain org.springframework.boot.web.embedded.tomcat.TomcatWebServer Tomcat started on port(s): 8100 (http) with context path ''
2020-09-30 16:14:03 INFO  restartedMain springfox.documentation.spring.web.plugins.DocumentationPluginsBootstrapper Context refreshed
2020-09-30 16:14:03 INFO  restartedMain springfox.documentation.spring.web.plugins.DocumentationPluginsBootstrapper Found 1 custom documentation plugin(s)
2020-09-30 16:14:03 INFO  restartedMain springfox.documentation.spring.web.scanners.ApiListingReferenceScanner Scanning for api listing references
2020-09-30 16:14:03 INFO  restartedMain springfox.documentation.spring.web.readers.operation.CachingOperationNameGenerator Generating unique operation named: addDeptUsingPOST_1
2020-09-30 16:14:03 INFO  restartedMain springfox.documentation.spring.web.readers.operation.CachingOperationNameGenerator Generating unique operation named: updateDeptByIdUsingPUT_1
2020-09-30 16:14:03 INFO  restartedMain springfox.documentation.spring.web.readers.operation.CachingOperationNameGenerator Generating unique operation named: updateDeptByIdUsingPUT_2
2020-09-30 16:14:03 INFO  restartedMain com.hzy.manager.ManagerApplication Started ManagerApplication in 6.026 seconds (JVM running for 9.228)
2020-09-30 16:15:22 INFO  http-nio-8100-exec-1 org.apache.catalina.core.ContainerBase.[Tomcat].[localhost].[/] Initializing Spring DispatcherServlet 'dispatcherServlet'
2020-09-30 16:15:22 INFO  http-nio-8100-exec-1 org.springframework.web.servlet.DispatcherServlet Initializing Servlet 'dispatcherServlet'
2020-09-30 16:15:22 INFO  http-nio-8100-exec-1 org.springframework.web.servlet.DispatcherServlet Completed initialization in 7 ms
2020-09-30 16:15:22 INFO  http-nio-8100-exec-1 com.alibaba.druid.pool.DruidDataSource {dataSource-1} inited
