2020-10-09 17:28:35 INFO  main com.hzy.manager.ManagerApplicationTests Starting ManagerApplicationTests on LAPTOP-9DJTMSIR with PID 5096 (started by viz in D:\hzyJava\hzysystem)
2020-10-09 17:28:35 INFO  main com.hzy.manager.ManagerApplicationTests The following profiles are active: test
2020-10-09 17:28:36 INFO  main org.springframework.data.repository.config.RepositoryConfigurationDelegate Multiple Spring Data modules found, entering strict repository configuration mode!
2020-10-09 17:28:36 INFO  main org.springframework.data.repository.config.RepositoryConfigurationDelegate Bootstrapping Spring Data Redis repositories in DEFAULT mode.
2020-10-09 17:28:36 INFO  main org.springframework.data.repository.config.RepositoryConfigurationDelegate Finished Spring Data repository scanning in 27ms. Found 0 Redis repository interfaces.
2020-10-09 17:28:39 INFO  main springfox.documentation.spring.web.PropertySourcedRequestMappingHandlerMapping Mapped URL path [/v2/api-docs] onto method [springfox.documentation.swagger2.web.Swagger2Controller#getDocumentation(String, HttpServletRequest)]
2020-10-09 17:28:39 INFO  main org.springframework.scheduling.concurrent.ThreadPoolTaskExecutor Initializing ExecutorService 'applicationTaskExecutor'
2020-10-09 17:28:40 INFO  main springfox.documentation.spring.web.plugins.DocumentationPluginsBootstrapper Context refreshed
2020-10-09 17:28:40 INFO  main springfox.documentation.spring.web.plugins.DocumentationPluginsBootstrapper Found 1 custom documentation plugin(s)
2020-10-09 17:28:40 INFO  main springfox.documentation.spring.web.scanners.ApiListingReferenceScanner Scanning for api listing references
2020-10-09 17:28:40 INFO  main springfox.documentation.spring.web.readers.operation.CachingOperationNameGenerator Generating unique operation named: addDeptUsingPOST_1
2020-10-09 17:28:40 INFO  main springfox.documentation.spring.web.readers.operation.CachingOperationNameGenerator Generating unique operation named: updateDeptByIdUsingPUT_1
2020-10-09 17:28:40 INFO  main springfox.documentation.spring.web.readers.operation.CachingOperationNameGenerator Generating unique operation named: updateDeptByIdUsingPUT_2
2020-10-09 17:28:40 INFO  main com.hzy.manager.ManagerApplicationTests Started ManagerApplicationTests in 5.999 seconds (JVM running for 7.121)
2020-10-09 17:28:44 INFO  main com.alibaba.druid.pool.DruidDataSource {dataSource-1} inited
2020-10-09 17:28:45 INFO  SpringContextShutdownHook org.springframework.scheduling.concurrent.ThreadPoolTaskExecutor Shutting down ExecutorService 'applicationTaskExecutor'
2020-10-09 17:28:45 INFO  SpringContextShutdownHook com.alibaba.druid.pool.DruidDataSource {dataSource-1} closed
2020-10-09 17:37:53 INFO  restartedMain com.hzy.manager.ManagerApplication Starting ManagerApplication on LAPTOP-9DJTMSIR with PID 14340 (D:\hzyJava\hzysystem\target\classes started by viz in D:\hzyJava\hzysystem)
2020-10-09 17:37:53 INFO  restartedMain com.hzy.manager.ManagerApplication The following profiles are active: dev
2020-10-09 17:37:53 INFO  restartedMain org.springframework.boot.devtools.env.DevToolsPropertyDefaultsPostProcessor Devtools property defaults active! Set 'spring.devtools.add-properties' to 'false' to disable
2020-10-09 17:37:53 INFO  restartedMain org.springframework.boot.devtools.env.DevToolsPropertyDefaultsPostProcessor For additional web related logging consider setting the 'logging.level.web' property to 'DEBUG'
2020-10-09 17:37:54 INFO  restartedMain org.springframework.data.repository.config.RepositoryConfigurationDelegate Multiple Spring Data modules found, entering strict repository configuration mode!
2020-10-09 17:37:54 INFO  restartedMain org.springframework.data.repository.config.RepositoryConfigurationDelegate Bootstrapping Spring Data Redis repositories in DEFAULT mode.
2020-10-09 17:37:54 INFO  restartedMain org.springframework.data.repository.config.RepositoryConfigurationDelegate Finished Spring Data repository scanning in 17ms. Found 0 Redis repository interfaces.
2020-10-09 17:37:55 INFO  restartedMain org.springframework.boot.web.embedded.tomcat.TomcatWebServer Tomcat initialized with port(s): 8100 (http)
2020-10-09 17:37:55 INFO  restartedMain org.apache.coyote.http11.Http11NioProtocol Initializing ProtocolHandler ["http-nio-8100"]
2020-10-09 17:37:55 INFO  restartedMain org.apache.catalina.core.StandardService Starting service [Tomcat]
2020-10-09 17:37:55 INFO  restartedMain org.apache.catalina.core.StandardEngine Starting Servlet engine: [Apache Tomcat/9.0.36]
2020-10-09 17:37:55 INFO  restartedMain org.apache.catalina.core.ContainerBase.[Tomcat].[localhost].[/] Initializing Spring embedded WebApplicationContext
2020-10-09 17:37:55 INFO  restartedMain org.springframework.boot.web.servlet.context.ServletWebServerApplicationContext Root WebApplicationContext: initialization completed in 1472 ms
2020-10-09 17:37:56 INFO  restartedMain springfox.documentation.spring.web.PropertySourcedRequestMappingHandlerMapping Mapped URL path [/v2/api-docs] onto method [springfox.documentation.swagger2.web.Swagger2Controller#getDocumentation(String, HttpServletRequest)]
2020-10-09 17:37:56 INFO  restartedMain org.springframework.scheduling.concurrent.ThreadPoolTaskExecutor Initializing ExecutorService 'applicationTaskExecutor'
2020-10-09 17:37:56 INFO  restartedMain org.springframework.boot.devtools.autoconfigure.OptionalLiveReloadServer LiveReload server is running on port 35729
2020-10-09 17:37:56 INFO  restartedMain org.apache.coyote.http11.Http11NioProtocol Starting ProtocolHandler ["http-nio-8100"]
2020-10-09 17:37:56 INFO  restartedMain org.springframework.boot.web.embedded.tomcat.TomcatWebServer Tomcat started on port(s): 8100 (http) with context path ''
2020-10-09 17:37:56 INFO  restartedMain springfox.documentation.spring.web.plugins.DocumentationPluginsBootstrapper Context refreshed
2020-10-09 17:37:56 INFO  restartedMain springfox.documentation.spring.web.plugins.DocumentationPluginsBootstrapper Found 1 custom documentation plugin(s)
2020-10-09 17:37:56 INFO  restartedMain springfox.documentation.spring.web.scanners.ApiListingReferenceScanner Scanning for api listing references
2020-10-09 17:37:57 INFO  restartedMain springfox.documentation.spring.web.readers.operation.CachingOperationNameGenerator Generating unique operation named: addDeptUsingPOST_1
2020-10-09 17:37:57 INFO  restartedMain springfox.documentation.spring.web.readers.operation.CachingOperationNameGenerator Generating unique operation named: updateDeptByIdUsingPUT_1
2020-10-09 17:37:57 INFO  restartedMain springfox.documentation.spring.web.readers.operation.CachingOperationNameGenerator Generating unique operation named: updateDeptByIdUsingPUT_2
2020-10-09 17:37:57 INFO  restartedMain com.hzy.manager.ManagerApplication Started ManagerApplication in 3.592 seconds (JVM running for 5.112)
2020-10-09 17:40:54 INFO  main com.hzy.manager.ManagerApplicationTests Starting ManagerApplicationTests on LAPTOP-9DJTMSIR with PID 23724 (started by viz in D:\hzyJava\hzysystem)
2020-10-09 17:40:54 INFO  main com.hzy.manager.ManagerApplicationTests The following profiles are active: test
2020-10-09 17:40:55 INFO  main org.springframework.data.repository.config.RepositoryConfigurationDelegate Multiple Spring Data modules found, entering strict repository configuration mode!
2020-10-09 17:40:55 INFO  main org.springframework.data.repository.config.RepositoryConfigurationDelegate Bootstrapping Spring Data Redis repositories in DEFAULT mode.
2020-10-09 17:40:55 INFO  main org.springframework.data.repository.config.RepositoryConfigurationDelegate Finished Spring Data repository scanning in 28ms. Found 0 Redis repository interfaces.
2020-10-09 17:40:57 INFO  main springfox.documentation.spring.web.PropertySourcedRequestMappingHandlerMapping Mapped URL path [/v2/api-docs] onto method [springfox.documentation.swagger2.web.Swagger2Controller#getDocumentation(String, HttpServletRequest)]
2020-10-09 17:40:58 INFO  main org.springframework.scheduling.concurrent.ThreadPoolTaskExecutor Initializing ExecutorService 'applicationTaskExecutor'
2020-10-09 17:40:58 INFO  main springfox.documentation.spring.web.plugins.DocumentationPluginsBootstrapper Context refreshed
2020-10-09 17:40:58 INFO  main springfox.documentation.spring.web.plugins.DocumentationPluginsBootstrapper Found 1 custom documentation plugin(s)
2020-10-09 17:40:58 INFO  main springfox.documentation.spring.web.scanners.ApiListingReferenceScanner Scanning for api listing references
2020-10-09 17:40:58 INFO  main springfox.documentation.spring.web.readers.operation.CachingOperationNameGenerator Generating unique operation named: addDeptUsingPOST_1
2020-10-09 17:40:58 INFO  main springfox.documentation.spring.web.readers.operation.CachingOperationNameGenerator Generating unique operation named: updateDeptByIdUsingPUT_1
2020-10-09 17:40:58 INFO  main springfox.documentation.spring.web.readers.operation.CachingOperationNameGenerator Generating unique operation named: updateDeptByIdUsingPUT_2
2020-10-09 17:40:58 INFO  main com.hzy.manager.ManagerApplicationTests Started ManagerApplicationTests in 5.281 seconds (JVM running for 6.305)
2020-10-09 17:41:01 INFO  main com.alibaba.druid.pool.DruidDataSource {dataSource-1} inited
2020-10-09 17:41:02 INFO  SpringContextShutdownHook org.springframework.scheduling.concurrent.ThreadPoolTaskExecutor Shutting down ExecutorService 'applicationTaskExecutor'
2020-10-09 17:41:02 INFO  SpringContextShutdownHook com.alibaba.druid.pool.DruidDataSource {dataSource-1} closed
2020-10-09 17:45:09 INFO  restartedMain com.hzy.manager.ManagerApplication Starting ManagerApplication on LAPTOP-9DJTMSIR with PID 13668 (D:\hzyJava\hzysystem\target\classes started by viz in D:\hzyJava\hzysystem)
2020-10-09 17:45:09 INFO  restartedMain com.hzy.manager.ManagerApplication The following profiles are active: test
2020-10-09 17:45:09 INFO  restartedMain org.springframework.boot.devtools.env.DevToolsPropertyDefaultsPostProcessor Devtools property defaults active! Set 'spring.devtools.add-properties' to 'false' to disable
2020-10-09 17:45:09 INFO  restartedMain org.springframework.boot.devtools.env.DevToolsPropertyDefaultsPostProcessor For additional web related logging consider setting the 'logging.level.web' property to 'DEBUG'
2020-10-09 17:45:10 INFO  restartedMain org.springframework.data.repository.config.RepositoryConfigurationDelegate Multiple Spring Data modules found, entering strict repository configuration mode!
2020-10-09 17:45:10 INFO  restartedMain org.springframework.data.repository.config.RepositoryConfigurationDelegate Bootstrapping Spring Data Redis repositories in DEFAULT mode.
2020-10-09 17:45:10 INFO  restartedMain org.springframework.data.repository.config.RepositoryConfigurationDelegate Finished Spring Data repository scanning in 18ms. Found 0 Redis repository interfaces.
2020-10-09 17:45:11 INFO  restartedMain org.springframework.boot.web.embedded.tomcat.TomcatWebServer Tomcat initialized with port(s): 8100 (http)
2020-10-09 17:45:11 INFO  restartedMain org.apache.coyote.http11.Http11NioProtocol Initializing ProtocolHandler ["http-nio-8100"]
2020-10-09 17:45:11 INFO  restartedMain org.apache.catalina.core.StandardService Starting service [Tomcat]
2020-10-09 17:45:11 INFO  restartedMain org.apache.catalina.core.StandardEngine Starting Servlet engine: [Apache Tomcat/9.0.36]
2020-10-09 17:45:11 INFO  restartedMain org.apache.catalina.core.ContainerBase.[Tomcat].[localhost].[/] Initializing Spring embedded WebApplicationContext
2020-10-09 17:45:11 INFO  restartedMain org.springframework.boot.web.servlet.context.ServletWebServerApplicationContext Root WebApplicationContext: initialization completed in 1429 ms
2020-10-09 17:45:12 INFO  restartedMain springfox.documentation.spring.web.PropertySourcedRequestMappingHandlerMapping Mapped URL path [/v2/api-docs] onto method [springfox.documentation.swagger2.web.Swagger2Controller#getDocumentation(String, HttpServletRequest)]
2020-10-09 17:45:12 INFO  restartedMain org.springframework.scheduling.concurrent.ThreadPoolTaskExecutor Initializing ExecutorService 'applicationTaskExecutor'
2020-10-09 17:45:12 INFO  restartedMain org.springframework.boot.devtools.autoconfigure.OptionalLiveReloadServer LiveReload server is running on port 35729
2020-10-09 17:45:12 INFO  restartedMain org.apache.coyote.http11.Http11NioProtocol Starting ProtocolHandler ["http-nio-8100"]
2020-10-09 17:45:12 INFO  restartedMain org.springframework.boot.web.embedded.tomcat.TomcatWebServer Tomcat started on port(s): 8100 (http) with context path ''
2020-10-09 17:45:12 INFO  restartedMain springfox.documentation.spring.web.plugins.DocumentationPluginsBootstrapper Context refreshed
2020-10-09 17:45:12 INFO  restartedMain springfox.documentation.spring.web.plugins.DocumentationPluginsBootstrapper Found 1 custom documentation plugin(s)
2020-10-09 17:45:12 INFO  restartedMain springfox.documentation.spring.web.scanners.ApiListingReferenceScanner Scanning for api listing references
2020-10-09 17:45:12 INFO  restartedMain springfox.documentation.spring.web.readers.operation.CachingOperationNameGenerator Generating unique operation named: addDeptUsingPOST_1
2020-10-09 17:45:12 INFO  restartedMain springfox.documentation.spring.web.readers.operation.CachingOperationNameGenerator Generating unique operation named: updateDeptByIdUsingPUT_1
2020-10-09 17:45:12 INFO  restartedMain springfox.documentation.spring.web.readers.operation.CachingOperationNameGenerator Generating unique operation named: updateDeptByIdUsingPUT_2
2020-10-09 17:45:12 INFO  restartedMain com.hzy.manager.ManagerApplication Started ManagerApplication in 3.419 seconds (JVM running for 4.882)
2020-10-09 17:45:22 INFO  restartedMain com.hzy.manager.ManagerApplication Starting ManagerApplication on LAPTOP-9DJTMSIR with PID 10824 (D:\hzyJava\hzysystem\target\classes started by viz in D:\hzyJava\hzysystem)
2020-10-09 17:45:22 INFO  restartedMain com.hzy.manager.ManagerApplication The following profiles are active: dev
2020-10-09 17:45:22 INFO  restartedMain org.springframework.boot.devtools.env.DevToolsPropertyDefaultsPostProcessor Devtools property defaults active! Set 'spring.devtools.add-properties' to 'false' to disable
2020-10-09 17:45:22 INFO  restartedMain org.springframework.boot.devtools.env.DevToolsPropertyDefaultsPostProcessor For additional web related logging consider setting the 'logging.level.web' property to 'DEBUG'
2020-10-09 17:45:23 INFO  restartedMain org.springframework.data.repository.config.RepositoryConfigurationDelegate Multiple Spring Data modules found, entering strict repository configuration mode!
2020-10-09 17:45:23 INFO  restartedMain org.springframework.data.repository.config.RepositoryConfigurationDelegate Bootstrapping Spring Data Redis repositories in DEFAULT mode.
2020-10-09 17:45:23 INFO  restartedMain org.springframework.data.repository.config.RepositoryConfigurationDelegate Finished Spring Data repository scanning in 18ms. Found 0 Redis repository interfaces.
2020-10-09 17:45:24 INFO  restartedMain org.springframework.boot.web.embedded.tomcat.TomcatWebServer Tomcat initialized with port(s): 8100 (http)
2020-10-09 17:45:24 INFO  restartedMain org.apache.coyote.http11.Http11NioProtocol Initializing ProtocolHandler ["http-nio-8100"]
2020-10-09 17:45:24 INFO  restartedMain org.apache.catalina.core.StandardService Starting service [Tomcat]
2020-10-09 17:45:24 INFO  restartedMain org.apache.catalina.core.StandardEngine Starting Servlet engine: [Apache Tomcat/9.0.36]
2020-10-09 17:45:24 INFO  restartedMain org.apache.catalina.core.ContainerBase.[Tomcat].[localhost].[/] Initializing Spring embedded WebApplicationContext
2020-10-09 17:45:24 INFO  restartedMain org.springframework.boot.web.servlet.context.ServletWebServerApplicationContext Root WebApplicationContext: initialization completed in 1404 ms
2020-10-09 17:45:25 INFO  restartedMain springfox.documentation.spring.web.PropertySourcedRequestMappingHandlerMapping Mapped URL path [/v2/api-docs] onto method [springfox.documentation.swagger2.web.Swagger2Controller#getDocumentation(String, HttpServletRequest)]
2020-10-09 17:45:25 INFO  restartedMain org.springframework.scheduling.concurrent.ThreadPoolTaskExecutor Initializing ExecutorService 'applicationTaskExecutor'
2020-10-09 17:45:25 INFO  restartedMain org.springframework.boot.devtools.autoconfigure.OptionalLiveReloadServer LiveReload server is running on port 35729
2020-10-09 17:45:25 INFO  restartedMain org.apache.coyote.http11.Http11NioProtocol Starting ProtocolHandler ["http-nio-8100"]
2020-10-09 17:45:25 INFO  restartedMain org.springframework.boot.web.embedded.tomcat.TomcatWebServer Tomcat started on port(s): 8100 (http) with context path ''
2020-10-09 17:45:25 INFO  restartedMain springfox.documentation.spring.web.plugins.DocumentationPluginsBootstrapper Context refreshed
2020-10-09 17:45:25 INFO  restartedMain springfox.documentation.spring.web.plugins.DocumentationPluginsBootstrapper Found 1 custom documentation plugin(s)
2020-10-09 17:45:25 INFO  restartedMain springfox.documentation.spring.web.scanners.ApiListingReferenceScanner Scanning for api listing references
2020-10-09 17:45:25 INFO  restartedMain springfox.documentation.spring.web.readers.operation.CachingOperationNameGenerator Generating unique operation named: addDeptUsingPOST_1
2020-10-09 17:45:25 INFO  restartedMain springfox.documentation.spring.web.readers.operation.CachingOperationNameGenerator Generating unique operation named: updateDeptByIdUsingPUT_1
2020-10-09 17:45:25 INFO  restartedMain springfox.documentation.spring.web.readers.operation.CachingOperationNameGenerator Generating unique operation named: updateDeptByIdUsingPUT_2
2020-10-09 17:45:25 INFO  restartedMain com.hzy.manager.ManagerApplication Started ManagerApplication in 3.377 seconds (JVM running for 4.823)
2020-10-09 17:46:08 INFO  http-nio-8100-exec-2 org.apache.catalina.core.ContainerBase.[Tomcat].[localhost].[/] Initializing Spring DispatcherServlet 'dispatcherServlet'
2020-10-09 17:46:08 INFO  http-nio-8100-exec-2 org.springframework.web.servlet.DispatcherServlet Initializing Servlet 'dispatcherServlet'
2020-10-09 17:46:08 INFO  http-nio-8100-exec-2 org.springframework.web.servlet.DispatcherServlet Completed initialization in 56 ms
2020-10-09 17:46:08 INFO  http-nio-8100-exec-2 com.alibaba.druid.pool.DruidDataSource {dataSource-1} inited
2020-10-09 17:51:15 INFO  restartedMain com.hzy.manager.ManagerApplication Starting ManagerApplication on LAPTOP-9DJTMSIR with PID 20596 (D:\hzyJava\hzysystem\target\classes started by viz in D:\hzyJava\hzysystem)
2020-10-09 17:51:15 INFO  restartedMain com.hzy.manager.ManagerApplication The following profiles are active: dev
2020-10-09 17:51:15 INFO  restartedMain org.springframework.boot.devtools.env.DevToolsPropertyDefaultsPostProcessor Devtools property defaults active! Set 'spring.devtools.add-properties' to 'false' to disable
2020-10-09 17:51:15 INFO  restartedMain org.springframework.boot.devtools.env.DevToolsPropertyDefaultsPostProcessor For additional web related logging consider setting the 'logging.level.web' property to 'DEBUG'
2020-10-09 17:51:16 INFO  restartedMain org.springframework.data.repository.config.RepositoryConfigurationDelegate Multiple Spring Data modules found, entering strict repository configuration mode!
2020-10-09 17:51:16 INFO  restartedMain org.springframework.data.repository.config.RepositoryConfigurationDelegate Bootstrapping Spring Data Redis repositories in DEFAULT mode.
2020-10-09 17:51:16 INFO  restartedMain org.springframework.data.repository.config.RepositoryConfigurationDelegate Finished Spring Data repository scanning in 18ms. Found 0 Redis repository interfaces.
2020-10-09 17:51:17 INFO  restartedMain org.springframework.boot.web.embedded.tomcat.TomcatWebServer Tomcat initialized with port(s): 8100 (http)
2020-10-09 17:51:17 INFO  restartedMain org.apache.coyote.http11.Http11NioProtocol Initializing ProtocolHandler ["http-nio-8100"]
2020-10-09 17:51:17 INFO  restartedMain org.apache.catalina.core.StandardService Starting service [Tomcat]
2020-10-09 17:51:17 INFO  restartedMain org.apache.catalina.core.StandardEngine Starting Servlet engine: [Apache Tomcat/9.0.36]
2020-10-09 17:51:17 INFO  restartedMain org.apache.catalina.core.ContainerBase.[Tomcat].[localhost].[/] Initializing Spring embedded WebApplicationContext
2020-10-09 17:51:17 INFO  restartedMain org.springframework.boot.web.servlet.context.ServletWebServerApplicationContext Root WebApplicationContext: initialization completed in 1416 ms
2020-10-09 17:51:18 INFO  restartedMain springfox.documentation.spring.web.PropertySourcedRequestMappingHandlerMapping Mapped URL path [/v2/api-docs] onto method [springfox.documentation.swagger2.web.Swagger2Controller#getDocumentation(String, HttpServletRequest)]
2020-10-09 17:51:18 INFO  restartedMain org.springframework.scheduling.concurrent.ThreadPoolTaskExecutor Initializing ExecutorService 'applicationTaskExecutor'
2020-10-09 17:51:18 INFO  restartedMain org.springframework.boot.devtools.autoconfigure.OptionalLiveReloadServer LiveReload server is running on port 35729
2020-10-09 17:51:18 INFO  restartedMain org.apache.coyote.http11.Http11NioProtocol Starting ProtocolHandler ["http-nio-8100"]
2020-10-09 17:51:18 INFO  restartedMain org.springframework.boot.web.embedded.tomcat.TomcatWebServer Tomcat started on port(s): 8100 (http) with context path ''
2020-10-09 17:51:18 INFO  restartedMain springfox.documentation.spring.web.plugins.DocumentationPluginsBootstrapper Context refreshed
2020-10-09 17:51:18 INFO  restartedMain springfox.documentation.spring.web.plugins.DocumentationPluginsBootstrapper Found 1 custom documentation plugin(s)
2020-10-09 17:51:18 INFO  restartedMain springfox.documentation.spring.web.scanners.ApiListingReferenceScanner Scanning for api listing references
2020-10-09 17:51:18 INFO  restartedMain springfox.documentation.spring.web.readers.operation.CachingOperationNameGenerator Generating unique operation named: addDeptUsingPOST_1
2020-10-09 17:51:18 INFO  restartedMain springfox.documentation.spring.web.readers.operation.CachingOperationNameGenerator Generating unique operation named: updateDeptByIdUsingPUT_1
2020-10-09 17:51:18 INFO  restartedMain springfox.documentation.spring.web.readers.operation.CachingOperationNameGenerator Generating unique operation named: updateDeptByIdUsingPUT_2
2020-10-09 17:51:18 INFO  restartedMain com.hzy.manager.ManagerApplication Started ManagerApplication in 3.398 seconds (JVM running for 4.916)
2020-10-09 18:03:16 INFO  restartedMain com.hzy.manager.ManagerApplication Starting ManagerApplication on LAPTOP-9DJTMSIR with PID 18668 (D:\hzyJava\hzysystem\target\classes started by viz in D:\hzyJava\hzysystem)
2020-10-09 18:03:16 INFO  restartedMain com.hzy.manager.ManagerApplication The following profiles are active: dev
2020-10-09 18:03:16 INFO  restartedMain org.springframework.boot.devtools.env.DevToolsPropertyDefaultsPostProcessor Devtools property defaults active! Set 'spring.devtools.add-properties' to 'false' to disable
2020-10-09 18:03:16 INFO  restartedMain org.springframework.boot.devtools.env.DevToolsPropertyDefaultsPostProcessor For additional web related logging consider setting the 'logging.level.web' property to 'DEBUG'
2020-10-09 18:03:17 INFO  restartedMain org.springframework.data.repository.config.RepositoryConfigurationDelegate Multiple Spring Data modules found, entering strict repository configuration mode!
2020-10-09 18:03:17 INFO  restartedMain org.springframework.data.repository.config.RepositoryConfigurationDelegate Bootstrapping Spring Data Redis repositories in DEFAULT mode.
2020-10-09 18:03:17 INFO  restartedMain org.springframework.data.repository.config.RepositoryConfigurationDelegate Finished Spring Data repository scanning in 19ms. Found 0 Redis repository interfaces.
2020-10-09 18:03:17 INFO  restartedMain org.springframework.boot.web.embedded.tomcat.TomcatWebServer Tomcat initialized with port(s): 8100 (http)
2020-10-09 18:03:17 INFO  restartedMain org.apache.coyote.http11.Http11NioProtocol Initializing ProtocolHandler ["http-nio-8100"]
2020-10-09 18:03:17 INFO  restartedMain org.apache.catalina.core.StandardService Starting service [Tomcat]
2020-10-09 18:03:17 INFO  restartedMain org.apache.catalina.core.StandardEngine Starting Servlet engine: [Apache Tomcat/9.0.36]
2020-10-09 18:03:17 INFO  restartedMain org.apache.catalina.core.ContainerBase.[Tomcat].[localhost].[/] Initializing Spring embedded WebApplicationContext
2020-10-09 18:03:17 INFO  restartedMain org.springframework.boot.web.servlet.context.ServletWebServerApplicationContext Root WebApplicationContext: initialization completed in 1521 ms
2020-10-09 18:03:18 INFO  restartedMain springfox.documentation.spring.web.PropertySourcedRequestMappingHandlerMapping Mapped URL path [/v2/api-docs] onto method [springfox.documentation.swagger2.web.Swagger2Controller#getDocumentation(String, HttpServletRequest)]
2020-10-09 18:03:18 INFO  restartedMain org.springframework.scheduling.concurrent.ThreadPoolTaskExecutor Initializing ExecutorService 'applicationTaskExecutor'
2020-10-09 18:03:18 INFO  restartedMain org.springframework.boot.devtools.autoconfigure.OptionalLiveReloadServer LiveReload server is running on port 35729
2020-10-09 18:03:19 INFO  restartedMain org.apache.coyote.http11.Http11NioProtocol Starting ProtocolHandler ["http-nio-8100"]
2020-10-09 18:03:19 INFO  restartedMain org.springframework.boot.web.embedded.tomcat.TomcatWebServer Tomcat started on port(s): 8100 (http) with context path ''
2020-10-09 18:03:19 INFO  restartedMain springfox.documentation.spring.web.plugins.DocumentationPluginsBootstrapper Context refreshed
2020-10-09 18:03:19 INFO  restartedMain springfox.documentation.spring.web.plugins.DocumentationPluginsBootstrapper Found 1 custom documentation plugin(s)
2020-10-09 18:03:19 INFO  restartedMain springfox.documentation.spring.web.scanners.ApiListingReferenceScanner Scanning for api listing references
2020-10-09 18:03:19 INFO  restartedMain springfox.documentation.spring.web.readers.operation.CachingOperationNameGenerator Generating unique operation named: addDeptUsingPOST_1
2020-10-09 18:03:19 INFO  restartedMain springfox.documentation.spring.web.readers.operation.CachingOperationNameGenerator Generating unique operation named: updateDeptByIdUsingPUT_1
2020-10-09 18:03:19 INFO  restartedMain springfox.documentation.spring.web.readers.operation.CachingOperationNameGenerator Generating unique operation named: updateDeptByIdUsingPUT_2
2020-10-09 18:03:19 INFO  restartedMain com.hzy.manager.ManagerApplication Started ManagerApplication in 3.53 seconds (JVM running for 5.06)
2020-10-09 18:03:54 INFO  http-nio-8100-exec-2 org.apache.catalina.core.ContainerBase.[Tomcat].[localhost].[/] Initializing Spring DispatcherServlet 'dispatcherServlet'
2020-10-09 18:03:54 INFO  http-nio-8100-exec-2 org.springframework.web.servlet.DispatcherServlet Initializing Servlet 'dispatcherServlet'
2020-10-09 18:03:54 INFO  http-nio-8100-exec-2 org.springframework.web.servlet.DispatcherServlet Completed initialization in 4 ms
2020-10-09 18:03:54 INFO  http-nio-8100-exec-2 com.alibaba.druid.pool.DruidDataSource {dataSource-1} inited
2020-10-09 18:03:55 INFO  http-nio-8100-exec-2 com.hzy.manager.config.TokenInterceptor 前端请求的token:979ac3b65fcd468aa24788d42a54c66
2020-10-09 18:04:10 INFO  http-nio-8100-exec-4 com.hzy.manager.config.TokenInterceptor 前端请求的token:null
2020-10-09 18:04:11 INFO  http-nio-8100-exec-6 com.hzy.manager.config.TokenInterceptor 前端请求的token:null
2020-10-09 18:04:20 INFO  http-nio-8100-exec-8 com.hzy.manager.config.TokenInterceptor 前端请求的token:null
2020-10-09 18:04:23 INFO  http-nio-8100-exec-10 com.hzy.manager.config.TokenInterceptor 前端请求的token:null
2020-10-09 18:06:10 INFO  restartedMain com.hzy.manager.ManagerApplication Starting ManagerApplication on LAPTOP-9DJTMSIR with PID 9260 (D:\hzyJava\hzysystem\target\classes started by viz in D:\hzyJava\hzysystem)
2020-10-09 18:06:10 INFO  restartedMain com.hzy.manager.ManagerApplication The following profiles are active: dev
2020-10-09 18:06:10 INFO  restartedMain org.springframework.boot.devtools.env.DevToolsPropertyDefaultsPostProcessor Devtools property defaults active! Set 'spring.devtools.add-properties' to 'false' to disable
2020-10-09 18:06:10 INFO  restartedMain org.springframework.boot.devtools.env.DevToolsPropertyDefaultsPostProcessor For additional web related logging consider setting the 'logging.level.web' property to 'DEBUG'
2020-10-09 18:06:11 INFO  restartedMain org.springframework.data.repository.config.RepositoryConfigurationDelegate Multiple Spring Data modules found, entering strict repository configuration mode!
2020-10-09 18:06:11 INFO  restartedMain org.springframework.data.repository.config.RepositoryConfigurationDelegate Bootstrapping Spring Data Redis repositories in DEFAULT mode.
2020-10-09 18:06:11 INFO  restartedMain org.springframework.data.repository.config.RepositoryConfigurationDelegate Finished Spring Data repository scanning in 17ms. Found 0 Redis repository interfaces.
2020-10-09 18:06:11 INFO  restartedMain org.springframework.boot.web.embedded.tomcat.TomcatWebServer Tomcat initialized with port(s): 8100 (http)
2020-10-09 18:06:11 INFO  restartedMain org.apache.coyote.http11.Http11NioProtocol Initializing ProtocolHandler ["http-nio-8100"]
2020-10-09 18:06:11 INFO  restartedMain org.apache.catalina.core.StandardService Starting service [Tomcat]
2020-10-09 18:06:11 INFO  restartedMain org.apache.catalina.core.StandardEngine Starting Servlet engine: [Apache Tomcat/9.0.36]
2020-10-09 18:06:11 INFO  restartedMain org.apache.catalina.core.ContainerBase.[Tomcat].[localhost].[/] Initializing Spring embedded WebApplicationContext
2020-10-09 18:06:11 INFO  restartedMain org.springframework.boot.web.servlet.context.ServletWebServerApplicationContext Root WebApplicationContext: initialization completed in 1509 ms
2020-10-09 18:06:12 INFO  restartedMain springfox.documentation.spring.web.PropertySourcedRequestMappingHandlerMapping Mapped URL path [/v2/api-docs] onto method [springfox.documentation.swagger2.web.Swagger2Controller#getDocumentation(String, HttpServletRequest)]
2020-10-09 18:06:12 INFO  restartedMain org.springframework.scheduling.concurrent.ThreadPoolTaskExecutor Initializing ExecutorService 'applicationTaskExecutor'
2020-10-09 18:06:12 INFO  restartedMain org.springframework.boot.devtools.autoconfigure.OptionalLiveReloadServer LiveReload server is running on port 35729
2020-10-09 18:06:13 INFO  restartedMain org.apache.coyote.http11.Http11NioProtocol Starting ProtocolHandler ["http-nio-8100"]
2020-10-09 18:06:13 INFO  restartedMain org.springframework.boot.web.embedded.tomcat.TomcatWebServer Tomcat started on port(s): 8100 (http) with context path ''
2020-10-09 18:06:13 INFO  restartedMain springfox.documentation.spring.web.plugins.DocumentationPluginsBootstrapper Context refreshed
2020-10-09 18:06:13 INFO  restartedMain springfox.documentation.spring.web.plugins.DocumentationPluginsBootstrapper Found 1 custom documentation plugin(s)
2020-10-09 18:06:13 INFO  restartedMain springfox.documentation.spring.web.scanners.ApiListingReferenceScanner Scanning for api listing references
2020-10-09 18:06:13 INFO  restartedMain springfox.documentation.spring.web.readers.operation.CachingOperationNameGenerator Generating unique operation named: addDeptUsingPOST_1
2020-10-09 18:06:13 INFO  restartedMain springfox.documentation.spring.web.readers.operation.CachingOperationNameGenerator Generating unique operation named: updateDeptByIdUsingPUT_1
2020-10-09 18:06:13 INFO  restartedMain springfox.documentation.spring.web.readers.operation.CachingOperationNameGenerator Generating unique operation named: updateDeptByIdUsingPUT_2
2020-10-09 18:06:13 INFO  restartedMain com.hzy.manager.ManagerApplication Started ManagerApplication in 3.484 seconds (JVM running for 5.004)
2020-10-09 18:07:28 INFO  http-nio-8100-exec-2 org.apache.catalina.core.ContainerBase.[Tomcat].[localhost].[/] Initializing Spring DispatcherServlet 'dispatcherServlet'
2020-10-09 18:07:28 INFO  http-nio-8100-exec-2 org.springframework.web.servlet.DispatcherServlet Initializing Servlet 'dispatcherServlet'
2020-10-09 18:07:28 INFO  http-nio-8100-exec-2 org.springframework.web.servlet.DispatcherServlet Completed initialization in 5 ms
2020-10-09 18:07:28 INFO  http-nio-8100-exec-2 com.alibaba.druid.pool.DruidDataSource {dataSource-1} inited
2020-10-09 18:07:29 INFO  http-nio-8100-exec-2 com.hzy.manager.config.TokenInterceptor 前端请求的token:null
2020-10-09 18:09:03 INFO  restartedMain com.hzy.manager.ManagerApplication Starting ManagerApplication on LAPTOP-9DJTMSIR with PID 11948 (D:\hzyJava\hzysystem\target\classes started by viz in D:\hzyJava\hzysystem)
2020-10-09 18:09:03 INFO  restartedMain com.hzy.manager.ManagerApplication The following profiles are active: dev
2020-10-09 18:09:03 INFO  restartedMain org.springframework.boot.devtools.env.DevToolsPropertyDefaultsPostProcessor Devtools property defaults active! Set 'spring.devtools.add-properties' to 'false' to disable
2020-10-09 18:09:03 INFO  restartedMain org.springframework.boot.devtools.env.DevToolsPropertyDefaultsPostProcessor For additional web related logging consider setting the 'logging.level.web' property to 'DEBUG'
2020-10-09 18:09:04 INFO  restartedMain org.springframework.data.repository.config.RepositoryConfigurationDelegate Multiple Spring Data modules found, entering strict repository configuration mode!
2020-10-09 18:09:04 INFO  restartedMain org.springframework.data.repository.config.RepositoryConfigurationDelegate Bootstrapping Spring Data Redis repositories in DEFAULT mode.
2020-10-09 18:09:04 INFO  restartedMain org.springframework.data.repository.config.RepositoryConfigurationDelegate Finished Spring Data repository scanning in 17ms. Found 0 Redis repository interfaces.
2020-10-09 18:09:05 INFO  restartedMain org.springframework.boot.web.embedded.tomcat.TomcatWebServer Tomcat initialized with port(s): 8100 (http)
2020-10-09 18:09:05 INFO  restartedMain org.apache.coyote.http11.Http11NioProtocol Initializing ProtocolHandler ["http-nio-8100"]
2020-10-09 18:09:05 INFO  restartedMain org.apache.catalina.core.StandardService Starting service [Tomcat]
2020-10-09 18:09:05 INFO  restartedMain org.apache.catalina.core.StandardEngine Starting Servlet engine: [Apache Tomcat/9.0.36]
2020-10-09 18:09:05 INFO  restartedMain org.apache.catalina.core.ContainerBase.[Tomcat].[localhost].[/] Initializing Spring embedded WebApplicationContext
2020-10-09 18:09:05 INFO  restartedMain org.springframework.boot.web.servlet.context.ServletWebServerApplicationContext Root WebApplicationContext: initialization completed in 1489 ms
2020-10-09 18:09:06 INFO  restartedMain springfox.documentation.spring.web.PropertySourcedRequestMappingHandlerMapping Mapped URL path [/v2/api-docs] onto method [springfox.documentation.swagger2.web.Swagger2Controller#getDocumentation(String, HttpServletRequest)]
2020-10-09 18:09:06 INFO  restartedMain org.springframework.scheduling.concurrent.ThreadPoolTaskExecutor Initializing ExecutorService 'applicationTaskExecutor'
2020-10-09 18:09:06 INFO  restartedMain org.springframework.boot.devtools.autoconfigure.OptionalLiveReloadServer LiveReload server is running on port 35729
2020-10-09 18:09:06 INFO  restartedMain org.apache.coyote.http11.Http11NioProtocol Starting ProtocolHandler ["http-nio-8100"]
2020-10-09 18:09:06 INFO  restartedMain org.springframework.boot.web.embedded.tomcat.TomcatWebServer Tomcat started on port(s): 8100 (http) with context path ''
2020-10-09 18:09:06 INFO  restartedMain springfox.documentation.spring.web.plugins.DocumentationPluginsBootstrapper Context refreshed
2020-10-09 18:09:06 INFO  restartedMain springfox.documentation.spring.web.plugins.DocumentationPluginsBootstrapper Found 1 custom documentation plugin(s)
2020-10-09 18:09:06 INFO  restartedMain springfox.documentation.spring.web.scanners.ApiListingReferenceScanner Scanning for api listing references
2020-10-09 18:09:06 INFO  restartedMain springfox.documentation.spring.web.readers.operation.CachingOperationNameGenerator Generating unique operation named: addDeptUsingPOST_1
2020-10-09 18:09:06 INFO  restartedMain springfox.documentation.spring.web.readers.operation.CachingOperationNameGenerator Generating unique operation named: updateDeptByIdUsingPUT_1
2020-10-09 18:09:06 INFO  restartedMain springfox.documentation.spring.web.readers.operation.CachingOperationNameGenerator Generating unique operation named: updateDeptByIdUsingPUT_2
2020-10-09 18:09:06 INFO  restartedMain com.hzy.manager.ManagerApplication Started ManagerApplication in 3.474 seconds (JVM running for 5.0)
2020-10-09 18:09:11 INFO  http-nio-8100-exec-3 org.apache.catalina.core.ContainerBase.[Tomcat].[localhost].[/] Initializing Spring DispatcherServlet 'dispatcherServlet'
2020-10-09 18:09:11 INFO  http-nio-8100-exec-3 org.springframework.web.servlet.DispatcherServlet Initializing Servlet 'dispatcherServlet'
2020-10-09 18:09:11 INFO  http-nio-8100-exec-3 org.springframework.web.servlet.DispatcherServlet Completed initialization in 4 ms
2020-10-09 18:09:11 INFO  http-nio-8100-exec-3 com.alibaba.druid.pool.DruidDataSource {dataSource-1} inited
2020-10-09 18:09:12 INFO  http-nio-8100-exec-3 com.hzy.manager.config.TokenInterceptor 前端请求的token:null
2020-10-09 18:22:34 INFO  restartedMain com.hzy.manager.ManagerApplication Starting ManagerApplication on LAPTOP-9DJTMSIR with PID 16508 (D:\hzyJava\hzysystem\target\classes started by viz in D:\hzyJava\hzysystem)
2020-10-09 18:22:34 INFO  restartedMain com.hzy.manager.ManagerApplication The following profiles are active: dev
2020-10-09 18:22:34 INFO  restartedMain org.springframework.boot.devtools.env.DevToolsPropertyDefaultsPostProcessor Devtools property defaults active! Set 'spring.devtools.add-properties' to 'false' to disable
2020-10-09 18:22:34 INFO  restartedMain org.springframework.boot.devtools.env.DevToolsPropertyDefaultsPostProcessor For additional web related logging consider setting the 'logging.level.web' property to 'DEBUG'
2020-10-09 18:22:35 INFO  restartedMain org.springframework.data.repository.config.RepositoryConfigurationDelegate Multiple Spring Data modules found, entering strict repository configuration mode!
2020-10-09 18:22:35 INFO  restartedMain org.springframework.data.repository.config.RepositoryConfigurationDelegate Bootstrapping Spring Data Redis repositories in DEFAULT mode.
2020-10-09 18:22:35 INFO  restartedMain org.springframework.data.repository.config.RepositoryConfigurationDelegate Finished Spring Data repository scanning in 19ms. Found 0 Redis repository interfaces.
2020-10-09 18:22:35 INFO  restartedMain org.springframework.boot.web.embedded.tomcat.TomcatWebServer Tomcat initialized with port(s): 8100 (http)
2020-10-09 18:22:35 INFO  restartedMain org.apache.coyote.http11.Http11NioProtocol Initializing ProtocolHandler ["http-nio-8100"]
2020-10-09 18:22:35 INFO  restartedMain org.apache.catalina.core.StandardService Starting service [Tomcat]
2020-10-09 18:22:35 INFO  restartedMain org.apache.catalina.core.StandardEngine Starting Servlet engine: [Apache Tomcat/9.0.36]
2020-10-09 18:22:35 INFO  restartedMain org.apache.catalina.core.ContainerBase.[Tomcat].[localhost].[/] Initializing Spring embedded WebApplicationContext
2020-10-09 18:22:35 INFO  restartedMain org.springframework.boot.web.servlet.context.ServletWebServerApplicationContext Root WebApplicationContext: initialization completed in 1572 ms
2020-10-09 18:22:36 INFO  restartedMain springfox.documentation.spring.web.PropertySourcedRequestMappingHandlerMapping Mapped URL path [/v2/api-docs] onto method [springfox.documentation.swagger2.web.Swagger2Controller#getDocumentation(String, HttpServletRequest)]
2020-10-09 18:22:36 INFO  restartedMain org.springframework.scheduling.concurrent.ThreadPoolTaskExecutor Initializing ExecutorService 'applicationTaskExecutor'
2020-10-09 18:22:36 INFO  restartedMain org.springframework.boot.devtools.autoconfigure.OptionalLiveReloadServer LiveReload server is running on port 35729
2020-10-09 18:22:37 INFO  restartedMain org.apache.coyote.http11.Http11NioProtocol Starting ProtocolHandler ["http-nio-8100"]
2020-10-09 18:22:37 INFO  restartedMain org.springframework.boot.web.embedded.tomcat.TomcatWebServer Tomcat started on port(s): 8100 (http) with context path ''
2020-10-09 18:22:37 INFO  restartedMain springfox.documentation.spring.web.plugins.DocumentationPluginsBootstrapper Context refreshed
2020-10-09 18:22:37 INFO  restartedMain springfox.documentation.spring.web.plugins.DocumentationPluginsBootstrapper Found 1 custom documentation plugin(s)
2020-10-09 18:22:37 INFO  restartedMain springfox.documentation.spring.web.scanners.ApiListingReferenceScanner Scanning for api listing references
2020-10-09 18:22:37 INFO  restartedMain springfox.documentation.spring.web.readers.operation.CachingOperationNameGenerator Generating unique operation named: addDeptUsingPOST_1
2020-10-09 18:22:37 INFO  restartedMain springfox.documentation.spring.web.readers.operation.CachingOperationNameGenerator Generating unique operation named: updateDeptByIdUsingPUT_1
2020-10-09 18:22:37 INFO  restartedMain springfox.documentation.spring.web.readers.operation.CachingOperationNameGenerator Generating unique operation named: updateDeptByIdUsingPUT_2
2020-10-09 18:22:37 INFO  restartedMain com.hzy.manager.ManagerApplication Started ManagerApplication in 3.578 seconds (JVM running for 5.145)
2020-10-09 18:23:25 INFO  http-nio-8100-exec-2 org.apache.catalina.core.ContainerBase.[Tomcat].[localhost].[/] Initializing Spring DispatcherServlet 'dispatcherServlet'
2020-10-09 18:23:25 INFO  http-nio-8100-exec-2 org.springframework.web.servlet.DispatcherServlet Initializing Servlet 'dispatcherServlet'
2020-10-09 18:23:25 INFO  http-nio-8100-exec-2 org.springframework.web.servlet.DispatcherServlet Completed initialization in 7 ms
2020-10-09 18:23:25 INFO  http-nio-8100-exec-2 com.alibaba.druid.pool.DruidDataSource {dataSource-1} inited
2020-10-09 18:24:47 INFO  main com.hzy.manager.ManagerApplicationTests Starting ManagerApplicationTests on LAPTOP-9DJTMSIR with PID 15552 (started by viz in D:\hzyJava\hzysystem)
2020-10-09 18:24:47 INFO  main com.hzy.manager.ManagerApplicationTests The following profiles are active: test
2020-10-09 18:24:48 INFO  main org.springframework.data.repository.config.RepositoryConfigurationDelegate Multiple Spring Data modules found, entering strict repository configuration mode!
2020-10-09 18:24:48 INFO  main org.springframework.data.repository.config.RepositoryConfigurationDelegate Bootstrapping Spring Data Redis repositories in DEFAULT mode.
2020-10-09 18:24:48 INFO  main org.springframework.data.repository.config.RepositoryConfigurationDelegate Finished Spring Data repository scanning in 25ms. Found 0 Redis repository interfaces.
2020-10-09 18:24:50 INFO  main springfox.documentation.spring.web.PropertySourcedRequestMappingHandlerMapping Mapped URL path [/v2/api-docs] onto method [springfox.documentation.swagger2.web.Swagger2Controller#getDocumentation(String, HttpServletRequest)]
2020-10-09 18:24:51 INFO  main org.springframework.scheduling.concurrent.ThreadPoolTaskExecutor Initializing ExecutorService 'applicationTaskExecutor'
2020-10-09 18:24:51 INFO  main springfox.documentation.spring.web.plugins.DocumentationPluginsBootstrapper Context refreshed
2020-10-09 18:24:51 INFO  main springfox.documentation.spring.web.plugins.DocumentationPluginsBootstrapper Found 1 custom documentation plugin(s)
2020-10-09 18:24:51 INFO  main springfox.documentation.spring.web.scanners.ApiListingReferenceScanner Scanning for api listing references
2020-10-09 18:24:51 INFO  main springfox.documentation.spring.web.readers.operation.CachingOperationNameGenerator Generating unique operation named: addDeptUsingPOST_1
2020-10-09 18:24:51 INFO  main springfox.documentation.spring.web.readers.operation.CachingOperationNameGenerator Generating unique operation named: updateDeptByIdUsingPUT_1
2020-10-09 18:24:51 INFO  main springfox.documentation.spring.web.readers.operation.CachingOperationNameGenerator Generating unique operation named: updateDeptByIdUsingPUT_2
2020-10-09 18:24:51 INFO  main com.hzy.manager.ManagerApplicationTests Started ManagerApplicationTests in 4.973 seconds (JVM running for 5.943)
2020-10-09 18:24:54 INFO  main com.alibaba.druid.pool.DruidDataSource {dataSource-1} inited
2020-10-09 18:24:55 INFO  SpringContextShutdownHook org.springframework.scheduling.concurrent.ThreadPoolTaskExecutor Shutting down ExecutorService 'applicationTaskExecutor'
2020-10-09 18:24:55 INFO  SpringContextShutdownHook com.alibaba.druid.pool.DruidDataSource {dataSource-1} closed
